{"logTime": "0722/035628", "correlationVector":"SGZhCH/Xhns0WyyP7J0RAe.1","action":"SyncServerConnectionManagerRequest", "result":"SYNC_SERVER_OK", "context":{"environment":"Prod_southeastasia_prod-s01-064-apac-southeastasia", "migrationStage":"NotStarted", "server":"akswtt00200000b"}}
{"logTime": "0722/035628", "correlationVector":"SGZhCH/Xhns0WyyP7J0RAe.2","action":"ProcessGetUpdates", "result":"Done", "context":{"dataType":"Encryption Keys", "deleted":"0", "process_failed_to_decrypt":"0", "process_pending_decryption":"0", "process_success":"1", "total":"1"}}
{"logTime": "0722/035630", "correlationVector":"2WsX87clfJEPfRkLA7QxKR","action":"SyncServerConnectionManagerRequest", "result":"SYNC_SERVER_OK", "context":{"environment":"", "migrationStage":"", "server":""}}
{"logTime": "0722/035630", "correlationVector":"2WsX87clfJEPfRkLA7QxKR.0","action":"EncryptionKeysFetcher.DownloadKeys:", "result":"Success", "context":Key count: 3, Last key timestamp: 2026-06-22T11:01:18Z}
{"logTime": "0722/035630", "correlationVector":"2WsX87clfJEPfRkLA7QxKR.1","action":"EncryptionKeysManager::SetEncryptionKeys:", "result":"Success", "context":Key names[3]:[TM+Hg4PDGv+oNfPxWCvkrG1rA24WB1N8dl+Yb2pGKMabM7LSrRoa/CVTNmEOL1LrxJar+7bHomYIUL3mlddMww==][y2aRuXw8yLQcpnyyN46ZiwdAcZGcqS5beBaQOEGDHfWapKHHK+mHfoXBLDmKTAOolo6muDkoDbggiELVdDExTA==][cR72BwmGc7ZtpIFrrorIdMGPTr6kSkm/wLSMI+5mZs65+WpbhgUqdi1DPn2YS7Rjz+BG4fFaTklEAxd8oQcyhg==]}
{"logTime": "0722/035630", "correlationVector":"2WsX87clfJEPfRkLA7QxKR.2","action":"EncryptionKeysManager::SetEncryptionKeysWithTimestamps:", "result":"Success", "context":Key timestamps[3]:[2025-10-03T08:25:23Z][2025-12-09T07:59:08Z][2026-06-22T11:01:18Z]}
{"logTime": "0722/035630", "correlationVector":"SGZhCH/Xhns0WyyP7J0RAe","action":"Initial GetUpdates", "result":"", "context":Reason: NEW_CLIENT. cV=SGZhCH/Xhns0WyyP7J0RAe}
{"logTime": "0722/035630", "correlationVector":"SGZhCH/Xhns0WyyP7J0RAe.3","action":"GetUpdates Response", "result":"Success", "context":Received 1 update(s). cV=SGZhCH/Xhns0WyyP7J0RAe.0;server=akswtt00200000b;cloudType=Consumer;environment=Prod_southeastasia_prod-s01-064-apac-southeastasia;migrationStage=NotStarted}
{"logTime": "0722/035630", "correlationVector":"uKz3pIjADyLjAsKQzOtZ4A","action":"Initial GetUpdates", "result":"", "context":Reason: NEWLY_SUPPORTED_DATATYPE. cV=uKz3pIjADyLjAsKQzOtZ4A}
{"logTime": "0722/035630", "correlationVector":"uKz3pIjADyLjAsKQzOtZ4A.1","action":"SyncServerConnectionManagerRequest", "result":"SYNC_SERVER_OK", "context":{"environment":"Prod_southeastasia_prod-s01-064-apac-southeastasia", "migrationStage":"NotStarted", "server":"akswtt00200000d"}}
{"logTime": "0722/035630", "correlationVector":"uKz3pIjADyLjAsKQzOtZ4A.2","action":"ProcessGetUpdates", "result":"Done", "context":{"dataType":"Passwords", "deleted":"0", "process_failed_to_decrypt":"0", "process_pending_decryption":"0", "process_success":"2", "total":"2"}}
{"logTime": "0722/035630", "correlationVector":"uKz3pIjADyLjAsKQzOtZ4A.3","action":"ProcessGetUpdates", "result":"Done", "context":{"dataType":"Device Info", "deleted":"0", "process_failed_to_decrypt":"0", "process_pending_decryption":"0", "process_success":"16", "total":"16"}}
{"logTime": "0722/035630", "correlationVector":"uKz3pIjADyLjAsKQzOtZ4A.4","action":"GetUpdates Response", "result":"Success", "context":Received 18 update(s). cV=uKz3pIjADyLjAsKQzOtZ4A.0;server=akswtt00200000d;cloudType=Consumer;environment=Prod_southeastasia_prod-s01-064-apac-southeastasia;migrationStage=NotStarted}
{"logTime": "0722/035630", "correlationVector":"2aqey8osWYslPnr/9SXwBe","action":"Initial GetUpdates", "result":"", "context":Reason: NEWLY_SUPPORTED_DATATYPE. cV=2aqey8osWYslPnr/9SXwBe}
{"logTime": "0722/035631", "correlationVector":"2aqey8osWYslPnr/9SXwBe.1","action":"SyncServerConnectionManagerRequest", "result":"SYNC_SERVER_OK", "context":{"environment":"Prod_southeastasia_prod-s01-064-apac-southeastasia", "migrationStage":"NotStarted", "server":"akswtt00200001m"}}
{"logTime": "0722/035631", "correlationVector":"2aqey8osWYslPnr/9SXwBe.2","action":"ProcessGetUpdates", "result":"Done", "context":{"dataType":"Bookmarks", "deleted":"0", "process_failed_to_decrypt":"0", "process_pending_decryption":"0", "process_success":"6", "total":"6"}}
{"logTime": "0722/035631", "correlationVector":"2aqey8osWYslPnr/9SXwBe.3","action":"ProcessGetUpdates", "result":"Done", "context":{"dataType":"Preferences", "deleted":"0", "process_failed_to_decrypt":"0", "process_pending_decryption":"0", "process_success":"42", "total":"42"}}
{"logTime": "0722/035631", "correlationVector":"2aqey8osWYslPnr/9SXwBe.4","action":"ProcessGetUpdates", "result":"Done", "context":{"dataType":"Autofill", "deleted":"0", "process_failed_to_decrypt":"0", "process_pending_decryption":"0", "process_success":"202", "total":"202"}}
{"logTime": "0722/035631", "correlationVector":"2aqey8osWYslPnr/9SXwBe.5","action":"GetUpdates Response", "result":"Success", "context":Received 250 update(s). cV=2aqey8osWYslPnr/9SXwBe.0;server=akswtt00200001m;cloudType=Consumer;environment=Prod_southeastasia_prod-s01-064-apac-southeastasia;migrationStage=NotStarted Some updates remain.}
{"logTime": "0722/035631", "correlationVector":"fotfpDDTa3fjLqr2nu2gTV","action":"Initial GetUpdates", "result":"", "context":Reason: NEWLY_SUPPORTED_DATATYPE. cV=fotfpDDTa3fjLqr2nu2gTV}
{"logTime": "0722/035632", "correlationVector":"fotfpDDTa3fjLqr2nu2gTV.1","action":"SyncServerConnectionManagerRequest", "result":"SYNC_SERVER_OK", "context":{"environment":"Prod_southeastasia_prod-s01-064-apac-southeastasia", "migrationStage":"NotStarted", "server":"akswtt00200000m"}}
{"logTime": "0722/035632", "correlationVector":"fotfpDDTa3fjLqr2nu2gTV.2","action":"ProcessGetUpdates", "result":"Done", "context":{"dataType":"Preferences", "deleted":"0", "process_failed_to_decrypt":"0", "process_pending_decryption":"0", "process_success":"15", "total":"15"}}
{"logTime": "0722/035632", "correlationVector":"fotfpDDTa3fjLqr2nu2gTV.3","action":"ProcessGetUpdates", "result":"Done", "context":{"dataType":"Autofill Profiles", "deleted":"0", "process_failed_to_decrypt":"0", "process_pending_decryption":"0", "process_success":"1", "total":"1"}}
{"logTime": "0722/035632", "correlationVector":"fotfpDDTa3fjLqr2nu2gTV.4","action":"ProcessGetUpdates", "result":"Done", "context":{"dataType":"Autofill", "deleted":"0", "process_failed_to_decrypt":"0", "process_pending_decryption":"0", "process_success":"116", "total":"116"}}
{"logTime": "0722/035632", "correlationVector":"fotfpDDTa3fjLqr2nu2gTV.5","action":"ProcessGetUpdates", "result":"Done", "context":{"dataType":"Sessions", "deleted":"15", "process_failed_to_decrypt":"0", "process_pending_decryption":"0", "process_success":"45", "total":"45"}}
{"logTime": "0722/035632", "correlationVector":"fotfpDDTa3fjLqr2nu2gTV.6","action":"ProcessGetUpdates", "result":"Done", "context":{"dataType":"Edge Hub App Usage", "deleted":"8", "process_failed_to_decrypt":"0", "process_pending_decryption":"0", "process_success":"22", "total":"22"}}
{"logTime": "0722/035632", "correlationVector":"fotfpDDTa3fjLqr2nu2gTV.7","action":"GetUpdates Response", "result":"Success", "context":Received 199 update(s). cV=fotfpDDTa3fjLqr2nu2gTV.0;server=akswtt00200000m;cloudType=Consumer;environment=Prod_southeastasia_prod-s01-064-apac-southeastasia;migrationStage=NotStarted}
{"logTime": "0722/035633", "correlationVector":"0ANa/SWa1bGjWMCF2O42pd","action":"Initial GetUpdates", "result":"", "context":Reason: NEWLY_SUPPORTED_DATATYPE. cV=0ANa/SWa1bGjWMCF2O42pd}
{"logTime": "0722/035634", "correlationVector":"0ANa/SWa1bGjWMCF2O42pd.1","action":"SyncServerConnectionManagerRequest", "result":"SYNC_SERVER_OK", "context":{"environment":"Prod_southeastasia_prod-s01-064-apac-southeastasia", "migrationStage":"NotStarted", "server":"akswtt002000012"}}
{"logTime": "0722/035634", "correlationVector":"0ANa/SWa1bGjWMCF2O42pd.2","action":"ProcessGetUpdates", "result":"Done", "context":{"dataType":"History", "deleted":"0", "process_failed_to_decrypt":"0", "process_pending_decryption":"0", "process_success":"37", "total":"37"}}
{"logTime": "0722/035634", "correlationVector":"0ANa/SWa1bGjWMCF2O42pd.3","action":"GetUpdates Response", "result":"Success", "context":Received 37 update(s). cV=0ANa/SWa1bGjWMCF2O42pd.0;server=akswtt002000012;cloudType=Consumer;environment=Prod_southeastasia_prod-s01-064-apac-southeastasia;migrationStage=NotStarted}
{"logTime": "0722/035634", "correlationVector":"tu2Xw6vc43yoZUT6dMjalK","action":"Normal GetUpdate request", "result":"", "context":cV=tu2Xw6vc43yoZUT6dMjalK
Nudged types: Sessions, Device Info, User Consents
Refresh requested types: Bookmarks, Preferences, Passwords, Autofill Profiles, Autofill, Extensions, Sessions, Extension settings, History Delete Directives, Device Info, User Consents, Send Tab To Self, Web Apps, History, Saved Tab Group, WebAuthn Credentials, Edge E Drop, Edge Hub App Usage, Edge Workspace, Encryption Keys}
{"logTime": "0722/035634", "correlationVector":"tu2Xw6vc43yoZUT6dMjalK.1","action":"SyncServerConnectionManagerRequest", "result":"SYNC_SERVER_OK", "context":{"environment":"Prod_southeastasia_prod-s01-064-apac-southeastasia", "migrationStage":"NotStarted", "server":"akswtt00200001c"}}
{"logTime": "0722/035634", "correlationVector":"tu2Xw6vc43yoZUT6dMjalK.2","action":"GetUpdates Response", "result":"Success", "context":Received 0 update(s). cV=tu2Xw6vc43yoZUT6dMjalK.0;server=akswtt00200001c;cloudType=Consumer;environment=Prod_southeastasia_prod-s01-064-apac-southeastasia;migrationStage=NotStarted}
{"logTime": "0722/035635", "correlationVector":"IeAlgBII31SK1U5JbAbPSs","action":"DoCompareDataConsistency requsted types: ", "result":"Bookmarks, Preferences, Passwords, Extensions, Extension settings, History Delete Directives, Send Tab To Self, Web Apps, History, Saved Tab Group, WebAuthn Credentials, Edge E Drop, Edge Workspace, Encryption Keys"}
{"logTime": "0722/035635", "correlationVector":"IeAlgBII31SK1U5JbAbPSs.0","action":"CompareDataConsistency result: ", "result":"Compare result: Encryption Keys is consistent. local entities count is: 1 local entities hash is: VXDOKZJGqACCopgHLDsAkAU9Z00="}
{"logTime": "0722/035635", "correlationVector":"IeAlgBII31SK1U5JbAbPSs.1","action":"CompareDataConsistency result: ", "result":"Compare result: Bookmarks is consistent. local entities count is: 0 local entities hash is: "}
{"logTime": "0722/035635", "correlationVector":"IeAlgBII31SK1U5JbAbPSs.2","action":"CompareDataConsistency result: ", "result":"Compare result: Preferences is consistent. local entities count is: 57 local entities hash is: Z0YFkw5XLi9M1tKE4cd2khtiyN4="}
{"logTime": "0722/035635", "correlationVector":"IeAlgBII31SK1U5JbAbPSs.3","action":"CompareDataConsistency result: ", "result":"Compare result: Extensions is consistent. local entities count is: 0 local entities hash is: "}
{"logTime": "0722/035635", "correlationVector":"IeAlgBII31SK1U5JbAbPSs.4","action":"CompareDataConsistency result: ", "result":"Compare result: Extension settings is consistent. local entities count is: 0 local entities hash is: "}
{"logTime": "0722/035635", "correlationVector":"IeAlgBII31SK1U5JbAbPSs.5","action":"CompareDataConsistency result: ", "result":"Compare result: History Delete Directives is consistent. local entities count is: 0 local entities hash is: "}
{"logTime": "0722/035635", "correlationVector":"IeAlgBII31SK1U5JbAbPSs.6","action":"CompareDataConsistency result: ", "result":"Server did not send this Send Tab To Self local entities count is: 0 local entities hash is: "}
{"logTime": "0722/035635", "correlationVector":"IeAlgBII31SK1U5JbAbPSs.7","action":"CompareDataConsistency result: ", "result":"Compare result: Web Apps is consistent. local entities count is: 0 local entities hash is: "}
{"logTime": "0722/035635", "correlationVector":"IeAlgBII31SK1U5JbAbPSs.8","action":"CompareDataConsistency result: ", "result":"Server did not send this History local entities count is: 0 local entities hash is: "}
{"logTime": "0722/035635", "correlationVector":"IeAlgBII31SK1U5JbAbPSs.9","action":"CompareDataConsistency result: ", "result":"Compare result: Saved Tab Group is consistent. local entities count is: 0 local entities hash is: "}
{"logTime": "0722/035635", "correlationVector":"IeAlgBII31SK1U5JbAbPSs.10","action":"CompareDataConsistency result: ", "result":"Server did not send this WebAuthn Credentials local entities count is: 0 local entities hash is: "}
{"logTime": "0722/035635", "correlationVector":"IeAlgBII31SK1U5JbAbPSs.11","action":"CompareDataConsistency result: ", "result":"Compare result: Edge E Drop is consistent. local entities count is: 0 local entities hash is: "}
{"logTime": "0722/035635", "correlationVector":"IeAlgBII31SK1U5JbAbPSs.12","action":"CompareDataConsistency result: ", "result":"Server did not send this Edge Workspace local entities count is: 0 local entities hash is: "}
{"logTime": "0722/035635", "correlationVector":"IeAlgBII31SK1U5JbAbPSs.13","action":"CompareDataConsistency result: ", "result":"Compare result: Passwords is consistent. local entities count is: 2 local entities hash is: WFyyydR2AxRAUkH2JFEEYHLpmJA="}
{"logTime": "0722/035635", "correlationVector":"A2rdJN5EMKoaffoYTDTMW3","action":"Commit Request", "result":"", "context":Item count: 4
Contributing types: Sessions, Device Info, User Consents}
{"logTime": "0722/035636", "correlationVector":"A2rdJN5EMKoaffoYTDTMW3.1","action":"SyncServerConnectionManagerRequest", "result":"SYNC_SERVER_OK", "context":{"environment":"Prod_southeastasia_prod-s01-064-apac-southeastasia", "migrationStage":"NotStarted", "server":"akswtt00200000i"}}
{"logTime": "0722/035636", "correlationVector":"A2rdJN5EMKoaffoYTDTMW3.2","action":"Commit Response", "result":"Success", "context":Result: Success. cV=A2rdJN5EMKoaffoYTDTMW3.0;server=akswtt00200000i;cloudType=Consumer;environment=Prod_southeastasia_prod-s01-064-apac-southeastasia;migrationStage=NotStarted}
{"logTime": "0722/035636", "correlationVector":"","action":"DIAGNOSTIC_REQUEST|v1/diagnosticData/Diagnostic.SendCheckResult()|SUCCESS", "result":""}
{"logTime": "0722/035645", "correlationVector":"wHrGv5Z/MbfjNPs2LsvNt3","action":"Commit Request", "result":"", "context":Item count: 1
Contributing types: Edge Hub App Usage}
{"logTime": "0722/035645", "correlationVector":"wHrGv5Z/MbfjNPs2LsvNt3.1","action":"SyncServerConnectionManagerRequest", "result":"SYNC_SERVER_OK", "context":{"environment":"Prod_southeastasia_prod-s01-065-apac-southeastasia", "migrationStage":"NotStarted", "server":"akswtt00200000c"}}
{"logTime": "0722/035645", "correlationVector":"wHrGv5Z/MbfjNPs2LsvNt3.2","action":"Commit Response", "result":"Success", "context":Result: Success. cV=wHrGv5Z/MbfjNPs2LsvNt3.0;server=akswtt00200000c;cloudType=Consumer;environment=Prod_southeastasia_prod-s01-065-apac-southeastasia;migrationStage=NotStarted}
{"logTime": "0722/035724", "correlationVector":"DRiDpVrqry+DBdUCevAfS7","action":"Commit Request", "result":"", "context":Item count: 4
Contributing types: Passwords, Sessions, History}
{"logTime": "0722/035724", "correlationVector":"DRiDpVrqry+DBdUCevAfS7.1","action":"SyncServerConnectionManagerRequest", "result":"SYNC_SERVER_OK", "context":{"environment":"Prod_southeastasia_prod-s01-064-apac-southeastasia", "migrationStage":"NotStarted", "server":"akswtt002000015"}}
{"logTime": "0722/035724", "correlationVector":"DRiDpVrqry+DBdUCevAfS7.2","action":"Commit Response", "result":"Success", "context":Result: Success. cV=DRiDpVrqry+DBdUCevAfS7.0;server=akswtt002000015;cloudType=Consumer;environment=Prod_southeastasia_prod-s01-064-apac-southeastasia;migrationStage=NotStarted}
{"logTime": "0722/040330", "correlationVector":"M41EMDQxl26qrTPOLDXx/Z","action":"Commit Request", "result":"", "context":Item count: 3
Contributing types: Sessions, History}
{"logTime": "0722/040331", "correlationVector":"M41EMDQxl26qrTPOLDXx/Z.1","action":"SyncServerConnectionManagerRequest", "result":"SYNC_SERVER_OK", "context":{"environment":"Prod_southeastasia_prod-s01-065-apac-southeastasia", "migrationStage":"NotStarted", "server":"akswtt002000005"}}
{"logTime": "0722/040331", "correlationVector":"M41EMDQxl26qrTPOLDXx/Z.2","action":"Commit Response", "result":"Success", "context":Result: Success. cV=M41EMDQxl26qrTPOLDXx/Z.0;server=akswtt002000005;cloudType=Consumer;environment=Prod_southeastasia_prod-s01-065-apac-southeastasia;migrationStage=NotStarted}
