2026-07-22 03:03:04.932: [INFO] VisibilityChanged: 0
2026-07-22 03:03:04.951: [INFO] RecordSyncInitDuration has_sync_been_enabled: 0 state: 0
2026-07-22 03:03:04.953: [INFO] RecordSyncInitDuration has_sync_been_enabled: 0 state: 0
2026-07-22 03:03:04.954: [INFO] RecordSyncInitDuration has_sync_been_enabled: 0 state: 0
2026-07-22 03:03:04.955: [INFO] RecordSyncInitDuration has_sync_been_enabled: 0 state: 0
2026-07-22 03:03:04.956: [INFO] RecordSyncInitDuration has_sync_been_enabled: 0 state: 0
2026-07-22 03:03:04.957: [INFO] RecordSyncInitDuration has_sync_been_enabled: 0 state: 0
2026-07-22 03:03:04.958: [INFO] RecordSyncInitDuration has_sync_been_enabled: 0 state: 0
2026-07-22 03:03:04.959: [INFO] RecordSyncInitDuration has_sync_been_enabled: 0 state: 0
2026-07-22 03:03:04.960: [INFO] RecordSyncInitDuration has_sync_been_enabled: 0 state: 0
2026-07-22 03:03:04.961: [INFO] RecordSyncInitDuration has_sync_been_enabled: 0 state: 0
2026-07-22 03:03:04.982: [INFO] BookmarkModelLoaded, ids_reassigned: 0
2026-07-22 03:03:04.982: [INFO] OnDoneLoading sync enabled: 0
2026-07-22 03:03:07.798: [INFO] RecordSyncInitDuration has_sync_been_enabled: 0 state: 0
2026-07-22 03:03:07.800: [INFO] RecordSyncInitDuration has_sync_been_enabled: 0 state: 3
2026-07-22 03:03:07.803: [INFO] Primary account changed.
2026-07-22 03:03:07.803: [INFO] OnPrimaryAccountChanged PrimaryAccountChangeEvent::Type::kSet
2026-07-22 03:03:07.808: [INFO] RecordSyncInitDuration has_sync_been_enabled: 0 state: 3
2026-07-22 03:03:07.819: [INFO] RecordSyncInitDuration has_sync_been_enabled: 0 state: 3
2026-07-22 03:03:14.392: [INFO] Sync initialization duration: 6496ms
