{"logTime": "0722/032617", "correlationVector":"VpjQd2o51LbG1vfHmLeHLj.1","action":"SyncServerConnectionManagerRequest", "result":"SYNC_SERVER_OK", "context":{"environment":"Prod_southeastasia_prod-s01-064-apac-southeastasia", "migrationStage":"NotStarted", "server":"akswtt00200001n"}}
{"logTime": "0722/032617", "correlationVector":"VpjQd2o51LbG1vfHmLeHLj.2","action":"ProcessGetUpdates", "result":"Done", "context":{"dataType":"Encryption Keys", "deleted":"0", "process_failed_to_decrypt":"0", "process_pending_decryption":"0", "process_success":"1", "total":"1"}}
{"logTime": "0722/032619", "correlationVector":"FMQ4v1ykegtE1FnDKU03Wj","action":"SyncServerConnectionManagerRequest", "result":"SYNC_SERVER_OK", "context":{"environment":"", "migrationStage":"", "server":""}}
{"logTime": "0722/032619", "correlationVector":"FMQ4v1ykegtE1FnDKU03Wj.0","action":"EncryptionKeysFetcher.DownloadKeys:", "result":"Success", "context":Key count: 3, Last key timestamp: 2026-06-22T11:01:18Z}
{"logTime": "0722/032619", "correlationVector":"FMQ4v1ykegtE1FnDKU03Wj.1","action":"EncryptionKeysManager::SetEncryptionKeys:", "result":"Success", "context":Key names[3]:[TM+Hg4PDGv+oNfPxWCvkrG1rA24WB1N8dl+Yb2pGKMabM7LSrRoa/CVTNmEOL1LrxJar+7bHomYIUL3mlddMww==][y2aRuXw8yLQcpnyyN46ZiwdAcZGcqS5beBaQOEGDHfWapKHHK+mHfoXBLDmKTAOolo6muDkoDbggiELVdDExTA==][cR72BwmGc7ZtpIFrrorIdMGPTr6kSkm/wLSMI+5mZs65+WpbhgUqdi1DPn2YS7Rjz+BG4fFaTklEAxd8oQcyhg==]}
{"logTime": "0722/032619", "correlationVector":"FMQ4v1ykegtE1FnDKU03Wj.2","action":"EncryptionKeysManager::SetEncryptionKeysWithTimestamps:", "result":"Success", "context":Key timestamps[3]:[2025-10-03T08:25:23Z][2025-12-09T07:59:08Z][2026-06-22T11:01:18Z]}
{"logTime": "0722/032619", "correlationVector":"VpjQd2o51LbG1vfHmLeHLj","action":"Initial GetUpdates", "result":"", "context":Reason: NEW_CLIENT. cV=VpjQd2o51LbG1vfHmLeHLj}
{"logTime": "0722/032619", "correlationVector":"VpjQd2o51LbG1vfHmLeHLj.3","action":"GetUpdates Response", "result":"Success", "context":Received 1 update(s). cV=VpjQd2o51LbG1vfHmLeHLj.0;server=akswtt00200001n;cloudType=Consumer;environment=Prod_southeastasia_prod-s01-064-apac-southeastasia;migrationStage=NotStarted}
{"logTime": "0722/032621", "correlationVector":"K1sVDgpX8UGPHDiod/OApX","action":"Initial GetUpdates", "result":"", "context":Reason: NEWLY_SUPPORTED_DATATYPE. cV=K1sVDgpX8UGPHDiod/OApX}
{"logTime": "0722/032621", "correlationVector":"K1sVDgpX8UGPHDiod/OApX.1","action":"SyncServerConnectionManagerRequest", "result":"SYNC_SERVER_OK", "context":{"environment":"Prod_southeastasia_prod-s01-064-apac-southeastasia", "migrationStage":"NotStarted", "server":"akswtt00200001d"}}
{"logTime": "0722/032621", "correlationVector":"K1sVDgpX8UGPHDiod/OApX.2","action":"ProcessGetUpdates", "result":"Done", "context":{"dataType":"Passwords", "deleted":"0", "process_failed_to_decrypt":"0", "process_pending_decryption":"0", "process_success":"2", "total":"2"}}
{"logTime": "0722/032621", "correlationVector":"K1sVDgpX8UGPHDiod/OApX.3","action":"ProcessGetUpdates", "result":"Done", "context":{"dataType":"Device Info", "deleted":"0", "process_failed_to_decrypt":"0", "process_pending_decryption":"0", "process_success":"14", "total":"14"}}
{"logTime": "0722/032621", "correlationVector":"K1sVDgpX8UGPHDiod/OApX.4","action":"GetUpdates Response", "result":"Success", "context":Received 16 update(s). cV=K1sVDgpX8UGPHDiod/OApX.0;server=akswtt00200001d;cloudType=Consumer;environment=Prod_southeastasia_prod-s01-064-apac-southeastasia;migrationStage=NotStarted}
{"logTime": "0722/032621", "correlationVector":"9MoJwTph+ZOZtohCMNkPTn","action":"Initial GetUpdates", "result":"", "context":Reason: NEWLY_SUPPORTED_DATATYPE. cV=9MoJwTph+ZOZtohCMNkPTn}
{"logTime": "0722/032622", "correlationVector":"9MoJwTph+ZOZtohCMNkPTn.1","action":"SyncServerConnectionManagerRequest", "result":"SYNC_SERVER_OK", "context":{"environment":"Prod_southeastasia_prod-s01-064-apac-southeastasia", "migrationStage":"NotStarted", "server":"akswtt00200001h"}}
{"logTime": "0722/032622", "correlationVector":"9MoJwTph+ZOZtohCMNkPTn.2","action":"ProcessGetUpdates", "result":"Done", "context":{"dataType":"Bookmarks", "deleted":"0", "process_failed_to_decrypt":"0", "process_pending_decryption":"0", "process_success":"6", "total":"6"}}
{"logTime": "0722/032622", "correlationVector":"9MoJwTph+ZOZtohCMNkPTn.3","action":"ProcessGetUpdates", "result":"Done", "context":{"dataType":"Preferences", "deleted":"0", "process_failed_to_decrypt":"0", "process_pending_decryption":"0", "process_success":"42", "total":"42"}}
{"logTime": "0722/032622", "correlationVector":"9MoJwTph+ZOZtohCMNkPTn.4","action":"ProcessGetUpdates", "result":"Done", "context":{"dataType":"Autofill", "deleted":"0", "process_failed_to_decrypt":"0", "process_pending_decryption":"0", "process_success":"202", "total":"202"}}
{"logTime": "0722/032622", "correlationVector":"9MoJwTph+ZOZtohCMNkPTn.5","action":"GetUpdates Response", "result":"Success", "context":Received 250 update(s). cV=9MoJwTph+ZOZtohCMNkPTn.0;server=akswtt00200001h;cloudType=Consumer;environment=Prod_southeastasia_prod-s01-064-apac-southeastasia;migrationStage=NotStarted Some updates remain.}
{"logTime": "0722/032622", "correlationVector":"Iq8dDbDKsXyIcl726HJoZy","action":"Initial GetUpdates", "result":"", "context":Reason: NEWLY_SUPPORTED_DATATYPE. cV=Iq8dDbDKsXyIcl726HJoZy}
{"logTime": "0722/032623", "correlationVector":"Iq8dDbDKsXyIcl726HJoZy.1","action":"SyncServerConnectionManagerRequest", "result":"SYNC_SERVER_OK", "context":{"environment":"Prod_southeastasia_prod-s01-064-apac-southeastasia", "migrationStage":"NotStarted", "server":"akswtt00200000j"}}
{"logTime": "0722/032623", "correlationVector":"Iq8dDbDKsXyIcl726HJoZy.2","action":"ProcessGetUpdates", "result":"Done", "context":{"dataType":"Preferences", "deleted":"0", "process_failed_to_decrypt":"0", "process_pending_decryption":"0", "process_success":"15", "total":"15"}}
{"logTime": "0722/032623", "correlationVector":"Iq8dDbDKsXyIcl726HJoZy.3","action":"ProcessGetUpdates", "result":"Done", "context":{"dataType":"Autofill Profiles", "deleted":"0", "process_failed_to_decrypt":"0", "process_pending_decryption":"0", "process_success":"1", "total":"1"}}
{"logTime": "0722/032623", "correlationVector":"Iq8dDbDKsXyIcl726HJoZy.4","action":"ProcessGetUpdates", "result":"Done", "context":{"dataType":"Autofill", "deleted":"0", "process_failed_to_decrypt":"0", "process_pending_decryption":"0", "process_success":"116", "total":"116"}}
{"logTime": "0722/032623", "correlationVector":"Iq8dDbDKsXyIcl726HJoZy.5","action":"ProcessGetUpdates", "result":"Done", "context":{"dataType":"Sessions", "deleted":"15", "process_failed_to_decrypt":"0", "process_pending_decryption":"0", "process_success":"41", "total":"41"}}
{"logTime": "0722/032623", "correlationVector":"Iq8dDbDKsXyIcl726HJoZy.6","action":"ProcessGetUpdates", "result":"Done", "context":{"dataType":"Edge Hub App Usage", "deleted":"8", "process_failed_to_decrypt":"0", "process_pending_decryption":"0", "process_success":"20", "total":"20"}}
{"logTime": "0722/032623", "correlationVector":"Iq8dDbDKsXyIcl726HJoZy.7","action":"GetUpdates Response", "result":"Success", "context":Received 193 update(s). cV=Iq8dDbDKsXyIcl726HJoZy.0;server=akswtt00200000j;cloudType=Consumer;environment=Prod_southeastasia_prod-s01-064-apac-southeastasia;migrationStage=NotStarted}
{"logTime": "0722/032624", "correlationVector":"s08IStntadnO0flWmUL9dK","action":"Initial GetUpdates", "result":"", "context":Reason: NEWLY_SUPPORTED_DATATYPE. cV=s08IStntadnO0flWmUL9dK}
{"logTime": "0722/032624", "correlationVector":"s08IStntadnO0flWmUL9dK.1","action":"SyncServerConnectionManagerRequest", "result":"SYNC_SERVER_OK", "context":{"environment":"Prod_southeastasia_prod-s01-064-apac-southeastasia", "migrationStage":"NotStarted", "server":"akswtt00200001p"}}
{"logTime": "0722/032624", "correlationVector":"s08IStntadnO0flWmUL9dK.2","action":"ProcessGetUpdates", "result":"Done", "context":{"dataType":"History", "deleted":"0", "process_failed_to_decrypt":"0", "process_pending_decryption":"0", "process_success":"29", "total":"29"}}
{"logTime": "0722/032624", "correlationVector":"s08IStntadnO0flWmUL9dK.3","action":"GetUpdates Response", "result":"Success", "context":Received 29 update(s). cV=s08IStntadnO0flWmUL9dK.0;server=akswtt00200001p;cloudType=Consumer;environment=Prod_southeastasia_prod-s01-064-apac-southeastasia;migrationStage=NotStarted}
{"logTime": "0722/032624", "correlationVector":"B/nFp7GPLBzQ7xXE1tGvYL","action":"Normal GetUpdate request", "result":"", "context":cV=B/nFp7GPLBzQ7xXE1tGvYL
Nudged types: Sessions, Device Info, User Consents
Refresh requested types: Bookmarks, Preferences, Passwords, Autofill Profiles, Autofill, Extensions, Sessions, Extension settings, History Delete Directives, Device Info, User Consents, Send Tab To Self, Web Apps, History, Saved Tab Group, WebAuthn Credentials, Edge E Drop, Edge Hub App Usage, Edge Workspace, Encryption Keys}
{"logTime": "0722/032625", "correlationVector":"B/nFp7GPLBzQ7xXE1tGvYL.1","action":"SyncServerConnectionManagerRequest", "result":"SYNC_SERVER_OK", "context":{"environment":"Prod_southeastasia_prod-s01-064-apac-southeastasia", "migrationStage":"NotStarted", "server":"akswtt00200000n"}}
{"logTime": "0722/032625", "correlationVector":"B/nFp7GPLBzQ7xXE1tGvYL.2","action":"GetUpdates Response", "result":"Success", "context":Received 0 update(s). cV=B/nFp7GPLBzQ7xXE1tGvYL.0;server=akswtt00200000n;cloudType=Consumer;environment=Prod_southeastasia_prod-s01-064-apac-southeastasia;migrationStage=NotStarted}
{"logTime": "0722/032625", "correlationVector":"ILeRcIBPhq43M0CDJ2M6vL","action":"DoCompareDataConsistency requsted types: ", "result":"Bookmarks, Preferences, Passwords, Extensions, Extension settings, History Delete Directives, Send Tab To Self, Web Apps, History, Saved Tab Group, WebAuthn Credentials, Edge E Drop, Edge Workspace, Encryption Keys"}
{"logTime": "0722/032625", "correlationVector":"ILeRcIBPhq43M0CDJ2M6vL.0","action":"CompareDataConsistency result: ", "result":"Compare result: Encryption Keys is consistent. local entities count is: 1 local entities hash is: VXDOKZJGqACCopgHLDsAkAU9Z00="}
{"logTime": "0722/032625", "correlationVector":"ILeRcIBPhq43M0CDJ2M6vL.1","action":"CompareDataConsistency result: ", "result":"Compare result: Bookmarks is consistent. local entities count is: 0 local entities hash is: "}
{"logTime": "0722/032625", "correlationVector":"ILeRcIBPhq43M0CDJ2M6vL.2","action":"CompareDataConsistency result: ", "result":"Compare result: Preferences is consistent. local entities count is: 57 local entities hash is: Z0YFkw5XLi9M1tKE4cd2khtiyN4="}
{"logTime": "0722/032625", "correlationVector":"ILeRcIBPhq43M0CDJ2M6vL.3","action":"CompareDataConsistency result: ", "result":"Compare result: Passwords is consistent. local entities count is: 2 local entities hash is: qDKpgugMMrj78KlgX9nCR5ng9ZU="}
{"logTime": "0722/032625", "correlationVector":"ILeRcIBPhq43M0CDJ2M6vL.4","action":"CompareDataConsistency result: ", "result":"Compare result: Extensions is consistent. local entities count is: 0 local entities hash is: "}
{"logTime": "0722/032625", "correlationVector":"ILeRcIBPhq43M0CDJ2M6vL.5","action":"CompareDataConsistency result: ", "result":"Compare result: Extension settings is consistent. local entities count is: 0 local entities hash is: "}
{"logTime": "0722/032625", "correlationVector":"ILeRcIBPhq43M0CDJ2M6vL.6","action":"CompareDataConsistency result: ", "result":"Compare result: History Delete Directives is consistent. local entities count is: 0 local entities hash is: "}
{"logTime": "0722/032625", "correlationVector":"ILeRcIBPhq43M0CDJ2M6vL.7","action":"CompareDataConsistency result: ", "result":"Server did not send this Send Tab To Self local entities count is: 0 local entities hash is: "}
{"logTime": "0722/032625", "correlationVector":"ILeRcIBPhq43M0CDJ2M6vL.8","action":"CompareDataConsistency result: ", "result":"Compare result: Web Apps is consistent. local entities count is: 0 local entities hash is: "}
{"logTime": "0722/032625", "correlationVector":"ILeRcIBPhq43M0CDJ2M6vL.9","action":"CompareDataConsistency result: ", "result":"Server did not send this History local entities count is: 0 local entities hash is: "}
{"logTime": "0722/032625", "correlationVector":"ILeRcIBPhq43M0CDJ2M6vL.10","action":"CompareDataConsistency result: ", "result":"Compare result: Saved Tab Group is consistent. local entities count is: 0 local entities hash is: "}
{"logTime": "0722/032625", "correlationVector":"ILeRcIBPhq43M0CDJ2M6vL.11","action":"CompareDataConsistency result: ", "result":"Server did not send this WebAuthn Credentials local entities count is: 0 local entities hash is: "}
{"logTime": "0722/032625", "correlationVector":"ILeRcIBPhq43M0CDJ2M6vL.12","action":"CompareDataConsistency result: ", "result":"Compare result: Edge E Drop is consistent. local entities count is: 0 local entities hash is: "}
{"logTime": "0722/032625", "correlationVector":"ILeRcIBPhq43M0CDJ2M6vL.13","action":"CompareDataConsistency result: ", "result":"Server did not send this Edge Workspace local entities count is: 0 local entities hash is: "}
{"logTime": "0722/032626", "correlationVector":"1+hnx+z9CDHY1wfghtq9u6","action":"Commit Request", "result":"", "context":Item count: 5
Contributing types: Sessions, Device Info, User Consents, History}
{"logTime": "0722/032627", "correlationVector":"1+hnx+z9CDHY1wfghtq9u6.1","action":"SyncServerConnectionManagerRequest", "result":"SYNC_SERVER_OK", "context":{"environment":"Prod_southeastasia_prod-s01-064-apac-southeastasia", "migrationStage":"NotStarted", "server":"akswtt00200001t"}}
{"logTime": "0722/032627", "correlationVector":"1+hnx+z9CDHY1wfghtq9u6.2","action":"Commit Response", "result":"Success", "context":Result: Success. cV=1+hnx+z9CDHY1wfghtq9u6.0;server=akswtt00200001t;cloudType=Consumer;environment=Prod_southeastasia_prod-s01-064-apac-southeastasia;migrationStage=NotStarted}
{"logTime": "0722/032627", "correlationVector":"","action":"DIAGNOSTIC_REQUEST|v1/diagnosticData/Diagnostic.SendCheckResult()|SUCCESS", "result":""}
{"logTime": "0722/032636", "correlationVector":"AMZKZEBAYe7y+IA3B31GXY","action":"Commit Request", "result":"", "context":Item count: 1
Contributing types: Edge Hub App Usage}
{"logTime": "0722/032637", "correlationVector":"AMZKZEBAYe7y+IA3B31GXY.1","action":"SyncServerConnectionManagerRequest", "result":"SYNC_SERVER_OK", "context":{"environment":"Prod_southeastasia_prod-s01-064-apac-southeastasia", "migrationStage":"NotStarted", "server":"akswtt002000003"}}
{"logTime": "0722/032637", "correlationVector":"AMZKZEBAYe7y+IA3B31GXY.2","action":"Commit Response", "result":"Success", "context":Result: Success. cV=AMZKZEBAYe7y+IA3B31GXY.0;server=akswtt002000003;cloudType=Consumer;environment=Prod_southeastasia_prod-s01-064-apac-southeastasia;migrationStage=NotStarted}
{"logTime": "0722/032715", "correlationVector":"6lwwTE5w/F7tsRrDcKls1R","action":"Commit Request", "result":"", "context":Item count: 4
Contributing types: Passwords, Sessions, History}
{"logTime": "0722/032716", "correlationVector":"6lwwTE5w/F7tsRrDcKls1R.1","action":"SyncServerConnectionManagerRequest", "result":"SYNC_SERVER_OK", "context":{"environment":"Prod_southeastasia_prod-s01-065-apac-southeastasia", "migrationStage":"NotStarted", "server":"akswtt00200001f"}}
{"logTime": "0722/032716", "correlationVector":"6lwwTE5w/F7tsRrDcKls1R.2","action":"Commit Response", "result":"Success", "context":Result: Success. cV=6lwwTE5w/F7tsRrDcKls1R.0;server=akswtt00200001f;cloudType=Consumer;environment=Prod_southeastasia_prod-s01-065-apac-southeastasia;migrationStage=NotStarted}
{"logTime": "0722/033103", "correlationVector":"mRQ9+Fdir1VImjGGt14ItO","action":"Commit Request", "result":"", "context":Item count: 3
Contributing types: Sessions, History}
{"logTime": "0722/033103", "correlationVector":"mRQ9+Fdir1VImjGGt14ItO.1","action":"SyncServerConnectionManagerRequest", "result":"SYNC_SERVER_OK", "context":{"environment":"Prod_southeastasia_prod-s01-064-apac-southeastasia", "migrationStage":"NotStarted", "server":"akswtt00200000y"}}
{"logTime": "0722/033103", "correlationVector":"mRQ9+Fdir1VImjGGt14ItO.2","action":"Commit Response", "result":"Success", "context":Result: Success. cV=mRQ9+Fdir1VImjGGt14ItO.0;server=akswtt00200000y;cloudType=Consumer;environment=Prod_southeastasia_prod-s01-064-apac-southeastasia;migrationStage=NotStarted}
{"logTime": "0722/033321", "correlationVector":"p2chm+nWh16ALfPrHiBX2C","action":"Commit Request", "result":"", "context":Item count: 5
Contributing types: Sessions, History}
{"logTime": "0722/033322", "correlationVector":"p2chm+nWh16ALfPrHiBX2C.1","action":"SyncServerConnectionManagerRequest", "result":"SYNC_SERVER_OK", "context":{"environment":"Prod_southeastasia_prod-s01-064-apac-southeastasia", "migrationStage":"NotStarted", "server":"akswtt00200001e"}}
{"logTime": "0722/033322", "correlationVector":"p2chm+nWh16ALfPrHiBX2C.2","action":"Commit Response", "result":"Success", "context":Result: Success. cV=p2chm+nWh16ALfPrHiBX2C.0;server=akswtt00200001e;cloudType=Consumer;environment=Prod_southeastasia_prod-s01-064-apac-southeastasia;migrationStage=NotStarted}
