{"logTime": "0722/042419", "correlationVector":"BZYQdcRLCU3P2v2hwIXhCX.1","action":"SyncServerConnectionManagerRequest", "result":"SYNC_SERVER_OK", "context":{"environment":"Prod_southeastasia_prod-s01-064-apac-southeastasia", "migrationStage":"NotStarted", "server":"akswtt00200000h"}}
{"logTime": "0722/042419", "correlationVector":"BZYQdcRLCU3P2v2hwIXhCX.2","action":"ProcessGetUpdates", "result":"Done", "context":{"dataType":"Encryption Keys", "deleted":"0", "process_failed_to_decrypt":"0", "process_pending_decryption":"0", "process_success":"1", "total":"1"}}
{"logTime": "0722/042420", "correlationVector":"HvbfZqzykHJNmQ2labsGMJ","action":"SyncServerConnectionManagerRequest", "result":"SYNC_SERVER_ERROR", "context":{"environment":"", "error_type":"http_status_code", "error_value":"400", "migrationStage":"", "server":""}}
{"logTime": "0722/042420", "correlationVector":"BZYQdcRLCU3P2v2hwIXhCX","action":"Initial GetUpdates", "result":"", "context":Reason: NEW_CLIENT. cV=BZYQdcRLCU3P2v2hwIXhCX}
{"logTime": "0722/042420", "correlationVector":"BZYQdcRLCU3P2v2hwIXhCX.3","action":"GetUpdates Response", "result":"Success", "context":Received 1 update(s). cV=BZYQdcRLCU3P2v2hwIXhCX.0;server=akswtt00200000h;cloudType=Consumer;environment=Prod_southeastasia_prod-s01-064-apac-southeastasia;migrationStage=NotStarted}
{"logTime": "0722/042421", "correlationVector":"3DAS5YgId0KcG813RvsI1m","action":"Initial GetUpdates", "result":"", "context":Reason: NEW_CLIENT. cV=3DAS5YgId0KcG813RvsI1m}
{"logTime": "0722/042421", "correlationVector":"3DAS5YgId0KcG813RvsI1m.1","action":"SyncServerConnectionManagerRequest", "result":"SYNC_SERVER_OK", "context":{"environment":"Prod_southeastasia_prod-s01-064-apac-southeastasia", "migrationStage":"NotStarted", "server":"akswtt00200001n"}}
{"logTime": "0722/042421", "correlationVector":"3DAS5YgId0KcG813RvsI1m.2","action":"ProcessGetUpdates", "result":"Done", "context":{"dataType":"Device Info", "deleted":"0", "process_failed_to_decrypt":"0", "process_pending_decryption":"0", "process_success":"18", "total":"18"}}
{"logTime": "0722/042421", "correlationVector":"3DAS5YgId0KcG813RvsI1m.3","action":"GetUpdates Response", "result":"Success", "context":Received 18 update(s). cV=3DAS5YgId0KcG813RvsI1m.0;server=akswtt00200001n;cloudType=Consumer;environment=Prod_southeastasia_prod-s01-064-apac-southeastasia;migrationStage=NotStarted}
{"logTime": "0722/042422", "correlationVector":"mPmq0N1DXfDessT7JWfemV","action":"SyncServerConnectionManagerRequest", "result":"SYNC_SERVER_ERROR", "context":{"environment":"", "error_type":"http_status_code", "error_value":"400", "migrationStage":"", "server":""}}
{"logTime": "0722/042422", "correlationVector":"Qdy1bUuc/mGSCHm//UT3Nj","action":"Initial GetUpdates", "result":"", "context":Reason: NEW_CLIENT. cV=Qdy1bUuc/mGSCHm//UT3Nj}
{"logTime": "0722/042423", "correlationVector":"Qdy1bUuc/mGSCHm//UT3Nj.1","action":"SyncServerConnectionManagerRequest", "result":"SYNC_SERVER_OK", "context":{"environment":"Prod_southeastasia_prod-s01-064-apac-southeastasia", "migrationStage":"NotStarted", "server":"akswtt002000008"}}
{"logTime": "0722/042423", "correlationVector":"Qdy1bUuc/mGSCHm//UT3Nj.2","action":"ProcessGetUpdates", "result":"Done", "context":{"dataType":"Bookmarks", "deleted":"0", "process_failed_to_decrypt":"0", "process_pending_decryption":"0", "process_success":"6", "total":"6"}}
{"logTime": "0722/042423", "correlationVector":"Qdy1bUuc/mGSCHm//UT3Nj.3","action":"ProcessGetUpdates", "result":"Done", "context":{"dataType":"Preferences", "deleted":"0", "process_failed_to_decrypt":"0", "process_pending_decryption":"0", "process_success":"57", "total":"57"}}
{"logTime": "0722/042423", "correlationVector":"Qdy1bUuc/mGSCHm//UT3Nj.4","action":"ProcessGetUpdates", "result":"Done", "context":{"dataType":"Sessions", "deleted":"0", "process_failed_to_decrypt":"0", "process_pending_decryption":"0", "process_success":"34", "total":"34"}}
{"logTime": "0722/042423", "correlationVector":"Qdy1bUuc/mGSCHm//UT3Nj.5","action":"ProcessGetUpdates", "result":"Done", "context":{"dataType":"Edge Hub App Usage", "deleted":"0", "process_failed_to_decrypt":"0", "process_pending_decryption":"0", "process_success":"16", "total":"16"}}
{"logTime": "0722/042423", "correlationVector":"Qdy1bUuc/mGSCHm//UT3Nj.6","action":"GetUpdates Response", "result":"Success", "context":Received 113 update(s). cV=Qdy1bUuc/mGSCHm//UT3Nj.0;server=akswtt002000008;cloudType=Consumer;environment=Prod_southeastasia_prod-s01-064-apac-southeastasia;migrationStage=NotStarted}
{"logTime": "0722/042424", "correlationVector":"ixER7Qf/odZzh8+fjsHKBl","action":"SyncServerConnectionManagerRequest", "result":"SYNC_SERVER_OK", "context":{"environment":"", "migrationStage":"", "server":""}}
{"logTime": "0722/042424", "correlationVector":"ixER7Qf/odZzh8+fjsHKBl.0","action":"EncryptionKeysFetcher.DownloadKeys:", "result":"Success", "context":Key count: 3, Last key timestamp: 2026-06-22T11:01:18Z}
{"logTime": "0722/042424", "correlationVector":"ixER7Qf/odZzh8+fjsHKBl.1","action":"EncryptionKeysManager::SetEncryptionKeys:", "result":"Success", "context":Key names[3]:[TM+Hg4PDGv+oNfPxWCvkrG1rA24WB1N8dl+Yb2pGKMabM7LSrRoa/CVTNmEOL1LrxJar+7bHomYIUL3mlddMww==][y2aRuXw8yLQcpnyyN46ZiwdAcZGcqS5beBaQOEGDHfWapKHHK+mHfoXBLDmKTAOolo6muDkoDbggiELVdDExTA==][cR72BwmGc7ZtpIFrrorIdMGPTr6kSkm/wLSMI+5mZs65+WpbhgUqdi1DPn2YS7Rjz+BG4fFaTklEAxd8oQcyhg==]}
{"logTime": "0722/042424", "correlationVector":"ixER7Qf/odZzh8+fjsHKBl.2","action":"EncryptionKeysManager::SetEncryptionKeysWithTimestamps:", "result":"Success", "context":Key timestamps[3]:[2025-10-03T08:25:23Z][2025-12-09T07:59:08Z][2026-06-22T11:01:18Z]}
{"logTime": "0722/042424", "correlationVector":"XB1+PvRfaxeRMSDYHUahTP","action":"Initial GetUpdates", "result":"", "context":Reason: NEW_CLIENT. cV=XB1+PvRfaxeRMSDYHUahTP}
{"logTime": "0722/042424", "correlationVector":"XB1+PvRfaxeRMSDYHUahTP.1","action":"SyncServerConnectionManagerRequest", "result":"SYNC_SERVER_OK", "context":{"environment":"Prod_southeastasia_prod-s01-064-apac-southeastasia", "migrationStage":"NotStarted", "server":"akswtt00200000j"}}
{"logTime": "0722/042424", "correlationVector":"XB1+PvRfaxeRMSDYHUahTP.2","action":"ProcessGetUpdates", "result":"Done", "context":{"dataType":"History", "deleted":"0", "process_failed_to_decrypt":"0", "process_pending_decryption":"0", "process_success":"51", "total":"51"}}
{"logTime": "0722/042424", "correlationVector":"XB1+PvRfaxeRMSDYHUahTP.3","action":"GetUpdates Response", "result":"Success", "context":Received 51 update(s). cV=XB1+PvRfaxeRMSDYHUahTP.0;server=akswtt00200000j;cloudType=Consumer;environment=Prod_southeastasia_prod-s01-064-apac-southeastasia;migrationStage=NotStarted}
{"logTime": "0722/042426", "correlationVector":"2arvv+mIVRn9KgMaXrePNU","action":"Initial GetUpdates", "result":"", "context":Reason: NEWLY_SUPPORTED_DATATYPE. cV=2arvv+mIVRn9KgMaXrePNU}
{"logTime": "0722/042426", "correlationVector":"2arvv+mIVRn9KgMaXrePNU.1","action":"SyncServerConnectionManagerRequest", "result":"SYNC_SERVER_OK", "context":{"environment":"Prod_southeastasia_prod-s01-064-apac-southeastasia", "migrationStage":"NotStarted", "server":"akswtt00200001h"}}
{"logTime": "0722/042426", "correlationVector":"2arvv+mIVRn9KgMaXrePNU.2","action":"ProcessGetUpdates", "result":"Done", "context":{"dataType":"Passwords", "deleted":"0", "process_failed_to_decrypt":"0", "process_pending_decryption":"0", "process_success":"2", "total":"2"}}
{"logTime": "0722/042426", "correlationVector":"2arvv+mIVRn9KgMaXrePNU.3","action":"GetUpdates Response", "result":"Success", "context":Received 2 update(s). cV=2arvv+mIVRn9KgMaXrePNU.0;server=akswtt00200001h;cloudType=Consumer;environment=Prod_southeastasia_prod-s01-064-apac-southeastasia;migrationStage=NotStarted}
{"logTime": "0722/042427", "correlationVector":"Z7CXApHXuTFoQP8ReMNy7d","action":"Initial GetUpdates", "result":"", "context":Reason: NEWLY_SUPPORTED_DATATYPE. cV=Z7CXApHXuTFoQP8ReMNy7d}
{"logTime": "0722/042428", "correlationVector":"Z7CXApHXuTFoQP8ReMNy7d.1","action":"SyncServerConnectionManagerRequest", "result":"SYNC_SERVER_OK", "context":{"environment":"Prod_southeastasia_prod-s01-064-apac-southeastasia", "migrationStage":"NotStarted", "server":"akswtt00200001p"}}
{"logTime": "0722/042428", "correlationVector":"Z7CXApHXuTFoQP8ReMNy7d.2","action":"ProcessGetUpdates", "result":"Done", "context":{"dataType":"Autofill", "deleted":"0", "process_failed_to_decrypt":"0", "process_pending_decryption":"0", "process_success":"250", "total":"250"}}
{"logTime": "0722/042428", "correlationVector":"Z7CXApHXuTFoQP8ReMNy7d.3","action":"GetUpdates Response", "result":"Success", "context":Received 250 update(s). cV=Z7CXApHXuTFoQP8ReMNy7d.0;server=akswtt00200001p;cloudType=Consumer;environment=Prod_southeastasia_prod-s01-064-apac-southeastasia;migrationStage=NotStarted Some updates remain.}
{"logTime": "0722/042428", "correlationVector":"FOvSEaHCHUBYHE43PPu/GB","action":"Initial GetUpdates", "result":"", "context":Reason: NEWLY_SUPPORTED_DATATYPE. cV=FOvSEaHCHUBYHE43PPu/GB}
{"logTime": "0722/042428", "correlationVector":"FOvSEaHCHUBYHE43PPu/GB.1","action":"SyncServerConnectionManagerRequest", "result":"SYNC_SERVER_OK", "context":{"environment":"Prod_southeastasia_prod-s01-064-apac-southeastasia", "migrationStage":"NotStarted", "server":"akswtt002000018"}}
{"logTime": "0722/042428", "correlationVector":"FOvSEaHCHUBYHE43PPu/GB.2","action":"ProcessGetUpdates", "result":"Done", "context":{"dataType":"Autofill Profiles", "deleted":"0", "process_failed_to_decrypt":"0", "process_pending_decryption":"0", "process_success":"1", "total":"1"}}
{"logTime": "0722/042428", "correlationVector":"FOvSEaHCHUBYHE43PPu/GB.3","action":"ProcessGetUpdates", "result":"Done", "context":{"dataType":"Autofill", "deleted":"0", "process_failed_to_decrypt":"0", "process_pending_decryption":"0", "process_success":"68", "total":"68"}}
{"logTime": "0722/042428", "correlationVector":"FOvSEaHCHUBYHE43PPu/GB.4","action":"GetUpdates Response", "result":"Success", "context":Received 69 update(s). cV=FOvSEaHCHUBYHE43PPu/GB.0;server=akswtt002000018;cloudType=Consumer;environment=Prod_southeastasia_prod-s01-064-apac-southeastasia;migrationStage=NotStarted}
{"logTime": "0722/042428", "correlationVector":"KorobzzThk7jRLrCn1iFiC","action":"Normal GetUpdate request", "result":"", "context":cV=KorobzzThk7jRLrCn1iFiC
Nudged types: Sessions, Device Info, User Consents, History
Refresh requested types: Bookmarks, Preferences, Passwords, Autofill Profiles, Autofill, Extensions, Sessions, Extension settings, History Delete Directives, Device Info, User Consents, Send Tab To Self, Web Apps, History, Saved Tab Group, WebAuthn Credentials, Edge E Drop, Edge Hub App Usage, Edge Workspace, Encryption Keys}
{"logTime": "0722/042428", "correlationVector":"KorobzzThk7jRLrCn1iFiC.1","action":"SyncServerConnectionManagerRequest", "result":"SYNC_SERVER_OK", "context":{"environment":"Prod_southeastasia_prod-s01-064-apac-southeastasia", "migrationStage":"NotStarted", "server":"akswtt002000008"}}
{"logTime": "0722/042428", "correlationVector":"KorobzzThk7jRLrCn1iFiC.2","action":"GetUpdates Response", "result":"Success", "context":Received 0 update(s). cV=KorobzzThk7jRLrCn1iFiC.0;server=akswtt002000008;cloudType=Consumer;environment=Prod_southeastasia_prod-s01-064-apac-southeastasia;migrationStage=NotStarted}
{"logTime": "0722/042430", "correlationVector":"QU2OPGbiegGIEaIMzS9a3N","action":"Commit Request", "result":"", "context":Item count: 5
Contributing types: Sessions, Device Info, User Consents, History}
{"logTime": "0722/042431", "correlationVector":"QU2OPGbiegGIEaIMzS9a3N.1","action":"SyncServerConnectionManagerRequest", "result":"SYNC_SERVER_OK", "context":{"environment":"Prod_southeastasia_prod-s01-064-apac-southeastasia", "migrationStage":"NotStarted", "server":"akswtt00200000f"}}
{"logTime": "0722/042431", "correlationVector":"QU2OPGbiegGIEaIMzS9a3N.2","action":"Commit Response", "result":"Success", "context":Result: Success. cV=QU2OPGbiegGIEaIMzS9a3N.0;server=akswtt00200000f;cloudType=Consumer;environment=Prod_southeastasia_prod-s01-064-apac-southeastasia;migrationStage=NotStarted}
{"logTime": "0722/042437", "correlationVector":"7CGKhyGipKHKbXLcaHad5V","action":"Commit Request", "result":"", "context":Item count: 1
Contributing types: Edge Hub App Usage}
{"logTime": "0722/042438", "correlationVector":"7CGKhyGipKHKbXLcaHad5V.1","action":"SyncServerConnectionManagerRequest", "result":"SYNC_SERVER_OK", "context":{"environment":"Prod_southeastasia_prod-s01-064-apac-southeastasia", "migrationStage":"NotStarted", "server":"akswtt00200001p"}}
{"logTime": "0722/042438", "correlationVector":"7CGKhyGipKHKbXLcaHad5V.2","action":"Commit Response", "result":"Success", "context":Result: Success. cV=7CGKhyGipKHKbXLcaHad5V.0;server=akswtt00200001p;cloudType=Consumer;environment=Prod_southeastasia_prod-s01-064-apac-southeastasia;migrationStage=NotStarted}
{"logTime": "0722/042517", "correlationVector":"OWMWVnY3g0niDPsgDY1ewn","action":"Commit Request", "result":"", "context":Item count: 4
Contributing types: Passwords, Sessions, History}
{"logTime": "0722/042517", "correlationVector":"OWMWVnY3g0niDPsgDY1ewn.1","action":"SyncServerConnectionManagerRequest", "result":"SYNC_SERVER_OK", "context":{"environment":"Prod_southeastasia_prod-s01-064-apac-southeastasia", "migrationStage":"NotStarted", "server":"akswtt00200001t"}}
{"logTime": "0722/042517", "correlationVector":"OWMWVnY3g0niDPsgDY1ewn.2","action":"Commit Response", "result":"Success", "context":Result: Success. cV=OWMWVnY3g0niDPsgDY1ewn.0;server=akswtt00200001t;cloudType=Consumer;environment=Prod_southeastasia_prod-s01-064-apac-southeastasia;migrationStage=NotStarted}
{"logTime": "0722/043138", "correlationVector":"N2EbNXbfjwzenjd1oGWoDy","action":"Commit Request", "result":"", "context":Item count: 3
Contributing types: Sessions, History}
{"logTime": "0722/043139", "correlationVector":"N2EbNXbfjwzenjd1oGWoDy.1","action":"SyncServerConnectionManagerRequest", "result":"SYNC_SERVER_OK", "context":{"environment":"Prod_southeastasia_prod-s01-064-apac-southeastasia", "migrationStage":"NotStarted", "server":"akswtt00200000q"}}
{"logTime": "0722/043139", "correlationVector":"N2EbNXbfjwzenjd1oGWoDy.2","action":"Commit Response", "result":"Success", "context":Result: Success. cV=N2EbNXbfjwzenjd1oGWoDy.0;server=akswtt00200000q;cloudType=Consumer;environment=Prod_southeastasia_prod-s01-064-apac-southeastasia;migrationStage=NotStarted}
{"logTime": "0722/043331", "correlationVector":"t0XHdMq5SUHE+TWzKLG1H4","action":"Commit Request", "result":"", "context":Item count: 4
Contributing types: Sessions, History}
{"logTime": "0722/043332", "correlationVector":"t0XHdMq5SUHE+TWzKLG1H4.1","action":"SyncServerConnectionManagerRequest", "result":"SYNC_SERVER_OK", "context":{"environment":"Prod_southeastasia_prod-s01-064-apac-southeastasia", "migrationStage":"NotStarted", "server":"akswtt00200000g"}}
{"logTime": "0722/043332", "correlationVector":"t0XHdMq5SUHE+TWzKLG1H4.2","action":"Commit Response", "result":"Success", "context":Result: Success. cV=t0XHdMq5SUHE+TWzKLG1H4.0;server=akswtt00200000g;cloudType=Consumer;environment=Prod_southeastasia_prod-s01-064-apac-southeastasia;migrationStage=NotStarted}
