2026-07-22 04:24:16.904: [INFO][Sync] Reset engine, reason: 8
2026-07-22 04:24:16.904: [INFO][Sync] Stopped: Bookmarks
2026-07-22 04:24:16.904: [INFO][Sync] Stopped: Preferences
2026-07-22 04:24:16.904: [INFO][Sync] Stopped: Passwords
2026-07-22 04:24:16.904: [INFO][Sync] Stopped: Autofill Profiles
2026-07-22 04:24:16.904: [INFO][Sync] Stopped: Autofill
2026-07-22 04:24:16.904: [INFO][Sync] Stopped: Extensions
2026-07-22 04:24:16.904: [INFO][Sync] Stopped: Sessions
2026-07-22 04:24:16.904: [INFO][Sync] Stopped: Extension settings
2026-07-22 04:24:16.904: [INFO][Sync] Stopped: History Delete Directives
2026-07-22 04:24:16.904: [INFO][Sync] Stopped: Device Info
2026-07-22 04:24:16.904: [INFO][Sync] Stopped: User Consents
2026-07-22 04:24:16.904: [INFO][Sync] Stopped: Send Tab To Self
2026-07-22 04:24:16.904: [INFO][Sync] Stopped: Web Apps
2026-07-22 04:24:16.904: [INFO][Sync] Stopped: History
2026-07-22 04:24:16.904: [INFO][Sync] Stopped: Saved Tab Group
2026-07-22 04:24:16.904: [INFO][Sync] Stopped: WebAuthn Credentials
2026-07-22 04:24:16.904: [INFO][Sync] Stopped: Edge E Drop
2026-07-22 04:24:16.904: [INFO][Sync] Stopped: Edge Hub App Usage
2026-07-22 04:24:16.904: [INFO][Sync] Stopped: Edge Journey
2026-07-22 04:24:16.904: [INFO][Sync] Stopped: Edge Workspace
2026-07-22 04:24:16.904: [INFO][Sync] SyncState after authenticated was: NotSignedIn
2026-07-22 04:24:18.766: [INFO][Sync] Try to start sync engine
2026-07-22 04:24:18.769: [INFO][SyncManagerImpl::NudgeForInitialDownload] Initial download nudge for Encryption Keys
2026-07-22 04:24:18.769: [INFO][SyncEngineBackend::LoadAndConnectNigoriController] Load and connect Nigori controller
2026-07-22 04:24:18.769: [INFO][SyncEngineBackend::DoInitialize] Control Types added: Encryption Keys
2026-07-22 04:24:18.769: [INFO][SyncManagerImpl::ConfigureSyncer] Types to download: Encryption Keys with reason: 3
2026-07-22 04:24:18.769: [INFO][SyncSchedulerImpl::DoConfigurationSyncCycleJob] Configure job was blocked
2026-07-22 04:24:18.793: [INFO][SyncAuthManager::SetLastAuthError] Current auth error: None
2026-07-22 04:24:18.793: [INFO][SyncAuthManager::EdgeLogTokenErrorState] Token error with: None for account type: MSA
2026-07-22 04:24:18.793: [INFO][Sync] Credentials changed for: EdgeSyncScopeNew
2026-07-22 04:24:18.825: [INFO][SyncAuthManager::SetLastAuthError] Current auth error: None
2026-07-22 04:24:18.825: [INFO][SyncAuthManager::EdgeLogTokenErrorState] Token error with: None for account type: MSA
2026-07-22 04:24:18.825: [INFO][Sync] Credentials changed for: EdgeSyncKeyDataScope
2026-07-22 04:24:18.929: [INFO][SyncEngineBackend::DoUpdateKeyDataCredentials] Update key data credentials
2026-07-22 04:24:18.929: [INFO][SyncEngineBackend::DoUpdateCredentials] Update credentials
2026-07-22 04:24:18.929: [INFO][SyncSchedulerImpl::DoConfigurationSyncCycleJob] Blocked types:  and types to download: Encryption Keys
2026-07-22 04:24:20.223: [INFO][Sync] Started DataTypeManager configuration, reason: 4
2026-07-22 04:24:20.223: [INFO][Sync] Configuring for: Bookmarks, Preferences, Passwords, Autofill Profiles, Autofill, Extensions, Sessions, Extension settings, History Delete Directives, Device Info, User Consents, Send Tab To Self, Web Apps, History, Saved Tab Group, WebAuthn Credentials, Edge E Drop, Edge Hub App Usage, Edge Workspace, Encryption Keys, reason: 3, current state: 0
2026-07-22 04:24:20.223: [WARN][Sync] Crypto error data types: Passwords, Autofill Profiles, Autofill
2026-07-22 04:24:20.225: [INFO][Sync] Configure, desired: Bookmarks, Preferences, Extensions, Sessions, Extension settings, History Delete Directives, Device Info, User Consents, Send Tab To Self, Web Apps, History, Saved Tab Group, WebAuthn Credentials, Edge E Drop, Edge Hub App Usage, Edge Workspace, Encryption Keys; Allow fail: Passwords, Autofill Profiles, Autofill
2026-07-22 04:24:20.225: [INFO][Sync] Loading: Bookmarks
2026-07-22 04:24:20.225: [INFO][Sync] Loading: Preferences
2026-07-22 04:24:20.225: [INFO][Sync] Loading: Extensions
2026-07-22 04:24:20.225: [INFO][Sync] Loading: Sessions
2026-07-22 04:24:20.225: [INFO][Sync] Loading: Extension settings
2026-07-22 04:24:20.225: [INFO][Sync] Loading: History Delete Directives
2026-07-22 04:24:20.225: [INFO][Sync] Loading: Device Info
2026-07-22 04:24:20.225: [INFO][Sync] Loading: User Consents
2026-07-22 04:24:20.225: [INFO][Sync] Loading: Send Tab To Self
2026-07-22 04:24:20.225: [INFO][Sync] Loading: Web Apps
2026-07-22 04:24:20.225: [INFO][Sync] Loading: History
2026-07-22 04:24:20.225: [INFO][Sync] Loading: Saved Tab Group
2026-07-22 04:24:20.225: [INFO][Sync] Loading: WebAuthn Credentials
2026-07-22 04:24:20.225: [INFO][Sync] Loading: Edge E Drop
2026-07-22 04:24:20.225: [INFO][Sync] Loading: Edge Hub App Usage
2026-07-22 04:24:20.225: [INFO][Sync] Loading: Edge Workspace
2026-07-22 04:24:20.880: [INFO][Sync] Connection status changed to: 2
2026-07-22 04:24:20.880: [INFO][SyncEngineBackend::DoStartConfiguration] Start configuration
2026-07-22 04:24:21.141: [INFO][Sync] All data types are ready for configure.
2026-07-22 04:24:21.141: [INFO][SyncManagerImpl::NudgeForInitialDownload] Initial download nudge for Bookmarks
2026-07-22 04:24:21.141: [INFO][SyncManagerImpl::NudgeForInitialDownload] Initial download nudge for Preferences
2026-07-22 04:24:21.141: [INFO][SyncManagerImpl::NudgeForInitialDownload] Initial download nudge for Extensions
2026-07-22 04:24:21.141: [INFO][SyncManagerImpl::NudgeForInitialDownload] Initial download nudge for Sessions
2026-07-22 04:24:21.141: [INFO][SyncManagerImpl::NudgeForInitialDownload] Initial download nudge for Extension settings
2026-07-22 04:24:21.141: [INFO][SyncManagerImpl::NudgeForInitialDownload] Initial download nudge for History Delete Directives
2026-07-22 04:24:21.141: [INFO][SyncManagerImpl::NudgeForInitialDownload] Initial download nudge for Device Info
2026-07-22 04:24:21.141: [INFO][SyncManagerImpl::NudgeForInitialDownload] Initial download nudge for Send Tab To Self
2026-07-22 04:24:21.141: [INFO][SyncManagerImpl::NudgeForInitialDownload] Initial download nudge for Web Apps
2026-07-22 04:24:21.141: [INFO][SyncManagerImpl::NudgeForInitialDownload] Initial download nudge for History
2026-07-22 04:24:21.141: [INFO][SyncManagerImpl::NudgeForInitialDownload] Initial download nudge for Saved Tab Group
2026-07-22 04:24:21.141: [INFO][SyncManagerImpl::NudgeForInitialDownload] Initial download nudge for WebAuthn Credentials
2026-07-22 04:24:21.141: [INFO][SyncManagerImpl::NudgeForInitialDownload] Initial download nudge for Edge E Drop
2026-07-22 04:24:21.141: [INFO][SyncManagerImpl::NudgeForInitialDownload] Initial download nudge for Edge Hub App Usage
2026-07-22 04:24:21.141: [INFO][SyncManagerImpl::NudgeForInitialDownload] Initial download nudge for Edge Workspace
2026-07-22 04:24:21.141: [INFO][SyncManagerImpl::ConfigureSyncer] Types to download:  with reason: 3
2026-07-22 04:24:21.142: [INFO][SyncEngineBackend::DoFinishConfigureDataTypes] Failed to download types:  and succeeded types: 
2026-07-22 04:24:21.142: [INFO][Sync] ConfigurationDone, failed: , succeeded: , remaining count: 3
2026-07-22 04:24:21.142: [INFO][Sync] Prepare to configure types: Device Info, Edge E Drop, Encryption Keys
2026-07-22 04:24:21.142: [INFO][SyncManagerImpl::ConfigureSyncer] Types to download: Device Info, Edge E Drop, Encryption Keys with reason: 3
2026-07-22 04:24:21.142: [INFO][SyncSchedulerImpl::DoConfigurationSyncCycleJob] Blocked types:  and types to download: Device Info, Edge E Drop, Encryption Keys
2026-07-22 04:24:21.608: [INFO][SyncEngineBackend::DoFinishConfigureDataTypes] Failed to download types:  and succeeded types: Device Info, Edge E Drop, Encryption Keys
2026-07-22 04:24:21.612: [INFO][Sync] ConfigurationDone, failed: , succeeded: Device Info, Edge E Drop, Encryption Keys, remaining count: 2
2026-07-22 04:24:21.612: [INFO][Sync] Prepare to configure types: Bookmarks, Preferences, Extensions, Sessions, Extension settings, History Delete Directives, Send Tab To Self, Web Apps, Saved Tab Group, WebAuthn Credentials, Edge Hub App Usage, Edge Workspace, Encryption Keys
2026-07-22 04:24:21.776: [INFO][SyncAuthManager::SetLastAuthError] Current auth error: None
2026-07-22 04:24:21.776: [INFO][SyncAuthManager::EdgeLogTokenErrorState] Token error with: None for account type: MSA
2026-07-22 04:24:21.776: [INFO][Sync] Credentials changed for: EdgeSyncKeyDataScope
2026-07-22 04:24:21.786: [INFO][SyncAuthManager::SetLastAuthError] Current auth error: None
2026-07-22 04:24:21.786: [INFO][SyncAuthManager::EdgeLogTokenErrorState] Token error with: None for account type: MSA
2026-07-22 04:24:21.786: [INFO][Sync] Credentials changed for: EdgeSyncScopeNew
2026-07-22 04:24:22.288: [INFO][Sync] Connection status changed to: 2
2026-07-22 04:24:22.288: [INFO][SyncManagerImpl::ConfigureSyncer] Types to download: Bookmarks, Preferences, Extensions, Sessions, Extension settings, History Delete Directives, Send Tab To Self, Web Apps, Saved Tab Group, WebAuthn Credentials, Edge Hub App Usage, Edge Workspace, Encryption Keys with reason: 3
2026-07-22 04:24:22.288: [INFO][SyncEngineBackend::DoUpdateKeyDataCredentials] Update key data credentials
2026-07-22 04:24:22.288: [INFO][SyncEngineBackend::DoUpdateCredentials] Update credentials
2026-07-22 04:24:22.288: [INFO][SyncEngineBackend::DoUpdateKeyDataCredentials] Update key data credentials
2026-07-22 04:24:22.288: [INFO][SyncSchedulerImpl::DoConfigurationSyncCycleJob] Blocked types:  and types to download: Bookmarks, Preferences, Extensions, Sessions, Extension settings, History Delete Directives, Send Tab To Self, Web Apps, Saved Tab Group, WebAuthn Credentials, Edge Hub App Usage, Edge Workspace, Encryption Keys
2026-07-22 04:24:23.571: [INFO][SyncEngineBackend::DoFinishConfigureDataTypes] Failed to download types:  and succeeded types: Bookmarks, Preferences, Extensions, Sessions, Extension settings, History Delete Directives, Send Tab To Self, Web Apps, Saved Tab Group, WebAuthn Credentials, Edge Hub App Usage, Edge Workspace, Encryption Keys
2026-07-22 04:24:23.575: [INFO][Sync] ConfigurationDone, failed: , succeeded: Bookmarks, Preferences, Extensions, Sessions, Extension settings, History Delete Directives, Send Tab To Self, Web Apps, Saved Tab Group, WebAuthn Credentials, Edge Hub App Usage, Edge Workspace, Encryption Keys, remaining count: 1
2026-07-22 04:24:23.575: [INFO][Sync] Prepare to configure types: History, Encryption Keys
2026-07-22 04:24:23.982: [INFO][SyncAuthManager::SetLastAuthError] Current auth error: None
2026-07-22 04:24:23.982: [INFO][SyncAuthManager::EdgeLogTokenErrorState] Token error with: None for account type: MSA
2026-07-22 04:24:23.982: [INFO][Sync] Credentials changed for: EdgeSyncScopeNew
2026-07-22 04:24:24.155: [INFO][Sync] Started DataTypeManager configuration, reason: 5
2026-07-22 04:24:24.155: [INFO][Sync] Configuring for: Bookmarks, Preferences, Passwords, Autofill Profiles, Autofill, Extensions, Sessions, Extension settings, History Delete Directives, Device Info, User Consents, Send Tab To Self, Web Apps, History, Saved Tab Group, WebAuthn Credentials, Edge E Drop, Edge Hub App Usage, Edge Workspace, Encryption Keys, reason: 5, current state: 1
2026-07-22 04:24:24.159: [INFO][SyncManagerImpl::ConfigureSyncer] Types to download: History, Encryption Keys with reason: 3
2026-07-22 04:24:24.159: [INFO][SyncSchedulerImpl::DoConfigurationSyncCycleJob] Blocked types:  and types to download: History, Encryption Keys
2026-07-22 04:24:24.313: [INFO][SyncAuthManager::SetLastAuthError] Current auth error: None
2026-07-22 04:24:24.313: [INFO][SyncAuthManager::EdgeLogTokenErrorState] Token error with: None for account type: MSA
2026-07-22 04:24:24.313: [INFO][Sync] Credentials changed for: EdgeSyncKeyDataScope
2026-07-22 04:24:25.770: [INFO][SyncEngineBackend::DoFinishConfigureDataTypes] Failed to download types:  and succeeded types: History, Encryption Keys
2026-07-22 04:24:25.770: [INFO][SyncEngineBackend::DoUpdateKeyDataCredentials] Update key data credentials
2026-07-22 04:24:25.770: [INFO][SyncEngineBackend::DoUpdateCredentials] Update credentials
2026-07-22 04:24:25.773: [INFO][Sync] ConfigurationDone, failed: , succeeded: History, Encryption Keys, remaining count: 0
2026-07-22 04:24:25.773: [WARN][Sync]     Reconfigure requested while configuration ongoing.
2026-07-22 04:24:25.773: [INFO][Sync] Configuring for: Bookmarks, Preferences, Passwords, Autofill Profiles, Autofill, Extensions, Sessions, Extension settings, History Delete Directives, Device Info, User Consents, Send Tab To Self, Web Apps, History, Saved Tab Group, WebAuthn Credentials, Edge E Drop, Edge Hub App Usage, Edge Workspace, Encryption Keys, reason: 5, current state: 2
2026-07-22 04:24:25.773: [INFO][Sync] Configure, desired: Bookmarks, Preferences, Passwords, Autofill Profiles, Autofill, Extensions, Sessions, Extension settings, History Delete Directives, Device Info, User Consents, Send Tab To Self, Web Apps, History, Saved Tab Group, WebAuthn Credentials, Edge E Drop, Edge Hub App Usage, Edge Workspace, Encryption Keys; Allow fail: 
2026-07-22 04:24:25.773: [INFO][Sync] Loading: Passwords
2026-07-22 04:24:25.773: [INFO][Sync] Loading: Autofill Profiles
2026-07-22 04:24:25.773: [INFO][Sync] Loading: Autofill
2026-07-22 04:24:26.595: [INFO][Sync] All data types are ready for configure.
2026-07-22 04:24:26.595: [INFO][SyncManagerImpl::NudgeForInitialDownload] Initial download nudge for Passwords
2026-07-22 04:24:26.595: [INFO][SyncManagerImpl::NudgeForInitialDownload] Initial download nudge for Autofill Profiles
2026-07-22 04:24:26.595: [INFO][SyncManagerImpl::NudgeForInitialDownload] Initial download nudge for Autofill
2026-07-22 04:24:26.595: [INFO][SyncManagerImpl::ConfigureSyncer] Types to download:  with reason: 5
2026-07-22 04:24:26.595: [INFO][SyncEngineBackend::DoFinishConfigureDataTypes] Failed to download types:  and succeeded types: 
2026-07-22 04:24:26.595: [INFO][Sync] ConfigurationDone, failed: , succeeded: , remaining count: 3
2026-07-22 04:24:26.595: [INFO][Sync] Prepare to configure types: Passwords, Encryption Keys
2026-07-22 04:24:26.595: [INFO][SyncManagerImpl::ConfigureSyncer] Types to download: Passwords, Encryption Keys with reason: 5
2026-07-22 04:24:26.595: [INFO][SyncSchedulerImpl::DoConfigurationSyncCycleJob] Blocked types:  and types to download: Passwords, Encryption Keys
2026-07-22 04:24:27.176: [INFO][SyncEngineBackend::DoFinishConfigureDataTypes] Failed to download types:  and succeeded types: Passwords, Encryption Keys
2026-07-22 04:24:27.180: [INFO][Sync] ConfigurationDone, failed: , succeeded: Passwords, Encryption Keys, remaining count: 2
2026-07-22 04:24:27.180: [INFO][Sync] Prepare to configure types: Autofill Profiles, Autofill, Encryption Keys
2026-07-22 04:24:27.180: [INFO][SyncManagerImpl::ConfigureSyncer] Types to download: Autofill Profiles, Autofill, Encryption Keys with reason: 5
2026-07-22 04:24:27.180: [INFO][SyncSchedulerImpl::DoConfigurationSyncCycleJob] Blocked types:  and types to download: Autofill Profiles, Autofill, Encryption Keys
2026-07-22 04:24:28.613: [INFO][SyncEngineBackend::DoFinishConfigureDataTypes] Failed to download types:  and succeeded types: Autofill Profiles, Autofill, Encryption Keys
2026-07-22 04:24:28.616: [INFO][Sync] ConfigurationDone, failed: , succeeded: Autofill Profiles, Autofill, Encryption Keys, remaining count: 1
2026-07-22 04:24:28.616: [INFO][SyncManagerImpl::ConfigureSyncer] Types to download:  with reason: 5
2026-07-22 04:24:28.617: [INFO][SyncEngineBackend::DoFinishConfigureDataTypes] Failed to download types:  and succeeded types: 
2026-07-22 04:24:28.617: [INFO][Sync] ConfigurationDone, failed: , succeeded: , remaining count: 0
2026-07-22 04:24:28.617: [INFO][Sync]     Configuration completed, state: 7
2026-07-22 04:24:28.617: [INFO][Sync] Configured DataTypeManager: Ok
2026-07-22 04:24:28.620: [INFO][SyncEngineBackend::DoStartSyncing] Start syncing
