{"logTime": "0722/033939", "correlationVector":"xkNfxsQ3vgmqJojLieRNCI.1","action":"SyncServerConnectionManagerRequest", "result":"SYNC_SERVER_OK", "context":{"environment":"Prod_southeastasia_prod-s01-064-apac-southeastasia", "migrationStage":"NotStarted", "server":"akswtt002000013"}}
{"logTime": "0722/033939", "correlationVector":"xkNfxsQ3vgmqJojLieRNCI.2","action":"ProcessGetUpdates", "result":"Done", "context":{"dataType":"Encryption Keys", "deleted":"0", "process_failed_to_decrypt":"0", "process_pending_decryption":"0", "process_success":"1", "total":"1"}}
{"logTime": "0722/033940", "correlationVector":"33HK9ZV9xuASDMVa1VZ3Qb","action":"SyncServerConnectionManagerRequest", "result":"SYNC_SERVER_OK", "context":{"environment":"", "migrationStage":"", "server":""}}
{"logTime": "0722/033940", "correlationVector":"33HK9ZV9xuASDMVa1VZ3Qb.0","action":"EncryptionKeysFetcher.DownloadKeys:", "result":"Success", "context":Key count: 3, Last key timestamp: 2026-06-22T11:01:18Z}
{"logTime": "0722/033940", "correlationVector":"33HK9ZV9xuASDMVa1VZ3Qb.1","action":"EncryptionKeysManager::SetEncryptionKeys:", "result":"Success", "context":Key names[3]:[TM+Hg4PDGv+oNfPxWCvkrG1rA24WB1N8dl+Yb2pGKMabM7LSrRoa/CVTNmEOL1LrxJar+7bHomYIUL3mlddMww==][y2aRuXw8yLQcpnyyN46ZiwdAcZGcqS5beBaQOEGDHfWapKHHK+mHfoXBLDmKTAOolo6muDkoDbggiELVdDExTA==][cR72BwmGc7ZtpIFrrorIdMGPTr6kSkm/wLSMI+5mZs65+WpbhgUqdi1DPn2YS7Rjz+BG4fFaTklEAxd8oQcyhg==]}
{"logTime": "0722/033940", "correlationVector":"33HK9ZV9xuASDMVa1VZ3Qb.2","action":"EncryptionKeysManager::SetEncryptionKeysWithTimestamps:", "result":"Success", "context":Key timestamps[3]:[2025-10-03T08:25:23Z][2025-12-09T07:59:08Z][2026-06-22T11:01:18Z]}
{"logTime": "0722/033940", "correlationVector":"xkNfxsQ3vgmqJojLieRNCI","action":"Initial GetUpdates", "result":"", "context":Reason: NEW_CLIENT. cV=xkNfxsQ3vgmqJojLieRNCI}
{"logTime": "0722/033940", "correlationVector":"xkNfxsQ3vgmqJojLieRNCI.3","action":"GetUpdates Response", "result":"Success", "context":Received 1 update(s). cV=xkNfxsQ3vgmqJojLieRNCI.0;server=akswtt002000013;cloudType=Consumer;environment=Prod_southeastasia_prod-s01-064-apac-southeastasia;migrationStage=NotStarted}
{"logTime": "0722/033940", "correlationVector":"lGxUNo5VTbzQlnNj5oN2Yd","action":"Initial GetUpdates", "result":"", "context":Reason: NEWLY_SUPPORTED_DATATYPE. cV=lGxUNo5VTbzQlnNj5oN2Yd}
{"logTime": "0722/033940", "correlationVector":"lGxUNo5VTbzQlnNj5oN2Yd.1","action":"SyncServerConnectionManagerRequest", "result":"SYNC_SERVER_OK", "context":{"environment":"Prod_southeastasia_prod-s01-064-apac-southeastasia", "migrationStage":"NotStarted", "server":"akswtt00200001n"}}
{"logTime": "0722/033940", "correlationVector":"lGxUNo5VTbzQlnNj5oN2Yd.2","action":"ProcessGetUpdates", "result":"Done", "context":{"dataType":"Passwords", "deleted":"0", "process_failed_to_decrypt":"0", "process_pending_decryption":"0", "process_success":"2", "total":"2"}}
{"logTime": "0722/033940", "correlationVector":"lGxUNo5VTbzQlnNj5oN2Yd.3","action":"ProcessGetUpdates", "result":"Done", "context":{"dataType":"Device Info", "deleted":"0", "process_failed_to_decrypt":"0", "process_pending_decryption":"0", "process_success":"15", "total":"15"}}
{"logTime": "0722/033940", "correlationVector":"lGxUNo5VTbzQlnNj5oN2Yd.4","action":"GetUpdates Response", "result":"Success", "context":Received 17 update(s). cV=lGxUNo5VTbzQlnNj5oN2Yd.0;server=akswtt00200001n;cloudType=Consumer;environment=Prod_southeastasia_prod-s01-064-apac-southeastasia;migrationStage=NotStarted}
{"logTime": "0722/033940", "correlationVector":"oqzS33+RlRSEw3Oi6SMtYQ","action":"Initial GetUpdates", "result":"", "context":Reason: NEWLY_SUPPORTED_DATATYPE. cV=oqzS33+RlRSEw3Oi6SMtYQ}
{"logTime": "0722/033942", "correlationVector":"oqzS33+RlRSEw3Oi6SMtYQ.1","action":"SyncServerConnectionManagerRequest", "result":"SYNC_SERVER_OK", "context":{"environment":"Prod_southeastasia_prod-s01-064-apac-southeastasia", "migrationStage":"NotStarted", "server":"akswtt002000003"}}
{"logTime": "0722/033942", "correlationVector":"oqzS33+RlRSEw3Oi6SMtYQ.2","action":"ProcessGetUpdates", "result":"Done", "context":{"dataType":"Bookmarks", "deleted":"0", "process_failed_to_decrypt":"0", "process_pending_decryption":"0", "process_success":"6", "total":"6"}}
{"logTime": "0722/033942", "correlationVector":"oqzS33+RlRSEw3Oi6SMtYQ.3","action":"ProcessGetUpdates", "result":"Done", "context":{"dataType":"Preferences", "deleted":"0", "process_failed_to_decrypt":"0", "process_pending_decryption":"0", "process_success":"42", "total":"42"}}
{"logTime": "0722/033942", "correlationVector":"oqzS33+RlRSEw3Oi6SMtYQ.4","action":"ProcessGetUpdates", "result":"Done", "context":{"dataType":"Autofill", "deleted":"0", "process_failed_to_decrypt":"0", "process_pending_decryption":"0", "process_success":"202", "total":"202"}}
{"logTime": "0722/033942", "correlationVector":"oqzS33+RlRSEw3Oi6SMtYQ.5","action":"GetUpdates Response", "result":"Success", "context":Received 250 update(s). cV=oqzS33+RlRSEw3Oi6SMtYQ.0;server=akswtt002000003;cloudType=Consumer;environment=Prod_southeastasia_prod-s01-064-apac-southeastasia;migrationStage=NotStarted Some updates remain.}
{"logTime": "0722/033942", "correlationVector":"n0Ptct44CPbRZ3IMXDfbxW","action":"Initial GetUpdates", "result":"", "context":Reason: NEWLY_SUPPORTED_DATATYPE. cV=n0Ptct44CPbRZ3IMXDfbxW}
{"logTime": "0722/033942", "correlationVector":"n0Ptct44CPbRZ3IMXDfbxW.1","action":"SyncServerConnectionManagerRequest", "result":"SYNC_SERVER_OK", "context":{"environment":"Prod_southeastasia_prod-s01-064-apac-southeastasia", "migrationStage":"NotStarted", "server":"akswtt002000018"}}
{"logTime": "0722/033942", "correlationVector":"n0Ptct44CPbRZ3IMXDfbxW.2","action":"ProcessGetUpdates", "result":"Done", "context":{"dataType":"Preferences", "deleted":"0", "process_failed_to_decrypt":"0", "process_pending_decryption":"0", "process_success":"15", "total":"15"}}
{"logTime": "0722/033942", "correlationVector":"n0Ptct44CPbRZ3IMXDfbxW.3","action":"ProcessGetUpdates", "result":"Done", "context":{"dataType":"Autofill Profiles", "deleted":"0", "process_failed_to_decrypt":"0", "process_pending_decryption":"0", "process_success":"1", "total":"1"}}
{"logTime": "0722/033942", "correlationVector":"n0Ptct44CPbRZ3IMXDfbxW.4","action":"ProcessGetUpdates", "result":"Done", "context":{"dataType":"Autofill", "deleted":"0", "process_failed_to_decrypt":"0", "process_pending_decryption":"0", "process_success":"116", "total":"116"}}
{"logTime": "0722/033942", "correlationVector":"n0Ptct44CPbRZ3IMXDfbxW.5","action":"ProcessGetUpdates", "result":"Done", "context":{"dataType":"Sessions", "deleted":"15", "process_failed_to_decrypt":"0", "process_pending_decryption":"0", "process_success":"43", "total":"43"}}
{"logTime": "0722/033942", "correlationVector":"n0Ptct44CPbRZ3IMXDfbxW.6","action":"ProcessGetUpdates", "result":"Done", "context":{"dataType":"Edge Hub App Usage", "deleted":"8", "process_failed_to_decrypt":"0", "process_pending_decryption":"0", "process_success":"21", "total":"21"}}
{"logTime": "0722/033942", "correlationVector":"n0Ptct44CPbRZ3IMXDfbxW.7","action":"GetUpdates Response", "result":"Success", "context":Received 196 update(s). cV=n0Ptct44CPbRZ3IMXDfbxW.0;server=akswtt002000018;cloudType=Consumer;environment=Prod_southeastasia_prod-s01-064-apac-southeastasia;migrationStage=NotStarted}
{"logTime": "0722/033943", "correlationVector":"cFm75a0x3ns79pCp9sbC29","action":"Initial GetUpdates", "result":"", "context":Reason: NEWLY_SUPPORTED_DATATYPE. cV=cFm75a0x3ns79pCp9sbC29}
{"logTime": "0722/033944", "correlationVector":"cFm75a0x3ns79pCp9sbC29.1","action":"SyncServerConnectionManagerRequest", "result":"SYNC_SERVER_OK", "context":{"environment":"Prod_southeastasia_prod-s01-064-apac-southeastasia", "migrationStage":"NotStarted", "server":"akswtt00200001e"}}
{"logTime": "0722/033944", "correlationVector":"cFm75a0x3ns79pCp9sbC29.2","action":"ProcessGetUpdates", "result":"Done", "context":{"dataType":"History", "deleted":"0", "process_failed_to_decrypt":"0", "process_pending_decryption":"0", "process_success":"35", "total":"35"}}
{"logTime": "0722/033944", "correlationVector":"cFm75a0x3ns79pCp9sbC29.3","action":"GetUpdates Response", "result":"Success", "context":Received 35 update(s). cV=cFm75a0x3ns79pCp9sbC29.0;server=akswtt00200001e;cloudType=Consumer;environment=Prod_southeastasia_prod-s01-064-apac-southeastasia;migrationStage=NotStarted}
{"logTime": "0722/033945", "correlationVector":"kE6ANIUrZemKCK+SapbnP5","action":"Normal GetUpdate request", "result":"", "context":cV=kE6ANIUrZemKCK+SapbnP5
Nudged types: Sessions, Device Info, User Consents
Refresh requested types: Bookmarks, Preferences, Passwords, Autofill Profiles, Autofill, Extensions, Sessions, Extension settings, History Delete Directives, Device Info, User Consents, Send Tab To Self, Web Apps, History, Saved Tab Group, WebAuthn Credentials, Edge E Drop, Edge Hub App Usage, Edge Workspace, Encryption Keys}
{"logTime": "0722/033945", "correlationVector":"kE6ANIUrZemKCK+SapbnP5.1","action":"SyncServerConnectionManagerRequest", "result":"SYNC_SERVER_OK", "context":{"environment":"Prod_southeastasia_prod-s01-064-apac-southeastasia", "migrationStage":"NotStarted", "server":"akswtt00200000x"}}
{"logTime": "0722/033945", "correlationVector":"kE6ANIUrZemKCK+SapbnP5.2","action":"GetUpdates Response", "result":"Success", "context":Received 0 update(s). cV=kE6ANIUrZemKCK+SapbnP5.0;server=akswtt00200000x;cloudType=Consumer;environment=Prod_southeastasia_prod-s01-064-apac-southeastasia;migrationStage=NotStarted}
{"logTime": "0722/033946", "correlationVector":"IGjufdS//yM5Vx+uunZKYd","action":"DoCompareDataConsistency: ", "result":"has local changes and skip compare"}
{"logTime": "0722/033946", "correlationVector":"wVWAmeTXhw1FL7qjcU7G4I","action":"Commit Request", "result":"", "context":Item count: 5
Contributing types: Sessions, Device Info, User Consents, History}
{"logTime": "0722/033947", "correlationVector":"wVWAmeTXhw1FL7qjcU7G4I.1","action":"SyncServerConnectionManagerRequest", "result":"SYNC_SERVER_OK", "context":{"environment":"Prod_southeastasia_prod-s01-064-apac-southeastasia", "migrationStage":"NotStarted", "server":"akswtt00200000r"}}
{"logTime": "0722/033947", "correlationVector":"wVWAmeTXhw1FL7qjcU7G4I.2","action":"Commit Response", "result":"Success", "context":Result: Success. cV=wVWAmeTXhw1FL7qjcU7G4I.0;server=akswtt00200000r;cloudType=Consumer;environment=Prod_southeastasia_prod-s01-064-apac-southeastasia;migrationStage=NotStarted}
{"logTime": "0722/033956", "correlationVector":"55B1c0ptDuVxCGBEBHFl5S","action":"Commit Request", "result":"", "context":Item count: 1
Contributing types: Edge Hub App Usage}
{"logTime": "0722/033957", "correlationVector":"55B1c0ptDuVxCGBEBHFl5S.1","action":"SyncServerConnectionManagerRequest", "result":"SYNC_SERVER_OK", "context":{"environment":"Prod_southeastasia_prod-s01-064-apac-southeastasia", "migrationStage":"NotStarted", "server":"akswtt00200001e"}}
{"logTime": "0722/033957", "correlationVector":"55B1c0ptDuVxCGBEBHFl5S.2","action":"Commit Response", "result":"Success", "context":Result: Success. cV=55B1c0ptDuVxCGBEBHFl5S.0;server=akswtt00200001e;cloudType=Consumer;environment=Prod_southeastasia_prod-s01-064-apac-southeastasia;migrationStage=NotStarted}
{"logTime": "0722/034034", "correlationVector":"pFJ/eomfvUiTpQb6PMNawr","action":"Commit Request", "result":"", "context":Item count: 4
Contributing types: Passwords, Sessions, History}
{"logTime": "0722/034035", "correlationVector":"pFJ/eomfvUiTpQb6PMNawr.1","action":"SyncServerConnectionManagerRequest", "result":"SYNC_SERVER_OK", "context":{"environment":"Prod_southeastasia_prod-s01-064-apac-southeastasia", "migrationStage":"NotStarted", "server":"akswtt002000014"}}
{"logTime": "0722/034035", "correlationVector":"pFJ/eomfvUiTpQb6PMNawr.2","action":"Commit Response", "result":"Success", "context":Result: Success. cV=pFJ/eomfvUiTpQb6PMNawr.0;server=akswtt002000014;cloudType=Consumer;environment=Prod_southeastasia_prod-s01-064-apac-southeastasia;migrationStage=NotStarted}
