2026-07-22 02:52:27.288: [INFO] VisibilityChanged: 0
2026-07-22 02:52:27.309: [INFO] RecordSyncInitDuration has_sync_been_enabled: 0 state: 0
2026-07-22 02:52:27.310: [INFO] RecordSyncInitDuration has_sync_been_enabled: 0 state: 0
2026-07-22 02:52:27.311: [INFO] RecordSyncInitDuration has_sync_been_enabled: 0 state: 0
2026-07-22 02:52:27.312: [INFO] RecordSyncInitDuration has_sync_been_enabled: 0 state: 0
2026-07-22 02:52:27.313: [INFO] RecordSyncInitDuration has_sync_been_enabled: 0 state: 0
2026-07-22 02:52:27.315: [INFO] RecordSyncInitDuration has_sync_been_enabled: 0 state: 0
2026-07-22 02:52:27.316: [INFO] RecordSyncInitDuration has_sync_been_enabled: 0 state: 0
2026-07-22 02:52:27.317: [INFO] RecordSyncInitDuration has_sync_been_enabled: 0 state: 0
2026-07-22 02:52:27.318: [INFO] RecordSyncInitDuration has_sync_been_enabled: 0 state: 0
2026-07-22 02:52:27.319: [INFO] RecordSyncInitDuration has_sync_been_enabled: 0 state: 0
2026-07-22 02:52:27.338: [INFO] BookmarkModelLoaded, ids_reassigned: 0
2026-07-22 02:52:27.338: [INFO] OnDoneLoading sync enabled: 0
2026-07-22 02:52:28.719: [INFO] RecordSyncInitDuration has_sync_been_enabled: 0 state: 0
2026-07-22 02:52:28.722: [INFO] RecordSyncInitDuration has_sync_been_enabled: 0 state: 3
2026-07-22 02:52:28.724: [INFO] Primary account changed.
2026-07-22 02:52:28.724: [INFO] OnPrimaryAccountChanged PrimaryAccountChangeEvent::Type::kSet
2026-07-22 02:52:28.731: [INFO] RecordSyncInitDuration has_sync_been_enabled: 0 state: 3
2026-07-22 02:52:28.747: [INFO] RecordSyncInitDuration has_sync_been_enabled: 0 state: 3
2026-07-22 02:52:37.062: [INFO] Sync initialization duration: 8097ms
