2026-07-22 04:24:17.216: [INFO] VisibilityChanged: 0
2026-07-22 04:24:17.244: [INFO] RecordSyncInitDuration has_sync_been_enabled: 0 state: 0
2026-07-22 04:24:17.246: [INFO] RecordSyncInitDuration has_sync_been_enabled: 0 state: 0
2026-07-22 04:24:17.248: [INFO] RecordSyncInitDuration has_sync_been_enabled: 0 state: 0
2026-07-22 04:24:17.250: [INFO] RecordSyncInitDuration has_sync_been_enabled: 0 state: 0
2026-07-22 04:24:17.252: [INFO] RecordSyncInitDuration has_sync_been_enabled: 0 state: 0
2026-07-22 04:24:17.254: [INFO] RecordSyncInitDuration has_sync_been_enabled: 0 state: 0
2026-07-22 04:24:17.256: [INFO] RecordSyncInitDuration has_sync_been_enabled: 0 state: 0
2026-07-22 04:24:17.258: [INFO] RecordSyncInitDuration has_sync_been_enabled: 0 state: 0
2026-07-22 04:24:17.261: [INFO] RecordSyncInitDuration has_sync_been_enabled: 0 state: 0
2026-07-22 04:24:17.266: [INFO] RecordSyncInitDuration has_sync_been_enabled: 0 state: 0
2026-07-22 04:24:17.300: [INFO] BookmarkModelLoaded, ids_reassigned: 0
2026-07-22 04:24:17.300: [INFO] OnDoneLoading sync enabled: 0
2026-07-22 04:24:18.764: [INFO] RecordSyncInitDuration has_sync_been_enabled: 0 state: 0
2026-07-22 04:24:18.769: [INFO] RecordSyncInitDuration has_sync_been_enabled: 0 state: 3
2026-07-22 04:24:18.773: [INFO] Primary account changed.
2026-07-22 04:24:18.773: [INFO] OnPrimaryAccountChanged PrimaryAccountChangeEvent::Type::kSet
2026-07-22 04:24:18.780: [INFO] RecordSyncInitDuration has_sync_been_enabled: 0 state: 3
2026-07-22 04:24:18.795: [INFO] RecordSyncInitDuration has_sync_been_enabled: 0 state: 3
2026-07-22 04:24:28.619: [INFO] Sync initialization duration: 9599ms
