{"logTime": "0722/015544", "correlationVector":"nGbtv4yZQ5eOo+qvSbglCJ.1","action":"SyncServerConnectionManagerRequest", "result":"SYNC_SERVER_OK", "context":{"environment":"Prod_southeastasia_prod-s01-064-apac-southeastasia", "migrationStage":"NotStarted", "server":"akswtt002000003"}}
{"logTime": "0722/015544", "correlationVector":"nGbtv4yZQ5eOo+qvSbglCJ.2","action":"ProcessGetUpdates", "result":"Done", "context":{"dataType":"Encryption Keys", "deleted":"0", "process_failed_to_decrypt":"0", "process_pending_decryption":"0", "process_success":"1", "total":"1"}}
{"logTime": "0722/015545", "correlationVector":"0RMhXfYuJTIsI2iqYvG1OX","action":"SyncServerConnectionManagerRequest", "result":"SYNC_SERVER_ERROR", "context":{"environment":"", "error_type":"http_status_code", "error_value":"400", "migrationStage":"", "server":""}}
{"logTime": "0722/015545", "correlationVector":"nGbtv4yZQ5eOo+qvSbglCJ","action":"Initial GetUpdates", "result":"", "context":Reason: NEW_CLIENT. cV=nGbtv4yZQ5eOo+qvSbglCJ}
{"logTime": "0722/015545", "correlationVector":"nGbtv4yZQ5eOo+qvSbglCJ.3","action":"GetUpdates Response", "result":"Success", "context":Received 1 update(s). cV=nGbtv4yZQ5eOo+qvSbglCJ.0;server=akswtt002000003;cloudType=Consumer;environment=Prod_southeastasia_prod-s01-064-apac-southeastasia;migrationStage=NotStarted}
{"logTime": "0722/015547", "correlationVector":"avTr1AoDeStETFx5yw3epj","action":"Initial GetUpdates", "result":"", "context":Reason: RECONFIGURATION. cV=avTr1AoDeStETFx5yw3epj}
{"logTime": "0722/015547", "correlationVector":"avTr1AoDeStETFx5yw3epj.1","action":"SyncServerConnectionManagerRequest", "result":"SYNC_SERVER_OK", "context":{"environment":"Prod_southeastasia_prod-s01-064-apac-southeastasia", "migrationStage":"NotStarted", "server":"akswtt00200000i"}}
{"logTime": "0722/015547", "correlationVector":"avTr1AoDeStETFx5yw3epj.2","action":"ProcessGetUpdates", "result":"Done", "context":{"dataType":"Device Info", "deleted":"0", "process_failed_to_decrypt":"0", "process_pending_decryption":"0", "process_success":"5", "total":"5"}}
{"logTime": "0722/015547", "correlationVector":"avTr1AoDeStETFx5yw3epj.3","action":"GetUpdates Response", "result":"Success", "context":Received 5 update(s). cV=avTr1AoDeStETFx5yw3epj.0;server=akswtt00200000i;cloudType=Consumer;environment=Prod_southeastasia_prod-s01-064-apac-southeastasia;migrationStage=NotStarted}
{"logTime": "0722/015548", "correlationVector":"BvzMZpJOtrkYofKfgGoOrj","action":"SyncServerConnectionManagerRequest", "result":"SYNC_SERVER_ERROR", "context":{"environment":"", "error_type":"http_status_code", "error_value":"400", "migrationStage":"", "server":""}}
{"logTime": "0722/015548", "correlationVector":"QpMazzsDv8EGEgKfbmyL7/","action":"Initial GetUpdates", "result":"", "context":Reason: RECONFIGURATION. cV=QpMazzsDv8EGEgKfbmyL7/}
{"logTime": "0722/015548", "correlationVector":"QpMazzsDv8EGEgKfbmyL7/.1","action":"SyncServerConnectionManagerRequest", "result":"SYNC_SERVER_OK", "context":{"environment":"Prod_southeastasia_prod-s01-064-apac-southeastasia", "migrationStage":"NotStarted", "server":"akswtt002000017"}}
{"logTime": "0722/015548", "correlationVector":"QpMazzsDv8EGEgKfbmyL7/.2","action":"ProcessGetUpdates", "result":"Done", "context":{"dataType":"Bookmarks", "deleted":"0", "process_failed_to_decrypt":"0", "process_pending_decryption":"0", "process_success":"6", "total":"6"}}
{"logTime": "0722/015548", "correlationVector":"QpMazzsDv8EGEgKfbmyL7/.3","action":"ProcessGetUpdates", "result":"Done", "context":{"dataType":"Preferences", "deleted":"0", "process_failed_to_decrypt":"0", "process_pending_decryption":"0", "process_success":"57", "total":"57"}}
{"logTime": "0722/015548", "correlationVector":"QpMazzsDv8EGEgKfbmyL7/.4","action":"ProcessGetUpdates", "result":"Done", "context":{"dataType":"Sessions", "deleted":"15", "process_failed_to_decrypt":"0", "process_pending_decryption":"0", "process_success":"16", "total":"16"}}
{"logTime": "0722/015548", "correlationVector":"QpMazzsDv8EGEgKfbmyL7/.5","action":"ProcessGetUpdates", "result":"Done", "context":{"dataType":"Edge Hub App Usage", "deleted":"8", "process_failed_to_decrypt":"0", "process_pending_decryption":"0", "process_success":"11", "total":"11"}}
{"logTime": "0722/015548", "correlationVector":"QpMazzsDv8EGEgKfbmyL7/.6","action":"GetUpdates Response", "result":"Success", "context":Received 90 update(s). cV=QpMazzsDv8EGEgKfbmyL7/.0;server=akswtt002000017;cloudType=Consumer;environment=Prod_southeastasia_prod-s01-064-apac-southeastasia;migrationStage=NotStarted}
{"logTime": "0722/015549", "correlationVector":"y351a+UYQ4lvAorWNSBHwf","action":"SyncServerConnectionManagerRequest", "result":"SYNC_SERVER_ERROR", "context":{"environment":"", "error_type":"http_status_code", "error_value":"400", "migrationStage":"", "server":""}}
{"logTime": "0722/015549", "correlationVector":"SZKWYROL2I3eQjpAUkxBMu","action":"Initial GetUpdates", "result":"", "context":Reason: RECONFIGURATION. cV=SZKWYROL2I3eQjpAUkxBMu}
{"logTime": "0722/015549", "correlationVector":"SZKWYROL2I3eQjpAUkxBMu.1","action":"SyncServerConnectionManagerRequest", "result":"SYNC_SERVER_OK", "context":{"environment":"Prod_southeastasia_prod-s01-064-apac-southeastasia", "migrationStage":"NotStarted", "server":"akswtt002000003"}}
{"logTime": "0722/015549", "correlationVector":"SZKWYROL2I3eQjpAUkxBMu.2","action":"ProcessGetUpdates", "result":"Done", "context":{"dataType":"History", "deleted":"0", "process_failed_to_decrypt":"0", "process_pending_decryption":"0", "process_success":"7", "total":"7"}}
{"logTime": "0722/015549", "correlationVector":"SZKWYROL2I3eQjpAUkxBMu.3","action":"GetUpdates Response", "result":"Success", "context":Received 7 update(s). cV=SZKWYROL2I3eQjpAUkxBMu.0;server=akswtt002000003;cloudType=Consumer;environment=Prod_southeastasia_prod-s01-064-apac-southeastasia;migrationStage=NotStarted}
{"logTime": "0722/015550", "correlationVector":"2Jcc8fjVXdTWLIG6NwX/tJ","action":"SyncServerConnectionManagerRequest", "result":"SYNC_SERVER_ERROR", "context":{"environment":"", "error_type":"http_status_code", "error_value":"400", "migrationStage":"", "server":""}}
{"logTime": "0722/015551", "correlationVector":"0wLouQQ69mXGtO8wj/RmiP","action":"Normal GetUpdate request", "result":"", "context":cV=0wLouQQ69mXGtO8wj/RmiP
Nudged types: Sessions, Device Info, User Consents
Refresh requested types: Bookmarks, Preferences, Extensions, Sessions, Extension settings, History Delete Directives, Device Info, User Consents, Send Tab To Self, Web Apps, History, Saved Tab Group, WebAuthn Credentials, Edge E Drop, Edge Hub App Usage, Edge Workspace, Encryption Keys}
{"logTime": "0722/015553", "correlationVector":"0wLouQQ69mXGtO8wj/RmiP.1","action":"SyncServerConnectionManagerRequest", "result":"SYNC_SERVER_OK", "context":{"environment":"Prod_southeastasia_prod-s01-064-apac-southeastasia", "migrationStage":"NotStarted", "server":"akswtt00200001k"}}
{"logTime": "0722/015553", "correlationVector":"0wLouQQ69mXGtO8wj/RmiP.2","action":"GetUpdates Response", "result":"Success", "context":Received 0 update(s). cV=0wLouQQ69mXGtO8wj/RmiP.0;server=akswtt00200001k;cloudType=Consumer;environment=Prod_southeastasia_prod-s01-064-apac-southeastasia;migrationStage=NotStarted}
{"logTime": "0722/015553", "correlationVector":"vffIFC4GrRBOUTF/6hjaG1","action":"DoCompareDataConsistency requsted types: ", "result":"Bookmarks, Preferences, Extensions, Extension settings, History Delete Directives, Send Tab To Self, Web Apps, History, Saved Tab Group, WebAuthn Credentials, Edge E Drop, Edge Workspace, Encryption Keys"}
{"logTime": "0722/015553", "correlationVector":"vffIFC4GrRBOUTF/6hjaG1.0","action":"CompareDataConsistency result: ", "result":"Compare result: Encryption Keys is consistent. local entities count is: 1 local entities hash is: VXDOKZJGqACCopgHLDsAkAU9Z00="}
{"logTime": "0722/015553", "correlationVector":"vffIFC4GrRBOUTF/6hjaG1.1","action":"CompareDataConsistency result: ", "result":"Compare result: Bookmarks is consistent. local entities count is: 0 local entities hash is: "}
{"logTime": "0722/015553", "correlationVector":"vffIFC4GrRBOUTF/6hjaG1.2","action":"CompareDataConsistency result: ", "result":"Compare result: Preferences is consistent. local entities count is: 57 local entities hash is: Z0YFkw5XLi9M1tKE4cd2khtiyN4="}
{"logTime": "0722/015553", "correlationVector":"vffIFC4GrRBOUTF/6hjaG1.3","action":"CompareDataConsistency result: ", "result":"Compare result: Extensions is consistent. local entities count is: 0 local entities hash is: "}
{"logTime": "0722/015553", "correlationVector":"vffIFC4GrRBOUTF/6hjaG1.4","action":"CompareDataConsistency result: ", "result":"Compare result: Extension settings is consistent. local entities count is: 0 local entities hash is: "}
{"logTime": "0722/015553", "correlationVector":"vffIFC4GrRBOUTF/6hjaG1.5","action":"CompareDataConsistency result: ", "result":"Compare result: History Delete Directives is consistent. local entities count is: 0 local entities hash is: "}
{"logTime": "0722/015553", "correlationVector":"vffIFC4GrRBOUTF/6hjaG1.6","action":"CompareDataConsistency result: ", "result":"Server did not send this Send Tab To Self local entities count is: 0 local entities hash is: "}
{"logTime": "0722/015553", "correlationVector":"vffIFC4GrRBOUTF/6hjaG1.7","action":"CompareDataConsistency result: ", "result":"Compare result: Web Apps is consistent. local entities count is: 0 local entities hash is: "}
{"logTime": "0722/015553", "correlationVector":"vffIFC4GrRBOUTF/6hjaG1.8","action":"CompareDataConsistency result: ", "result":"Server did not send this History local entities count is: 0 local entities hash is: "}
{"logTime": "0722/015553", "correlationVector":"vffIFC4GrRBOUTF/6hjaG1.9","action":"CompareDataConsistency result: ", "result":"Compare result: Saved Tab Group is consistent. local entities count is: 0 local entities hash is: "}
{"logTime": "0722/015553", "correlationVector":"vffIFC4GrRBOUTF/6hjaG1.10","action":"CompareDataConsistency result: ", "result":"Server did not send this WebAuthn Credentials local entities count is: 0 local entities hash is: "}
{"logTime": "0722/015553", "correlationVector":"vffIFC4GrRBOUTF/6hjaG1.11","action":"CompareDataConsistency result: ", "result":"Compare result: Edge E Drop is consistent. local entities count is: 0 local entities hash is: "}
{"logTime": "0722/015553", "correlationVector":"vffIFC4GrRBOUTF/6hjaG1.12","action":"CompareDataConsistency result: ", "result":"Server did not send this Edge Workspace local entities count is: 0 local entities hash is: "}
{"logTime": "0722/015553", "correlationVector":"HdMpgcitUKXz83UToFYNA0","action":"Commit Request", "result":"", "context":Item count: 4
Contributing types: Sessions, Device Info, User Consents}
{"logTime": "0722/015554", "correlationVector":"HdMpgcitUKXz83UToFYNA0.1","action":"SyncServerConnectionManagerRequest", "result":"SYNC_SERVER_OK", "context":{"environment":"Prod_southeastasia_prod-s01-064-apac-southeastasia", "migrationStage":"NotStarted", "server":"akswtt002000008"}}
{"logTime": "0722/015554", "correlationVector":"HdMpgcitUKXz83UToFYNA0.2","action":"Commit Response", "result":"Success", "context":Result: Success. cV=HdMpgcitUKXz83UToFYNA0.0;server=akswtt002000008;cloudType=Consumer;environment=Prod_southeastasia_prod-s01-064-apac-southeastasia;migrationStage=NotStarted}
{"logTime": "0722/015554", "correlationVector":"o1ZQM98CnIwlEaOh8hUIrP","action":"SyncServerConnectionManagerRequest", "result":"SYNC_SERVER_ERROR", "context":{"environment":"", "error_type":"http_status_code", "error_value":"400", "migrationStage":"", "server":""}}
{"logTime": "0722/015554", "correlationVector":"","action":"DIAGNOSTIC_REQUEST|v1/diagnosticData/Diagnostic.SendCheckResult()|SUCCESS", "result":""}
{"logTime": "0722/015602", "correlationVector":"NFmJmsFTzbBPzdcvrKXdBX","action":"Commit Request", "result":"", "context":Item count: 1
Contributing types: Edge Hub App Usage}
{"logTime": "0722/015603", "correlationVector":"NFmJmsFTzbBPzdcvrKXdBX.1","action":"SyncServerConnectionManagerRequest", "result":"SYNC_SERVER_OK", "context":{"environment":"Prod_southeastasia_prod-s01-064-apac-southeastasia", "migrationStage":"NotStarted", "server":"akswtt00200001s"}}
{"logTime": "0722/015603", "correlationVector":"NFmJmsFTzbBPzdcvrKXdBX.2","action":"Commit Response", "result":"Success", "context":Result: Success. cV=NFmJmsFTzbBPzdcvrKXdBX.0;server=akswtt00200001s;cloudType=Consumer;environment=Prod_southeastasia_prod-s01-064-apac-southeastasia;migrationStage=NotStarted}
