2026-07-22 01:55:42.101: [INFO][Sync] Reset engine, reason: 8
2026-07-22 01:55:42.101: [INFO][Sync] Stopped: Bookmarks
2026-07-22 01:55:42.101: [INFO][Sync] Stopped: Preferences
2026-07-22 01:55:42.101: [INFO][Sync] Stopped: Passwords
2026-07-22 01:55:42.101: [INFO][Sync] Stopped: Autofill Profiles
2026-07-22 01:55:42.101: [INFO][Sync] Stopped: Autofill
2026-07-22 01:55:42.101: [INFO][Sync] Stopped: Extensions
2026-07-22 01:55:42.101: [INFO][Sync] Stopped: Sessions
2026-07-22 01:55:42.101: [INFO][Sync] Stopped: Extension settings
2026-07-22 01:55:42.101: [INFO][Sync] Stopped: History Delete Directives
2026-07-22 01:55:42.101: [INFO][Sync] Stopped: Device Info
2026-07-22 01:55:42.101: [INFO][Sync] Stopped: User Consents
2026-07-22 01:55:42.101: [INFO][Sync] Stopped: Send Tab To Self
2026-07-22 01:55:42.101: [INFO][Sync] Stopped: Web Apps
2026-07-22 01:55:42.101: [INFO][Sync] Stopped: History
2026-07-22 01:55:42.101: [INFO][Sync] Stopped: Saved Tab Group
2026-07-22 01:55:42.101: [INFO][Sync] Stopped: WebAuthn Credentials
2026-07-22 01:55:42.101: [INFO][Sync] Stopped: Edge E Drop
2026-07-22 01:55:42.101: [INFO][Sync] Stopped: Edge Hub App Usage
2026-07-22 01:55:42.101: [INFO][Sync] Stopped: Edge Journey
2026-07-22 01:55:42.101: [INFO][Sync] Stopped: Edge Workspace
2026-07-22 01:55:42.101: [INFO][Sync] SyncState after authenticated was: NotSignedIn
2026-07-22 01:55:44.259: [INFO][Sync] Try to start sync engine
2026-07-22 01:55:44.259: [INFO][SyncManagerImpl::NudgeForInitialDownload] Initial download nudge for Encryption Keys
2026-07-22 01:55:44.259: [INFO][SyncEngineBackend::LoadAndConnectNigoriController] Load and connect Nigori controller
2026-07-22 01:55:44.259: [INFO][SyncEngineBackend::DoInitialize] Control Types added: Encryption Keys
2026-07-22 01:55:44.259: [INFO][SyncManagerImpl::ConfigureSyncer] Types to download: Encryption Keys with reason: 3
2026-07-22 01:55:44.259: [INFO][SyncSchedulerImpl::DoConfigurationSyncCycleJob] Configure job was blocked
2026-07-22 01:55:44.276: [INFO][SyncAuthManager::SetLastAuthError] Current auth error: None
2026-07-22 01:55:44.276: [INFO][SyncAuthManager::EdgeLogTokenErrorState] Token error with: None for account type: MSA
2026-07-22 01:55:44.276: [INFO][Sync] Credentials changed for: EdgeSyncScopeNew
2026-07-22 01:55:44.306: [INFO][SyncAuthManager::SetLastAuthError] Current auth error: None
2026-07-22 01:55:44.306: [INFO][SyncAuthManager::EdgeLogTokenErrorState] Token error with: None for account type: MSA
2026-07-22 01:55:44.306: [INFO][Sync] Credentials changed for: EdgeSyncKeyDataScope
2026-07-22 01:55:44.306: [INFO][SyncEngineBackend::DoUpdateKeyDataCredentials] Update key data credentials
2026-07-22 01:55:44.306: [INFO][SyncEngineBackend::DoUpdateCredentials] Update credentials
2026-07-22 01:55:44.306: [INFO][SyncSchedulerImpl::DoConfigurationSyncCycleJob] Blocked types:  and types to download: Encryption Keys
2026-07-22 01:55:44.949: [INFO][Sync] Started DataTypeManager configuration, reason: 4
2026-07-22 01:55:44.949: [INFO][Sync] Configuring for: Bookmarks, Preferences, Passwords, Autofill Profiles, Autofill, Extensions, Sessions, Extension settings, History Delete Directives, Device Info, User Consents, Send Tab To Self, Web Apps, History, Saved Tab Group, WebAuthn Credentials, Edge E Drop, Edge Hub App Usage, Edge Workspace, Encryption Keys, reason: 3, current state: 0
2026-07-22 01:55:44.949: [WARN][Sync] Crypto error data types: Passwords, Autofill Profiles, Autofill
2026-07-22 01:55:44.951: [INFO][Sync] Configure, desired: Bookmarks, Preferences, Extensions, Sessions, Extension settings, History Delete Directives, Device Info, User Consents, Send Tab To Self, Web Apps, History, Saved Tab Group, WebAuthn Credentials, Edge E Drop, Edge Hub App Usage, Edge Workspace, Encryption Keys; Allow fail: Passwords, Autofill Profiles, Autofill
2026-07-22 01:55:44.951: [INFO][Sync] Loading: Bookmarks
2026-07-22 01:55:44.951: [INFO][Sync] Loading: Preferences
2026-07-22 01:55:44.951: [INFO][Sync] Loading: Extensions
2026-07-22 01:55:44.951: [INFO][Sync] Loading: Sessions
2026-07-22 01:55:44.951: [INFO][Sync] Loading: Extension settings
2026-07-22 01:55:44.951: [INFO][Sync] Loading: History Delete Directives
2026-07-22 01:55:44.951: [INFO][Sync] Loading: Device Info
2026-07-22 01:55:44.951: [INFO][Sync] Loading: User Consents
2026-07-22 01:55:44.951: [INFO][Sync] Loading: Send Tab To Self
2026-07-22 01:55:44.951: [INFO][Sync] Loading: Web Apps
2026-07-22 01:55:44.951: [INFO][Sync] Loading: History
2026-07-22 01:55:44.951: [INFO][Sync] Loading: Saved Tab Group
2026-07-22 01:55:44.951: [INFO][Sync] Loading: WebAuthn Credentials
2026-07-22 01:55:44.951: [INFO][Sync] Loading: Edge E Drop
2026-07-22 01:55:44.951: [INFO][Sync] Loading: Edge Hub App Usage
2026-07-22 01:55:44.951: [INFO][Sync] Loading: Edge Workspace
2026-07-22 01:55:44.982: [INFO][Sync] Started DataTypeManager configuration, reason: 1
2026-07-22 01:55:44.982: [INFO][Sync] Configuring for: Bookmarks, Preferences, Passwords, Autofill Profiles, Autofill, Extensions, Sessions, Extension settings, History Delete Directives, Device Info, User Consents, Send Tab To Self, Web Apps, History, Saved Tab Group, WebAuthn Credentials, Edge E Drop, Edge Hub App Usage, Edge Workspace, Encryption Keys, reason: 1, current state: 1
2026-07-22 01:55:45.514: [INFO][Sync] Connection status changed to: 2
2026-07-22 01:55:45.514: [INFO][SyncEngineBackend::DoStartConfiguration] Start configuration
2026-07-22 01:55:45.547: [INFO][SyncAuthManager::SetLastAuthError] Current auth error: None
2026-07-22 01:55:45.547: [INFO][SyncAuthManager::EdgeLogTokenErrorState] Token error with: None for account type: MSA
2026-07-22 01:55:45.547: [INFO][Sync] Credentials changed for: EdgeSyncKeyDataScope
2026-07-22 01:55:45.547: [INFO][SyncEngineBackend::DoUpdateKeyDataCredentials] Update key data credentials
2026-07-22 01:55:46.192: [INFO][SyncAuthManager::SetLastAuthError] Current auth error: None
2026-07-22 01:55:46.192: [INFO][SyncAuthManager::EdgeLogTokenErrorState] Token error with: None for account type: MSA
2026-07-22 01:55:46.192: [INFO][Sync] Credentials changed for: EdgeSyncScopeNew
2026-07-22 01:55:46.192: [INFO][SyncEngineBackend::DoUpdateCredentials] Update credentials
2026-07-22 01:55:46.192: [INFO][SyncEngineBackend::DoUpdateKeyDataCredentials] Update key data credentials
2026-07-22 01:55:47.173: [INFO][Sync] Configuring for: Bookmarks, Preferences, Passwords, Autofill Profiles, Autofill, Extensions, Sessions, Extension settings, History Delete Directives, Device Info, User Consents, Send Tab To Self, Web Apps, History, Saved Tab Group, WebAuthn Credentials, Edge E Drop, Edge Hub App Usage, Edge Workspace, Encryption Keys, reason: 1, current state: 2
2026-07-22 01:55:47.173: [WARN][Sync] Crypto error data types: 
2026-07-22 01:55:47.173: [INFO][Sync] Configure, desired: Bookmarks, Preferences, Extensions, Sessions, Extension settings, History Delete Directives, Device Info, User Consents, Send Tab To Self, Web Apps, History, Saved Tab Group, WebAuthn Credentials, Edge E Drop, Edge Hub App Usage, Edge Workspace, Encryption Keys; Allow fail: Passwords, Autofill Profiles, Autofill
2026-07-22 01:55:47.173: [INFO][Sync] All data types are ready for configure.
2026-07-22 01:55:47.173: [INFO][SyncManagerImpl::NudgeForInitialDownload] Initial download nudge for Bookmarks
2026-07-22 01:55:47.173: [INFO][SyncManagerImpl::NudgeForInitialDownload] Initial download nudge for Preferences
2026-07-22 01:55:47.173: [INFO][SyncManagerImpl::NudgeForInitialDownload] Initial download nudge for Extensions
2026-07-22 01:55:47.173: [INFO][SyncManagerImpl::NudgeForInitialDownload] Initial download nudge for Sessions
2026-07-22 01:55:47.173: [INFO][SyncManagerImpl::NudgeForInitialDownload] Initial download nudge for Extension settings
2026-07-22 01:55:47.173: [INFO][SyncManagerImpl::NudgeForInitialDownload] Initial download nudge for History Delete Directives
2026-07-22 01:55:47.173: [INFO][SyncManagerImpl::NudgeForInitialDownload] Initial download nudge for Device Info
2026-07-22 01:55:47.173: [INFO][SyncManagerImpl::NudgeForInitialDownload] Initial download nudge for Send Tab To Self
2026-07-22 01:55:47.173: [INFO][SyncManagerImpl::NudgeForInitialDownload] Initial download nudge for Web Apps
2026-07-22 01:55:47.173: [INFO][SyncManagerImpl::NudgeForInitialDownload] Initial download nudge for History
2026-07-22 01:55:47.173: [INFO][SyncManagerImpl::NudgeForInitialDownload] Initial download nudge for Saved Tab Group
2026-07-22 01:55:47.173: [INFO][SyncManagerImpl::NudgeForInitialDownload] Initial download nudge for WebAuthn Credentials
2026-07-22 01:55:47.174: [INFO][SyncManagerImpl::NudgeForInitialDownload] Initial download nudge for Edge E Drop
2026-07-22 01:55:47.174: [INFO][SyncManagerImpl::NudgeForInitialDownload] Initial download nudge for Edge Hub App Usage
2026-07-22 01:55:47.174: [INFO][SyncManagerImpl::NudgeForInitialDownload] Initial download nudge for Edge Workspace
2026-07-22 01:55:47.174: [INFO][SyncManagerImpl::ConfigureSyncer] Types to download:  with reason: 1
2026-07-22 01:55:47.174: [INFO][SyncEngineBackend::DoFinishConfigureDataTypes] Failed to download types:  and succeeded types: 
2026-07-22 01:55:47.174: [INFO][Sync] ConfigurationDone, failed: , succeeded: , remaining count: 3
2026-07-22 01:55:47.174: [INFO][Sync] Prepare to configure types: Device Info, Edge E Drop, Encryption Keys
2026-07-22 01:55:47.174: [INFO][SyncManagerImpl::ConfigureSyncer] Types to download: Device Info, Edge E Drop, Encryption Keys with reason: 1
2026-07-22 01:55:47.174: [INFO][SyncSchedulerImpl::DoConfigurationSyncCycleJob] Blocked types:  and types to download: Device Info, Edge E Drop, Encryption Keys
2026-07-22 01:55:47.815: [INFO][SyncEngineBackend::DoFinishConfigureDataTypes] Failed to download types:  and succeeded types: Device Info, Edge E Drop, Encryption Keys
2026-07-22 01:55:47.817: [INFO][Sync] ConfigurationDone, failed: , succeeded: Device Info, Edge E Drop, Encryption Keys, remaining count: 2
2026-07-22 01:55:47.817: [INFO][Sync] Prepare to configure types: Bookmarks, Preferences, Extensions, Sessions, Extension settings, History Delete Directives, Send Tab To Self, Web Apps, Saved Tab Group, WebAuthn Credentials, Edge Hub App Usage, Edge Workspace, Encryption Keys
2026-07-22 01:55:48.406: [INFO][Sync] Connection status changed to: 2
2026-07-22 01:55:48.406: [INFO][SyncManagerImpl::ConfigureSyncer] Types to download: Bookmarks, Preferences, Extensions, Sessions, Extension settings, History Delete Directives, Send Tab To Self, Web Apps, Saved Tab Group, WebAuthn Credentials, Edge Hub App Usage, Edge Workspace, Encryption Keys with reason: 1
2026-07-22 01:55:48.406: [INFO][SyncSchedulerImpl::DoConfigurationSyncCycleJob] Blocked types:  and types to download: Bookmarks, Preferences, Extensions, Sessions, Extension settings, History Delete Directives, Send Tab To Self, Web Apps, Saved Tab Group, WebAuthn Credentials, Edge Hub App Usage, Edge Workspace, Encryption Keys
2026-07-22 01:55:48.809: [INFO][SyncEngineBackend::DoFinishConfigureDataTypes] Failed to download types:  and succeeded types: Bookmarks, Preferences, Extensions, Sessions, Extension settings, History Delete Directives, Send Tab To Self, Web Apps, Saved Tab Group, WebAuthn Credentials, Edge Hub App Usage, Edge Workspace, Encryption Keys
2026-07-22 01:55:48.811: [INFO][Sync] ConfigurationDone, failed: , succeeded: Bookmarks, Preferences, Extensions, Sessions, Extension settings, History Delete Directives, Send Tab To Self, Web Apps, Saved Tab Group, WebAuthn Credentials, Edge Hub App Usage, Edge Workspace, Encryption Keys, remaining count: 1
2026-07-22 01:55:48.812: [INFO][Sync] Prepare to configure types: History, Encryption Keys
2026-07-22 01:55:49.317: [INFO][SyncManagerImpl::ConfigureSyncer] Types to download: History, Encryption Keys with reason: 1
2026-07-22 01:55:49.317: [INFO][Sync] Connection status changed to: 2
2026-07-22 01:55:49.317: [INFO][SyncSchedulerImpl::DoConfigurationSyncCycleJob] Blocked types:  and types to download: History, Encryption Keys
2026-07-22 01:55:50.159: [INFO][SyncEngineBackend::DoFinishConfigureDataTypes] Failed to download types:  and succeeded types: History, Encryption Keys
2026-07-22 01:55:50.161: [INFO][Sync] ConfigurationDone, failed: , succeeded: History, Encryption Keys, remaining count: 0
2026-07-22 01:55:50.161: [INFO][Sync]     Configuration completed, state: 7
2026-07-22 01:55:50.161: [INFO][Sync] Configured DataTypeManager: Ok
2026-07-22 01:55:50.164: [INFO][SyncAuthManager::SetLastAuthError] Current auth error: None
2026-07-22 01:55:50.164: [INFO][SyncAuthManager::EdgeLogTokenErrorState] Token error with: None for account type: MSA
2026-07-22 01:55:50.165: [INFO][Sync] Credentials changed for: EdgeSyncScopeNew
2026-07-22 01:55:50.322: [INFO][SyncAuthManager::SetLastAuthError] Current auth error: None
2026-07-22 01:55:50.322: [INFO][SyncAuthManager::EdgeLogTokenErrorState] Token error with: None for account type: MSA
2026-07-22 01:55:50.322: [INFO][Sync] Credentials changed for: EdgeSyncKeyDataScope
2026-07-22 01:55:50.674: [INFO][Sync] Connection status changed to: 2
2026-07-22 01:55:50.674: [INFO][SyncEngineBackend::DoStartSyncing] Start syncing
2026-07-22 01:55:50.674: [INFO][SyncEngineBackend::DoUpdateKeyDataCredentials] Update key data credentials
2026-07-22 01:55:50.674: [INFO][SyncEngineBackend::DoUpdateCredentials] Update credentials
2026-07-22 01:55:53.997: [INFO][SyncAuthManager::SetLastAuthError] Current auth error: None
2026-07-22 01:55:53.997: [INFO][SyncAuthManager::EdgeLogTokenErrorState] Token error with: None for account type: MSA
2026-07-22 01:55:53.997: [INFO][Sync] Credentials changed for: EdgeSyncScopeNew
2026-07-22 01:55:54.545: [INFO][Sync] Connection status changed to: 2
2026-07-22 01:55:54.654: [INFO][SyncAuthManager::SetLastAuthError] Current auth error: None
2026-07-22 01:55:54.654: [INFO][SyncAuthManager::EdgeLogTokenErrorState] Token error with: None for account type: MSA
2026-07-22 01:55:54.654: [INFO][Sync] Credentials changed for: EdgeSyncKeyDataScope
2026-07-22 01:55:54.654: [INFO][SyncEngineBackend::DoUpdateKeyDataCredentials] Update key data credentials
2026-07-22 01:55:54.655: [INFO][SyncEngineBackend::DoUpdateCredentials] Update credentials
2026-07-22 01:56:02.254: [INFO][SyncAuthManager::SetLastAuthError] Current auth error: None
2026-07-22 01:56:02.254: [INFO][SyncAuthManager::EdgeLogTokenErrorState] Token error with: None for account type: MSA
2026-07-22 01:56:02.254: [INFO][Sync] Credentials changed for: EdgeSyncScopeNew
2026-07-22 01:56:02.254: [INFO][SyncEngineBackend::DoUpdateCredentials] Update credentials
2026-07-22 01:56:02.254: [INFO][SyncEngineBackend::DoUpdateKeyDataCredentials] Update key data credentials
