{"logTime": "0722/044048", "correlationVector":"dDW9KSgSo6LXfGg5Da/vtp.1","action":"SyncServerConnectionManagerRequest", "result":"SYNC_SERVER_OK", "context":{"environment":"Prod_southeastasia_prod-s01-064-apac-southeastasia", "migrationStage":"NotStarted", "server":"akswtt00200001c"}}
{"logTime": "0722/044048", "correlationVector":"dDW9KSgSo6LXfGg5Da/vtp.2","action":"ProcessGetUpdates", "result":"Done", "context":{"dataType":"Encryption Keys", "deleted":"0", "process_failed_to_decrypt":"0", "process_pending_decryption":"0", "process_success":"1", "total":"1"}}
{"logTime": "0722/044049", "correlationVector":"/HQH+GL+O0lmq5chWmxRSG","action":"SyncServerConnectionManagerRequest", "result":"SYNC_SERVER_OK", "context":{"environment":"", "migrationStage":"", "server":""}}
{"logTime": "0722/044049", "correlationVector":"/HQH+GL+O0lmq5chWmxRSG.0","action":"EncryptionKeysFetcher.DownloadKeys:", "result":"Success", "context":Key count: 3, Last key timestamp: 2026-06-22T11:01:18Z}
{"logTime": "0722/044049", "correlationVector":"/HQH+GL+O0lmq5chWmxRSG.1","action":"EncryptionKeysManager::SetEncryptionKeys:", "result":"Success", "context":Key names[3]:[TM+Hg4PDGv+oNfPxWCvkrG1rA24WB1N8dl+Yb2pGKMabM7LSrRoa/CVTNmEOL1LrxJar+7bHomYIUL3mlddMww==][y2aRuXw8yLQcpnyyN46ZiwdAcZGcqS5beBaQOEGDHfWapKHHK+mHfoXBLDmKTAOolo6muDkoDbggiELVdDExTA==][cR72BwmGc7ZtpIFrrorIdMGPTr6kSkm/wLSMI+5mZs65+WpbhgUqdi1DPn2YS7Rjz+BG4fFaTklEAxd8oQcyhg==]}
{"logTime": "0722/044049", "correlationVector":"/HQH+GL+O0lmq5chWmxRSG.2","action":"EncryptionKeysManager::SetEncryptionKeysWithTimestamps:", "result":"Success", "context":Key timestamps[3]:[2025-10-03T08:25:23Z][2025-12-09T07:59:08Z][2026-06-22T11:01:18Z]}
{"logTime": "0722/044049", "correlationVector":"dDW9KSgSo6LXfGg5Da/vtp","action":"Initial GetUpdates", "result":"", "context":Reason: NEW_CLIENT. cV=dDW9KSgSo6LXfGg5Da/vtp}
{"logTime": "0722/044049", "correlationVector":"dDW9KSgSo6LXfGg5Da/vtp.3","action":"GetUpdates Response", "result":"Success", "context":Received 1 update(s). cV=dDW9KSgSo6LXfGg5Da/vtp.0;server=akswtt00200001c;cloudType=Consumer;environment=Prod_southeastasia_prod-s01-064-apac-southeastasia;migrationStage=NotStarted}
{"logTime": "0722/044049", "correlationVector":"+1B8qoGdxRn+tmiIdS9CXQ","action":"Initial GetUpdates", "result":"", "context":Reason: NEWLY_SUPPORTED_DATATYPE. cV=+1B8qoGdxRn+tmiIdS9CXQ}
{"logTime": "0722/044050", "correlationVector":"+1B8qoGdxRn+tmiIdS9CXQ.1","action":"SyncServerConnectionManagerRequest", "result":"SYNC_SERVER_OK", "context":{"environment":"Prod_southeastasia_prod-s01-064-apac-southeastasia", "migrationStage":"NotStarted", "server":"akswtt00200001d"}}
{"logTime": "0722/044050", "correlationVector":"+1B8qoGdxRn+tmiIdS9CXQ.2","action":"ProcessGetUpdates", "result":"Done", "context":{"dataType":"Passwords", "deleted":"0", "process_failed_to_decrypt":"0", "process_pending_decryption":"0", "process_success":"2", "total":"2"}}
{"logTime": "0722/044050", "correlationVector":"+1B8qoGdxRn+tmiIdS9CXQ.3","action":"ProcessGetUpdates", "result":"Done", "context":{"dataType":"Device Info", "deleted":"0", "process_failed_to_decrypt":"0", "process_pending_decryption":"0", "process_success":"19", "total":"19"}}
{"logTime": "0722/044050", "correlationVector":"+1B8qoGdxRn+tmiIdS9CXQ.4","action":"GetUpdates Response", "result":"Success", "context":Received 21 update(s). cV=+1B8qoGdxRn+tmiIdS9CXQ.0;server=akswtt00200001d;cloudType=Consumer;environment=Prod_southeastasia_prod-s01-064-apac-southeastasia;migrationStage=NotStarted}
{"logTime": "0722/044050", "correlationVector":"BJvDVSY3rDw7utYjfBNGmj","action":"Initial GetUpdates", "result":"", "context":Reason: NEWLY_SUPPORTED_DATATYPE. cV=BJvDVSY3rDw7utYjfBNGmj}
{"logTime": "0722/044051", "correlationVector":"BJvDVSY3rDw7utYjfBNGmj.1","action":"SyncServerConnectionManagerRequest", "result":"SYNC_SERVER_OK", "context":{"environment":"Prod_southeastasia_prod-s01-064-apac-southeastasia", "migrationStage":"NotStarted", "server":"akswtt00200001s"}}
{"logTime": "0722/044051", "correlationVector":"BJvDVSY3rDw7utYjfBNGmj.2","action":"ProcessGetUpdates", "result":"Done", "context":{"dataType":"Bookmarks", "deleted":"0", "process_failed_to_decrypt":"0", "process_pending_decryption":"0", "process_success":"6", "total":"6"}}
{"logTime": "0722/044051", "correlationVector":"BJvDVSY3rDw7utYjfBNGmj.3","action":"ProcessGetUpdates", "result":"Done", "context":{"dataType":"Preferences", "deleted":"0", "process_failed_to_decrypt":"0", "process_pending_decryption":"0", "process_success":"42", "total":"42"}}
{"logTime": "0722/044051", "correlationVector":"BJvDVSY3rDw7utYjfBNGmj.4","action":"ProcessGetUpdates", "result":"Done", "context":{"dataType":"Autofill", "deleted":"0", "process_failed_to_decrypt":"0", "process_pending_decryption":"0", "process_success":"202", "total":"202"}}
{"logTime": "0722/044051", "correlationVector":"BJvDVSY3rDw7utYjfBNGmj.5","action":"GetUpdates Response", "result":"Success", "context":Received 250 update(s). cV=BJvDVSY3rDw7utYjfBNGmj.0;server=akswtt00200001s;cloudType=Consumer;environment=Prod_southeastasia_prod-s01-064-apac-southeastasia;migrationStage=NotStarted Some updates remain.}
{"logTime": "0722/044051", "correlationVector":"cdzH11hRElBUyBbjFx6q5E","action":"Initial GetUpdates", "result":"", "context":Reason: NEWLY_SUPPORTED_DATATYPE. cV=cdzH11hRElBUyBbjFx6q5E}
{"logTime": "0722/044052", "correlationVector":"cdzH11hRElBUyBbjFx6q5E.1","action":"SyncServerConnectionManagerRequest", "result":"SYNC_SERVER_OK", "context":{"environment":"Prod_southeastasia_prod-s01-064-apac-southeastasia", "migrationStage":"NotStarted", "server":"akswtt002000015"}}
{"logTime": "0722/044052", "correlationVector":"cdzH11hRElBUyBbjFx6q5E.2","action":"ProcessGetUpdates", "result":"Done", "context":{"dataType":"Preferences", "deleted":"0", "process_failed_to_decrypt":"0", "process_pending_decryption":"0", "process_success":"15", "total":"15"}}
{"logTime": "0722/044052", "correlationVector":"cdzH11hRElBUyBbjFx6q5E.3","action":"ProcessGetUpdates", "result":"Done", "context":{"dataType":"Autofill Profiles", "deleted":"0", "process_failed_to_decrypt":"0", "process_pending_decryption":"0", "process_success":"1", "total":"1"}}
{"logTime": "0722/044052", "correlationVector":"cdzH11hRElBUyBbjFx6q5E.4","action":"ProcessGetUpdates", "result":"Done", "context":{"dataType":"Autofill", "deleted":"0", "process_failed_to_decrypt":"0", "process_pending_decryption":"0", "process_success":"116", "total":"116"}}
{"logTime": "0722/044052", "correlationVector":"cdzH11hRElBUyBbjFx6q5E.5","action":"ProcessGetUpdates", "result":"Done", "context":{"dataType":"Sessions", "deleted":"15", "process_failed_to_decrypt":"0", "process_pending_decryption":"0", "process_success":"51", "total":"51"}}
{"logTime": "0722/044052", "correlationVector":"cdzH11hRElBUyBbjFx6q5E.6","action":"ProcessGetUpdates", "result":"Done", "context":{"dataType":"Edge Hub App Usage", "deleted":"8", "process_failed_to_decrypt":"0", "process_pending_decryption":"0", "process_success":"25", "total":"25"}}
{"logTime": "0722/044052", "correlationVector":"cdzH11hRElBUyBbjFx6q5E.7","action":"GetUpdates Response", "result":"Success", "context":Received 208 update(s). cV=cdzH11hRElBUyBbjFx6q5E.0;server=akswtt002000015;cloudType=Consumer;environment=Prod_southeastasia_prod-s01-064-apac-southeastasia;migrationStage=NotStarted}
{"logTime": "0722/044053", "correlationVector":"QlEaRwEkX4di6ggUJb69N/","action":"Initial GetUpdates", "result":"", "context":Reason: NEWLY_SUPPORTED_DATATYPE. cV=QlEaRwEkX4di6ggUJb69N/}
{"logTime": "0722/044054", "correlationVector":"QlEaRwEkX4di6ggUJb69N/.1","action":"SyncServerConnectionManagerRequest", "result":"SYNC_SERVER_OK", "context":{"environment":"Prod_southeastasia_prod-s01-064-apac-southeastasia", "migrationStage":"NotStarted", "server":"akswtt00200001s"}}
{"logTime": "0722/044054", "correlationVector":"QlEaRwEkX4di6ggUJb69N/.2","action":"ProcessGetUpdates", "result":"Done", "context":{"dataType":"History", "deleted":"0", "process_failed_to_decrypt":"0", "process_pending_decryption":"0", "process_success":"56", "total":"56"}}
{"logTime": "0722/044054", "correlationVector":"QlEaRwEkX4di6ggUJb69N/.3","action":"GetUpdates Response", "result":"Success", "context":Received 56 update(s). cV=QlEaRwEkX4di6ggUJb69N/.0;server=akswtt00200001s;cloudType=Consumer;environment=Prod_southeastasia_prod-s01-064-apac-southeastasia;migrationStage=NotStarted}
{"logTime": "0722/044055", "correlationVector":"/lvkyjeI7WPHqZ5siVLSVk","action":"Normal GetUpdate request", "result":"", "context":cV=/lvkyjeI7WPHqZ5siVLSVk
Nudged types: Sessions, Device Info, User Consents
Refresh requested types: Bookmarks, Preferences, Passwords, Autofill Profiles, Autofill, Extensions, Sessions, Extension settings, History Delete Directives, Device Info, User Consents, Send Tab To Self, Web Apps, History, Saved Tab Group, WebAuthn Credentials, Edge E Drop, Edge Hub App Usage, Edge Workspace, Encryption Keys}
{"logTime": "0722/044056", "correlationVector":"/lvkyjeI7WPHqZ5siVLSVk.1","action":"SyncServerConnectionManagerRequest", "result":"SYNC_SERVER_OK", "context":{"environment":"Prod_southeastasia_prod-s01-064-apac-southeastasia", "migrationStage":"NotStarted", "server":"akswtt00200000u"}}
{"logTime": "0722/044056", "correlationVector":"/lvkyjeI7WPHqZ5siVLSVk.2","action":"GetUpdates Response", "result":"Success", "context":Received 0 update(s). cV=/lvkyjeI7WPHqZ5siVLSVk.0;server=akswtt00200000u;cloudType=Consumer;environment=Prod_southeastasia_prod-s01-064-apac-southeastasia;migrationStage=NotStarted}
{"logTime": "0722/044056", "correlationVector":"YF9NsIftqmQtbR665Wx7RL","action":"DoCompareDataConsistency requsted types: ", "result":"Bookmarks, Preferences, Passwords, Extensions, Extension settings, History Delete Directives, Send Tab To Self, Web Apps, History, Saved Tab Group, WebAuthn Credentials, Edge E Drop, Edge Workspace, Encryption Keys"}
{"logTime": "0722/044056", "correlationVector":"YF9NsIftqmQtbR665Wx7RL.0","action":"CompareDataConsistency result: ", "result":"Compare result: Encryption Keys is consistent. local entities count is: 1 local entities hash is: VXDOKZJGqACCopgHLDsAkAU9Z00="}
{"logTime": "0722/044056", "correlationVector":"YF9NsIftqmQtbR665Wx7RL.1","action":"CompareDataConsistency result: ", "result":"Compare result: Bookmarks is consistent. local entities count is: 0 local entities hash is: "}
{"logTime": "0722/044056", "correlationVector":"YF9NsIftqmQtbR665Wx7RL.2","action":"CompareDataConsistency result: ", "result":"Compare result: Preferences is consistent. local entities count is: 57 local entities hash is: Z0YFkw5XLi9M1tKE4cd2khtiyN4="}
{"logTime": "0722/044056", "correlationVector":"YF9NsIftqmQtbR665Wx7RL.3","action":"CompareDataConsistency result: ", "result":"Compare result: Extensions is consistent. local entities count is: 0 local entities hash is: "}
{"logTime": "0722/044056", "correlationVector":"YF9NsIftqmQtbR665Wx7RL.4","action":"CompareDataConsistency result: ", "result":"Compare result: Extension settings is consistent. local entities count is: 0 local entities hash is: "}
{"logTime": "0722/044056", "correlationVector":"YF9NsIftqmQtbR665Wx7RL.5","action":"CompareDataConsistency result: ", "result":"Compare result: History Delete Directives is consistent. local entities count is: 0 local entities hash is: "}
{"logTime": "0722/044056", "correlationVector":"YF9NsIftqmQtbR665Wx7RL.6","action":"CompareDataConsistency result: ", "result":"Server did not send this Send Tab To Self local entities count is: 0 local entities hash is: "}
{"logTime": "0722/044056", "correlationVector":"YF9NsIftqmQtbR665Wx7RL.7","action":"CompareDataConsistency result: ", "result":"Compare result: Web Apps is consistent. local entities count is: 0 local entities hash is: "}
{"logTime": "0722/044056", "correlationVector":"YF9NsIftqmQtbR665Wx7RL.8","action":"CompareDataConsistency result: ", "result":"Server did not send this History local entities count is: 0 local entities hash is: "}
{"logTime": "0722/044056", "correlationVector":"YF9NsIftqmQtbR665Wx7RL.9","action":"CompareDataConsistency result: ", "result":"Compare result: Saved Tab Group is consistent. local entities count is: 0 local entities hash is: "}
{"logTime": "0722/044056", "correlationVector":"YF9NsIftqmQtbR665Wx7RL.10","action":"CompareDataConsistency result: ", "result":"Server did not send this WebAuthn Credentials local entities count is: 0 local entities hash is: "}
{"logTime": "0722/044056", "correlationVector":"YF9NsIftqmQtbR665Wx7RL.11","action":"CompareDataConsistency result: ", "result":"Compare result: Edge E Drop is consistent. local entities count is: 0 local entities hash is: "}
{"logTime": "0722/044056", "correlationVector":"YF9NsIftqmQtbR665Wx7RL.12","action":"CompareDataConsistency result: ", "result":"Server did not send this Edge Workspace local entities count is: 0 local entities hash is: "}
{"logTime": "0722/044056", "correlationVector":"YF9NsIftqmQtbR665Wx7RL.13","action":"CompareDataConsistency result: ", "result":"Compare result: Passwords is consistent. local entities count is: 2 local entities hash is: nhP27wL6lsAQ+ZP39Etq32yqXuI="}
{"logTime": "0722/044056", "correlationVector":"w3RklxljGvjF8wQtrEX1If","action":"Commit Request", "result":"", "context":Item count: 4
Contributing types: Sessions, Device Info, User Consents}
{"logTime": "0722/044057", "correlationVector":"w3RklxljGvjF8wQtrEX1If.1","action":"SyncServerConnectionManagerRequest", "result":"SYNC_SERVER_OK", "context":{"environment":"Prod_southeastasia_prod-s01-064-apac-southeastasia", "migrationStage":"NotStarted", "server":"akswtt00200000m"}}
{"logTime": "0722/044057", "correlationVector":"w3RklxljGvjF8wQtrEX1If.2","action":"Commit Response", "result":"Success", "context":Result: Success. cV=w3RklxljGvjF8wQtrEX1If.0;server=akswtt00200000m;cloudType=Consumer;environment=Prod_southeastasia_prod-s01-064-apac-southeastasia;migrationStage=NotStarted}
{"logTime": "0722/044057", "correlationVector":"","action":"DIAGNOSTIC_REQUEST|v1/diagnosticData/Diagnostic.SendCheckResult()|SUCCESS", "result":""}
{"logTime": "0722/044104", "correlationVector":"tXCN+gTb3MwkfSuJDRC1vN","action":"Commit Request", "result":"", "context":Item count: 1
Contributing types: Edge Hub App Usage}
{"logTime": "0722/044104", "correlationVector":"tXCN+gTb3MwkfSuJDRC1vN.1","action":"SyncServerConnectionManagerRequest", "result":"SYNC_SERVER_OK", "context":{"environment":"Prod_southeastasia_prod-s01-064-apac-southeastasia", "migrationStage":"NotStarted", "server":"akswtt002000015"}}
{"logTime": "0722/044104", "correlationVector":"tXCN+gTb3MwkfSuJDRC1vN.2","action":"Commit Response", "result":"Success", "context":Result: Success. cV=tXCN+gTb3MwkfSuJDRC1vN.0;server=akswtt002000015;cloudType=Consumer;environment=Prod_southeastasia_prod-s01-064-apac-southeastasia;migrationStage=NotStarted}
{"logTime": "0722/044144", "correlationVector":"9kbSBkRTvV58pE01LxuYwS","action":"Commit Request", "result":"", "context":Item count: 4
Contributing types: Passwords, Sessions, History}
{"logTime": "0722/044145", "correlationVector":"9kbSBkRTvV58pE01LxuYwS.1","action":"SyncServerConnectionManagerRequest", "result":"SYNC_SERVER_OK", "context":{"environment":"Prod_southeastasia_prod-s01-064-apac-southeastasia", "migrationStage":"NotStarted", "server":"akswtt002000007"}}
{"logTime": "0722/044145", "correlationVector":"9kbSBkRTvV58pE01LxuYwS.2","action":"Commit Response", "result":"Success", "context":Result: Success. cV=9kbSBkRTvV58pE01LxuYwS.0;server=akswtt002000007;cloudType=Consumer;environment=Prod_southeastasia_prod-s01-064-apac-southeastasia;migrationStage=NotStarted}
