{"logTime": "0722/024212", "correlationVector":"EowJdgFS0fmLm6OBBrq33L.1","action":"SyncServerConnectionManagerRequest", "result":"SYNC_SERVER_OK", "context":{"environment":"Prod_southeastasia_prod-s01-064-apac-southeastasia", "migrationStage":"NotStarted", "server":"akswtt002000001"}}
{"logTime": "0722/024212", "correlationVector":"EowJdgFS0fmLm6OBBrq33L.2","action":"ProcessGetUpdates", "result":"Done", "context":{"dataType":"Encryption Keys", "deleted":"0", "process_failed_to_decrypt":"0", "process_pending_decryption":"0", "process_success":"1", "total":"1"}}
{"logTime": "0722/024213", "correlationVector":"E+iiKoxnE29EoLk60ls7s9","action":"SyncServerConnectionManagerRequest", "result":"SYNC_SERVER_OK", "context":{"environment":"", "migrationStage":"", "server":""}}
{"logTime": "0722/024213", "correlationVector":"E+iiKoxnE29EoLk60ls7s9.0","action":"EncryptionKeysFetcher.DownloadKeys:", "result":"Success", "context":Key count: 3, Last key timestamp: 2026-06-22T11:01:18Z}
{"logTime": "0722/024213", "correlationVector":"E+iiKoxnE29EoLk60ls7s9.1","action":"EncryptionKeysManager::SetEncryptionKeys:", "result":"Success", "context":Key names[3]:[TM+Hg4PDGv+oNfPxWCvkrG1rA24WB1N8dl+Yb2pGKMabM7LSrRoa/CVTNmEOL1LrxJar+7bHomYIUL3mlddMww==][y2aRuXw8yLQcpnyyN46ZiwdAcZGcqS5beBaQOEGDHfWapKHHK+mHfoXBLDmKTAOolo6muDkoDbggiELVdDExTA==][cR72BwmGc7ZtpIFrrorIdMGPTr6kSkm/wLSMI+5mZs65+WpbhgUqdi1DPn2YS7Rjz+BG4fFaTklEAxd8oQcyhg==]}
{"logTime": "0722/024213", "correlationVector":"E+iiKoxnE29EoLk60ls7s9.2","action":"EncryptionKeysManager::SetEncryptionKeysWithTimestamps:", "result":"Success", "context":Key timestamps[3]:[2025-10-03T08:25:23Z][2025-12-09T07:59:08Z][2026-06-22T11:01:18Z]}
{"logTime": "0722/024213", "correlationVector":"EowJdgFS0fmLm6OBBrq33L","action":"Initial GetUpdates", "result":"", "context":Reason: NEW_CLIENT. cV=EowJdgFS0fmLm6OBBrq33L}
{"logTime": "0722/024213", "correlationVector":"EowJdgFS0fmLm6OBBrq33L.3","action":"GetUpdates Response", "result":"Success", "context":Received 1 update(s). cV=EowJdgFS0fmLm6OBBrq33L.0;server=akswtt002000001;cloudType=Consumer;environment=Prod_southeastasia_prod-s01-064-apac-southeastasia;migrationStage=NotStarted}
{"logTime": "0722/024213", "correlationVector":"3z6QLZnnxLDkDR18LtJfrY","action":"Initial GetUpdates", "result":"", "context":Reason: NEWLY_SUPPORTED_DATATYPE. cV=3z6QLZnnxLDkDR18LtJfrY}
{"logTime": "0722/024214", "correlationVector":"3z6QLZnnxLDkDR18LtJfrY.1","action":"SyncServerConnectionManagerRequest", "result":"SYNC_SERVER_OK", "context":{"environment":"Prod_southeastasia_prod-s01-064-apac-southeastasia", "migrationStage":"NotStarted", "server":"akswtt00200001c"}}
{"logTime": "0722/024214", "correlationVector":"3z6QLZnnxLDkDR18LtJfrY.2","action":"ProcessGetUpdates", "result":"Done", "context":{"dataType":"Passwords", "deleted":"0", "process_failed_to_decrypt":"0", "process_pending_decryption":"0", "process_success":"2", "total":"2"}}
{"logTime": "0722/024214", "correlationVector":"3z6QLZnnxLDkDR18LtJfrY.3","action":"ProcessGetUpdates", "result":"Done", "context":{"dataType":"Device Info", "deleted":"0", "process_failed_to_decrypt":"0", "process_pending_decryption":"0", "process_success":"9", "total":"9"}}
{"logTime": "0722/024214", "correlationVector":"3z6QLZnnxLDkDR18LtJfrY.4","action":"GetUpdates Response", "result":"Success", "context":Received 11 update(s). cV=3z6QLZnnxLDkDR18LtJfrY.0;server=akswtt00200001c;cloudType=Consumer;environment=Prod_southeastasia_prod-s01-064-apac-southeastasia;migrationStage=NotStarted}
{"logTime": "0722/024214", "correlationVector":"TYM+/DWGr3Zge52/pAVZBJ","action":"Initial GetUpdates", "result":"", "context":Reason: NEWLY_SUPPORTED_DATATYPE. cV=TYM+/DWGr3Zge52/pAVZBJ}
{"logTime": "0722/024214", "correlationVector":"TYM+/DWGr3Zge52/pAVZBJ.1","action":"SyncServerConnectionManagerRequest", "result":"SYNC_SERVER_OK", "context":{"environment":"Prod_southeastasia_prod-s01-064-apac-southeastasia", "migrationStage":"NotStarted", "server":"akswtt00200000g"}}
{"logTime": "0722/024214", "correlationVector":"TYM+/DWGr3Zge52/pAVZBJ.2","action":"ProcessGetUpdates", "result":"Done", "context":{"dataType":"Bookmarks", "deleted":"0", "process_failed_to_decrypt":"0", "process_pending_decryption":"0", "process_success":"6", "total":"6"}}
{"logTime": "0722/024214", "correlationVector":"TYM+/DWGr3Zge52/pAVZBJ.3","action":"ProcessGetUpdates", "result":"Done", "context":{"dataType":"Preferences", "deleted":"0", "process_failed_to_decrypt":"0", "process_pending_decryption":"0", "process_success":"42", "total":"42"}}
{"logTime": "0722/024214", "correlationVector":"TYM+/DWGr3Zge52/pAVZBJ.4","action":"ProcessGetUpdates", "result":"Done", "context":{"dataType":"Autofill", "deleted":"0", "process_failed_to_decrypt":"0", "process_pending_decryption":"0", "process_success":"202", "total":"202"}}
{"logTime": "0722/024214", "correlationVector":"TYM+/DWGr3Zge52/pAVZBJ.5","action":"GetUpdates Response", "result":"Success", "context":Received 250 update(s). cV=TYM+/DWGr3Zge52/pAVZBJ.0;server=akswtt00200000g;cloudType=Consumer;environment=Prod_southeastasia_prod-s01-064-apac-southeastasia;migrationStage=NotStarted Some updates remain.}
{"logTime": "0722/024214", "correlationVector":"OzIKVa02wKK/g2FmJNZtyR","action":"Initial GetUpdates", "result":"", "context":Reason: NEWLY_SUPPORTED_DATATYPE. cV=OzIKVa02wKK/g2FmJNZtyR}
{"logTime": "0722/024214", "correlationVector":"OzIKVa02wKK/g2FmJNZtyR.1","action":"SyncServerConnectionManagerRequest", "result":"SYNC_SERVER_OK", "context":{"environment":"Prod_southeastasia_prod-s01-064-apac-southeastasia", "migrationStage":"NotStarted", "server":"akswtt00200000r"}}
{"logTime": "0722/024214", "correlationVector":"OzIKVa02wKK/g2FmJNZtyR.2","action":"ProcessGetUpdates", "result":"Done", "context":{"dataType":"Preferences", "deleted":"0", "process_failed_to_decrypt":"0", "process_pending_decryption":"0", "process_success":"15", "total":"15"}}
{"logTime": "0722/024214", "correlationVector":"OzIKVa02wKK/g2FmJNZtyR.3","action":"ProcessGetUpdates", "result":"Done", "context":{"dataType":"Autofill Profiles", "deleted":"0", "process_failed_to_decrypt":"0", "process_pending_decryption":"0", "process_success":"1", "total":"1"}}
{"logTime": "0722/024214", "correlationVector":"OzIKVa02wKK/g2FmJNZtyR.4","action":"ProcessGetUpdates", "result":"Done", "context":{"dataType":"Autofill", "deleted":"0", "process_failed_to_decrypt":"0", "process_pending_decryption":"0", "process_success":"116", "total":"116"}}
{"logTime": "0722/024214", "correlationVector":"OzIKVa02wKK/g2FmJNZtyR.5","action":"ProcessGetUpdates", "result":"Done", "context":{"dataType":"Sessions", "deleted":"15", "process_failed_to_decrypt":"0", "process_pending_decryption":"0", "process_success":"28", "total":"28"}}
{"logTime": "0722/024214", "correlationVector":"OzIKVa02wKK/g2FmJNZtyR.6","action":"ProcessGetUpdates", "result":"Done", "context":{"dataType":"Edge Hub App Usage", "deleted":"8", "process_failed_to_decrypt":"0", "process_pending_decryption":"0", "process_success":"15", "total":"15"}}
{"logTime": "0722/024214", "correlationVector":"OzIKVa02wKK/g2FmJNZtyR.7","action":"GetUpdates Response", "result":"Success", "context":Received 175 update(s). cV=OzIKVa02wKK/g2FmJNZtyR.0;server=akswtt00200000r;cloudType=Consumer;environment=Prod_southeastasia_prod-s01-064-apac-southeastasia;migrationStage=NotStarted}
{"logTime": "0722/024215", "correlationVector":"e+gJ2b8oGUBQANU+5GMr22","action":"Initial GetUpdates", "result":"", "context":Reason: NEWLY_SUPPORTED_DATATYPE. cV=e+gJ2b8oGUBQANU+5GMr22}
{"logTime": "0722/024216", "correlationVector":"e+gJ2b8oGUBQANU+5GMr22.1","action":"SyncServerConnectionManagerRequest", "result":"SYNC_SERVER_OK", "context":{"environment":"Prod_southeastasia_prod-s01-064-apac-southeastasia", "migrationStage":"NotStarted", "server":"akswtt002000004"}}
{"logTime": "0722/024216", "correlationVector":"e+gJ2b8oGUBQANU+5GMr22.2","action":"ProcessGetUpdates", "result":"Done", "context":{"dataType":"History", "deleted":"0", "process_failed_to_decrypt":"0", "process_pending_decryption":"0", "process_success":"19", "total":"19"}}
{"logTime": "0722/024216", "correlationVector":"e+gJ2b8oGUBQANU+5GMr22.3","action":"GetUpdates Response", "result":"Success", "context":Received 19 update(s). cV=e+gJ2b8oGUBQANU+5GMr22.0;server=akswtt002000004;cloudType=Consumer;environment=Prod_southeastasia_prod-s01-064-apac-southeastasia;migrationStage=NotStarted}
{"logTime": "0722/024217", "correlationVector":"3z6VpsSBSb9tsBGmVI64Tt","action":"Normal GetUpdate request", "result":"", "context":cV=3z6VpsSBSb9tsBGmVI64Tt
Nudged types: Sessions, Device Info, User Consents
Refresh requested types: Bookmarks, Preferences, Passwords, Autofill Profiles, Autofill, Extensions, Sessions, Extension settings, History Delete Directives, Device Info, User Consents, Send Tab To Self, Web Apps, History, Saved Tab Group, WebAuthn Credentials, Edge E Drop, Edge Hub App Usage, Edge Workspace, Encryption Keys}
{"logTime": "0722/024217", "correlationVector":"3z6VpsSBSb9tsBGmVI64Tt.1","action":"SyncServerConnectionManagerRequest", "result":"SYNC_SERVER_OK", "context":{"environment":"Prod_southeastasia_prod-s01-064-apac-southeastasia", "migrationStage":"NotStarted", "server":"akswtt00200000k"}}
{"logTime": "0722/024217", "correlationVector":"3z6VpsSBSb9tsBGmVI64Tt.2","action":"GetUpdates Response", "result":"Success", "context":Received 0 update(s). cV=3z6VpsSBSb9tsBGmVI64Tt.0;server=akswtt00200000k;cloudType=Consumer;environment=Prod_southeastasia_prod-s01-064-apac-southeastasia;migrationStage=NotStarted}
{"logTime": "0722/024218", "correlationVector":"+Y27pDP3zyPVn+ERHAkl5C","action":"DoCompareDataConsistency requsted types: ", "result":"Bookmarks, Preferences, Passwords, Extensions, Extension settings, History Delete Directives, Send Tab To Self, Web Apps, History, Saved Tab Group, WebAuthn Credentials, Edge E Drop, Edge Workspace, Encryption Keys"}
{"logTime": "0722/024218", "correlationVector":"+Y27pDP3zyPVn+ERHAkl5C.0","action":"CompareDataConsistency result: ", "result":"Compare result: Encryption Keys is consistent. local entities count is: 1 local entities hash is: VXDOKZJGqACCopgHLDsAkAU9Z00="}
{"logTime": "0722/024218", "correlationVector":"+Y27pDP3zyPVn+ERHAkl5C.1","action":"CompareDataConsistency result: ", "result":"Compare result: Bookmarks is consistent. local entities count is: 0 local entities hash is: "}
{"logTime": "0722/024218", "correlationVector":"+Y27pDP3zyPVn+ERHAkl5C.2","action":"CompareDataConsistency result: ", "result":"Compare result: Preferences is consistent. local entities count is: 57 local entities hash is: Z0YFkw5XLi9M1tKE4cd2khtiyN4="}
{"logTime": "0722/024218", "correlationVector":"+Y27pDP3zyPVn+ERHAkl5C.3","action":"CompareDataConsistency result: ", "result":"Compare result: Passwords is consistent. local entities count is: 2 local entities hash is: z8cNgAL6HuX2hTkrPnTIYvYqLNM="}
{"logTime": "0722/024218", "correlationVector":"+Y27pDP3zyPVn+ERHAkl5C.4","action":"CompareDataConsistency result: ", "result":"Compare result: Extensions is consistent. local entities count is: 0 local entities hash is: "}
{"logTime": "0722/024218", "correlationVector":"+Y27pDP3zyPVn+ERHAkl5C.5","action":"CompareDataConsistency result: ", "result":"Compare result: Extension settings is consistent. local entities count is: 0 local entities hash is: "}
{"logTime": "0722/024218", "correlationVector":"+Y27pDP3zyPVn+ERHAkl5C.6","action":"CompareDataConsistency result: ", "result":"Compare result: History Delete Directives is consistent. local entities count is: 0 local entities hash is: "}
{"logTime": "0722/024218", "correlationVector":"+Y27pDP3zyPVn+ERHAkl5C.7","action":"CompareDataConsistency result: ", "result":"Server did not send this Send Tab To Self local entities count is: 0 local entities hash is: "}
{"logTime": "0722/024218", "correlationVector":"+Y27pDP3zyPVn+ERHAkl5C.8","action":"CompareDataConsistency result: ", "result":"Compare result: Web Apps is consistent. local entities count is: 0 local entities hash is: "}
{"logTime": "0722/024218", "correlationVector":"+Y27pDP3zyPVn+ERHAkl5C.9","action":"CompareDataConsistency result: ", "result":"Server did not send this History local entities count is: 0 local entities hash is: "}
{"logTime": "0722/024218", "correlationVector":"+Y27pDP3zyPVn+ERHAkl5C.10","action":"CompareDataConsistency result: ", "result":"Compare result: Saved Tab Group is consistent. local entities count is: 0 local entities hash is: "}
{"logTime": "0722/024218", "correlationVector":"+Y27pDP3zyPVn+ERHAkl5C.11","action":"CompareDataConsistency result: ", "result":"Server did not send this WebAuthn Credentials local entities count is: 0 local entities hash is: "}
{"logTime": "0722/024218", "correlationVector":"+Y27pDP3zyPVn+ERHAkl5C.12","action":"CompareDataConsistency result: ", "result":"Compare result: Edge E Drop is consistent. local entities count is: 0 local entities hash is: "}
{"logTime": "0722/024218", "correlationVector":"+Y27pDP3zyPVn+ERHAkl5C.13","action":"CompareDataConsistency result: ", "result":"Server did not send this Edge Workspace local entities count is: 0 local entities hash is: "}
{"logTime": "0722/024218", "correlationVector":"ZfobsIcrtU8BJdMCOH0PBw","action":"Commit Request", "result":"", "context":Item count: 4
Contributing types: Sessions, Device Info, User Consents}
{"logTime": "0722/024219", "correlationVector":"ZfobsIcrtU8BJdMCOH0PBw.1","action":"SyncServerConnectionManagerRequest", "result":"SYNC_SERVER_OK", "context":{"environment":"Prod_southeastasia_prod-s01-064-apac-southeastasia", "migrationStage":"NotStarted", "server":"akswtt002000016"}}
{"logTime": "0722/024219", "correlationVector":"ZfobsIcrtU8BJdMCOH0PBw.2","action":"Commit Response", "result":"Success", "context":Result: Success. cV=ZfobsIcrtU8BJdMCOH0PBw.0;server=akswtt002000016;cloudType=Consumer;environment=Prod_southeastasia_prod-s01-064-apac-southeastasia;migrationStage=NotStarted}
{"logTime": "0722/024219", "correlationVector":"","action":"DIAGNOSTIC_REQUEST|v1/diagnosticData/Diagnostic.SendCheckResult()|SUCCESS", "result":""}
{"logTime": "0722/024227", "correlationVector":"Ra5cuENKdSzF/H2MIF01ll","action":"Commit Request", "result":"", "context":Item count: 1
Contributing types: Edge Hub App Usage}
{"logTime": "0722/024228", "correlationVector":"Ra5cuENKdSzF/H2MIF01ll.1","action":"SyncServerConnectionManagerRequest", "result":"SYNC_SERVER_OK", "context":{"environment":"Prod_southeastasia_prod-s01-064-apac-southeastasia", "migrationStage":"NotStarted", "server":"akswtt00200000i"}}
{"logTime": "0722/024228", "correlationVector":"Ra5cuENKdSzF/H2MIF01ll.2","action":"Commit Response", "result":"Success", "context":Result: Success. cV=Ra5cuENKdSzF/H2MIF01ll.0;server=akswtt00200000i;cloudType=Consumer;environment=Prod_southeastasia_prod-s01-064-apac-southeastasia;migrationStage=NotStarted}
{"logTime": "0722/024308", "correlationVector":"IJRNahR2v2OPL5t+yZHBJY","action":"Commit Request", "result":"", "context":Item count: 1
Contributing types: Passwords}
{"logTime": "0722/024308", "correlationVector":"IJRNahR2v2OPL5t+yZHBJY.1","action":"SyncServerConnectionManagerRequest", "result":"SYNC_SERVER_OK", "context":{"environment":"Prod_southeastasia_prod-s01-064-apac-southeastasia", "migrationStage":"NotStarted", "server":"akswtt002000001"}}
{"logTime": "0722/024308", "correlationVector":"IJRNahR2v2OPL5t+yZHBJY.2","action":"Commit Response", "result":"Success", "context":Result: Success. cV=IJRNahR2v2OPL5t+yZHBJY.0;server=akswtt002000001;cloudType=Consumer;environment=Prod_southeastasia_prod-s01-064-apac-southeastasia;migrationStage=NotStarted}
