2026-07-22 02:47:01.810: [INFO] VisibilityChanged: 0
2026-07-22 02:47:01.819: [INFO] RecordSyncInitDuration has_sync_been_enabled: 0 state: 0
2026-07-22 02:47:01.820: [INFO] RecordSyncInitDuration has_sync_been_enabled: 0 state: 0
2026-07-22 02:47:01.821: [INFO] RecordSyncInitDuration has_sync_been_enabled: 0 state: 0
2026-07-22 02:47:01.821: [INFO] RecordSyncInitDuration has_sync_been_enabled: 0 state: 0
2026-07-22 02:47:01.822: [INFO] RecordSyncInitDuration has_sync_been_enabled: 0 state: 0
2026-07-22 02:47:01.823: [INFO] RecordSyncInitDuration has_sync_been_enabled: 0 state: 0
2026-07-22 02:47:01.823: [INFO] RecordSyncInitDuration has_sync_been_enabled: 0 state: 0
2026-07-22 02:47:01.824: [INFO] RecordSyncInitDuration has_sync_been_enabled: 0 state: 0
2026-07-22 02:47:01.824: [INFO] RecordSyncInitDuration has_sync_been_enabled: 0 state: 0
2026-07-22 02:47:01.825: [INFO] RecordSyncInitDuration has_sync_been_enabled: 0 state: 0
2026-07-22 02:47:01.833: [INFO] BookmarkModelLoaded, ids_reassigned: 0
2026-07-22 02:47:01.833: [INFO] OnDoneLoading sync enabled: 0
2026-07-22 02:47:03.525: [INFO] RecordSyncInitDuration has_sync_been_enabled: 0 state: 0
2026-07-22 02:47:03.528: [INFO] RecordSyncInitDuration has_sync_been_enabled: 0 state: 3
2026-07-22 02:47:03.531: [INFO] Primary account changed.
2026-07-22 02:47:03.531: [INFO] OnPrimaryAccountChanged PrimaryAccountChangeEvent::Type::kSet
2026-07-22 02:47:03.538: [INFO] RecordSyncInitDuration has_sync_been_enabled: 0 state: 3
2026-07-22 02:47:03.553: [INFO] RecordSyncInitDuration has_sync_been_enabled: 0 state: 3
2026-07-22 02:47:09.581: [INFO] Sync initialization duration: 5953ms
