2026-07-22 03:26:15.484: [INFO] VisibilityChanged: 0
2026-07-22 03:26:15.500: [INFO] RecordSyncInitDuration has_sync_been_enabled: 0 state: 0
2026-07-22 03:26:15.502: [INFO] RecordSyncInitDuration has_sync_been_enabled: 0 state: 0
2026-07-22 03:26:15.503: [INFO] RecordSyncInitDuration has_sync_been_enabled: 0 state: 0
2026-07-22 03:26:15.504: [INFO] RecordSyncInitDuration has_sync_been_enabled: 0 state: 0
2026-07-22 03:26:15.506: [INFO] RecordSyncInitDuration has_sync_been_enabled: 0 state: 0
2026-07-22 03:26:15.508: [INFO] RecordSyncInitDuration has_sync_been_enabled: 0 state: 0
2026-07-22 03:26:15.509: [INFO] RecordSyncInitDuration has_sync_been_enabled: 0 state: 0
2026-07-22 03:26:15.511: [INFO] RecordSyncInitDuration has_sync_been_enabled: 0 state: 0
2026-07-22 03:26:15.512: [INFO] RecordSyncInitDuration has_sync_been_enabled: 0 state: 0
2026-07-22 03:26:15.514: [INFO] RecordSyncInitDuration has_sync_been_enabled: 0 state: 0
2026-07-22 03:26:15.535: [INFO] BookmarkModelLoaded, ids_reassigned: 0
2026-07-22 03:26:15.535: [INFO] OnDoneLoading sync enabled: 0
2026-07-22 03:26:17.416: [INFO] RecordSyncInitDuration has_sync_been_enabled: 0 state: 0
2026-07-22 03:26:17.420: [INFO] RecordSyncInitDuration has_sync_been_enabled: 0 state: 3
2026-07-22 03:26:17.422: [INFO] Primary account changed.
2026-07-22 03:26:17.422: [INFO] OnPrimaryAccountChanged PrimaryAccountChangeEvent::Type::kSet
2026-07-22 03:26:17.429: [INFO] RecordSyncInitDuration has_sync_been_enabled: 0 state: 3
2026-07-22 03:26:17.446: [INFO] RecordSyncInitDuration has_sync_been_enabled: 0 state: 3
2026-07-22 03:26:24.641: [INFO] Sync initialization duration: 7120ms
