{"logTime": "0722/025229", "correlationVector":"jaLmT0gGA0uokZ3GOjN8+i.1","action":"SyncServerConnectionManagerRequest", "result":"SYNC_SERVER_OK", "context":{"environment":"Prod_southeastasia_prod-s01-064-apac-southeastasia", "migrationStage":"NotStarted", "server":"akswtt00200000c"}}
{"logTime": "0722/025229", "correlationVector":"jaLmT0gGA0uokZ3GOjN8+i.2","action":"ProcessGetUpdates", "result":"Done", "context":{"dataType":"Encryption Keys", "deleted":"0", "process_failed_to_decrypt":"0", "process_pending_decryption":"0", "process_success":"1", "total":"1"}}
{"logTime": "0722/025230", "correlationVector":"ttxDGFlpqPSp1f1u0QMNmA","action":"SyncServerConnectionManagerRequest", "result":"SYNC_SERVER_OK", "context":{"environment":"", "migrationStage":"", "server":""}}
{"logTime": "0722/025230", "correlationVector":"ttxDGFlpqPSp1f1u0QMNmA.0","action":"EncryptionKeysFetcher.DownloadKeys:", "result":"Success", "context":Key count: 3, Last key timestamp: 2026-06-22T11:01:18Z}
{"logTime": "0722/025230", "correlationVector":"ttxDGFlpqPSp1f1u0QMNmA.1","action":"EncryptionKeysManager::SetEncryptionKeys:", "result":"Success", "context":Key names[3]:[TM+Hg4PDGv+oNfPxWCvkrG1rA24WB1N8dl+Yb2pGKMabM7LSrRoa/CVTNmEOL1LrxJar+7bHomYIUL3mlddMww==][y2aRuXw8yLQcpnyyN46ZiwdAcZGcqS5beBaQOEGDHfWapKHHK+mHfoXBLDmKTAOolo6muDkoDbggiELVdDExTA==][cR72BwmGc7ZtpIFrrorIdMGPTr6kSkm/wLSMI+5mZs65+WpbhgUqdi1DPn2YS7Rjz+BG4fFaTklEAxd8oQcyhg==]}
{"logTime": "0722/025230", "correlationVector":"ttxDGFlpqPSp1f1u0QMNmA.2","action":"EncryptionKeysManager::SetEncryptionKeysWithTimestamps:", "result":"Success", "context":Key timestamps[3]:[2025-10-03T08:25:23Z][2025-12-09T07:59:08Z][2026-06-22T11:01:18Z]}
{"logTime": "0722/025230", "correlationVector":"jaLmT0gGA0uokZ3GOjN8+i","action":"Initial GetUpdates", "result":"", "context":Reason: NEW_CLIENT. cV=jaLmT0gGA0uokZ3GOjN8+i}
{"logTime": "0722/025230", "correlationVector":"jaLmT0gGA0uokZ3GOjN8+i.3","action":"GetUpdates Response", "result":"Success", "context":Received 1 update(s). cV=jaLmT0gGA0uokZ3GOjN8+i.0;server=akswtt00200000c;cloudType=Consumer;environment=Prod_southeastasia_prod-s01-064-apac-southeastasia;migrationStage=NotStarted}
{"logTime": "0722/025233", "correlationVector":"W13wFTU3UzgqO7RQlhnOqr","action":"Initial GetUpdates", "result":"", "context":Reason: NEWLY_SUPPORTED_DATATYPE. cV=W13wFTU3UzgqO7RQlhnOqr}
{"logTime": "0722/025233", "correlationVector":"W13wFTU3UzgqO7RQlhnOqr.1","action":"SyncServerConnectionManagerRequest", "result":"SYNC_SERVER_OK", "context":{"environment":"Prod_southeastasia_prod-s01-064-apac-southeastasia", "migrationStage":"NotStarted", "server":"akswtt00200000q"}}
{"logTime": "0722/025233", "correlationVector":"W13wFTU3UzgqO7RQlhnOqr.2","action":"ProcessGetUpdates", "result":"Done", "context":{"dataType":"Passwords", "deleted":"0", "process_failed_to_decrypt":"0", "process_pending_decryption":"0", "process_success":"2", "total":"2"}}
{"logTime": "0722/025233", "correlationVector":"W13wFTU3UzgqO7RQlhnOqr.3","action":"ProcessGetUpdates", "result":"Done", "context":{"dataType":"Device Info", "deleted":"0", "process_failed_to_decrypt":"0", "process_pending_decryption":"0", "process_success":"12", "total":"12"}}
{"logTime": "0722/025233", "correlationVector":"W13wFTU3UzgqO7RQlhnOqr.4","action":"GetUpdates Response", "result":"Success", "context":Received 14 update(s). cV=W13wFTU3UzgqO7RQlhnOqr.0;server=akswtt00200000q;cloudType=Consumer;environment=Prod_southeastasia_prod-s01-064-apac-southeastasia;migrationStage=NotStarted}
{"logTime": "0722/025233", "correlationVector":"7DmrL2F3TDNaKFUr9YKo/e","action":"Initial GetUpdates", "result":"", "context":Reason: NEWLY_SUPPORTED_DATATYPE. cV=7DmrL2F3TDNaKFUr9YKo/e}
{"logTime": "0722/025235", "correlationVector":"7DmrL2F3TDNaKFUr9YKo/e.1","action":"SyncServerConnectionManagerRequest", "result":"SYNC_SERVER_OK", "context":{"environment":"Prod_southeastasia_prod-s01-064-apac-southeastasia", "migrationStage":"NotStarted", "server":"akswtt00200000q"}}
{"logTime": "0722/025235", "correlationVector":"7DmrL2F3TDNaKFUr9YKo/e.2","action":"ProcessGetUpdates", "result":"Done", "context":{"dataType":"Bookmarks", "deleted":"0", "process_failed_to_decrypt":"0", "process_pending_decryption":"0", "process_success":"6", "total":"6"}}
{"logTime": "0722/025235", "correlationVector":"7DmrL2F3TDNaKFUr9YKo/e.3","action":"ProcessGetUpdates", "result":"Done", "context":{"dataType":"Preferences", "deleted":"0", "process_failed_to_decrypt":"0", "process_pending_decryption":"0", "process_success":"42", "total":"42"}}
{"logTime": "0722/025235", "correlationVector":"7DmrL2F3TDNaKFUr9YKo/e.4","action":"ProcessGetUpdates", "result":"Done", "context":{"dataType":"Autofill", "deleted":"0", "process_failed_to_decrypt":"0", "process_pending_decryption":"0", "process_success":"202", "total":"202"}}
{"logTime": "0722/025235", "correlationVector":"7DmrL2F3TDNaKFUr9YKo/e.5","action":"GetUpdates Response", "result":"Success", "context":Received 250 update(s). cV=7DmrL2F3TDNaKFUr9YKo/e.0;server=akswtt00200000q;cloudType=Consumer;environment=Prod_southeastasia_prod-s01-064-apac-southeastasia;migrationStage=NotStarted Some updates remain.}
{"logTime": "0722/025235", "correlationVector":"z38QeGTE4boJOvNQixxK38","action":"Initial GetUpdates", "result":"", "context":Reason: NEWLY_SUPPORTED_DATATYPE. cV=z38QeGTE4boJOvNQixxK38}
{"logTime": "0722/025235", "correlationVector":"z38QeGTE4boJOvNQixxK38.1","action":"SyncServerConnectionManagerRequest", "result":"SYNC_SERVER_OK", "context":{"environment":"Prod_southeastasia_prod-s01-064-apac-southeastasia", "migrationStage":"NotStarted", "server":"akswtt00200000u"}}
{"logTime": "0722/025235", "correlationVector":"z38QeGTE4boJOvNQixxK38.2","action":"ProcessGetUpdates", "result":"Done", "context":{"dataType":"Preferences", "deleted":"0", "process_failed_to_decrypt":"0", "process_pending_decryption":"0", "process_success":"15", "total":"15"}}
{"logTime": "0722/025235", "correlationVector":"z38QeGTE4boJOvNQixxK38.3","action":"ProcessGetUpdates", "result":"Done", "context":{"dataType":"Autofill Profiles", "deleted":"0", "process_failed_to_decrypt":"0", "process_pending_decryption":"0", "process_success":"1", "total":"1"}}
{"logTime": "0722/025235", "correlationVector":"z38QeGTE4boJOvNQixxK38.4","action":"ProcessGetUpdates", "result":"Done", "context":{"dataType":"Autofill", "deleted":"0", "process_failed_to_decrypt":"0", "process_pending_decryption":"0", "process_success":"116", "total":"116"}}
{"logTime": "0722/025235", "correlationVector":"z38QeGTE4boJOvNQixxK38.5","action":"ProcessGetUpdates", "result":"Done", "context":{"dataType":"Sessions", "deleted":"15", "process_failed_to_decrypt":"0", "process_pending_decryption":"0", "process_success":"35", "total":"35"}}
{"logTime": "0722/025235", "correlationVector":"z38QeGTE4boJOvNQixxK38.6","action":"ProcessGetUpdates", "result":"Done", "context":{"dataType":"Edge Hub App Usage", "deleted":"8", "process_failed_to_decrypt":"0", "process_pending_decryption":"0", "process_success":"18", "total":"18"}}
{"logTime": "0722/025235", "correlationVector":"z38QeGTE4boJOvNQixxK38.7","action":"GetUpdates Response", "result":"Success", "context":Received 185 update(s). cV=z38QeGTE4boJOvNQixxK38.0;server=akswtt00200000u;cloudType=Consumer;environment=Prod_southeastasia_prod-s01-064-apac-southeastasia;migrationStage=NotStarted}
{"logTime": "0722/025236", "correlationVector":"8ge5MerOn8cyTvI7hlKtIJ","action":"Initial GetUpdates", "result":"", "context":Reason: NEWLY_SUPPORTED_DATATYPE. cV=8ge5MerOn8cyTvI7hlKtIJ}
{"logTime": "0722/025236", "correlationVector":"8ge5MerOn8cyTvI7hlKtIJ.1","action":"SyncServerConnectionManagerRequest", "result":"SYNC_SERVER_OK", "context":{"environment":"Prod_southeastasia_prod-s01-064-apac-southeastasia", "migrationStage":"NotStarted", "server":"akswtt00200000o"}}
{"logTime": "0722/025236", "correlationVector":"8ge5MerOn8cyTvI7hlKtIJ.2","action":"ProcessGetUpdates", "result":"Done", "context":{"dataType":"History", "deleted":"0", "process_failed_to_decrypt":"0", "process_pending_decryption":"0", "process_success":"20", "total":"20"}}
{"logTime": "0722/025236", "correlationVector":"8ge5MerOn8cyTvI7hlKtIJ.3","action":"GetUpdates Response", "result":"Success", "context":Received 20 update(s). cV=8ge5MerOn8cyTvI7hlKtIJ.0;server=akswtt00200000o;cloudType=Consumer;environment=Prod_southeastasia_prod-s01-064-apac-southeastasia;migrationStage=NotStarted}
{"logTime": "0722/025237", "correlationVector":"K5mebD9dk56EVy8xkYcJjE","action":"Normal GetUpdate request", "result":"", "context":cV=K5mebD9dk56EVy8xkYcJjE
Nudged types: Sessions, Device Info, User Consents
Refresh requested types: Bookmarks, Preferences, Passwords, Autofill Profiles, Autofill, Extensions, Sessions, Extension settings, History Delete Directives, Device Info, User Consents, Send Tab To Self, Web Apps, History, Saved Tab Group, WebAuthn Credentials, Edge E Drop, Edge Hub App Usage, Edge Workspace, Encryption Keys}
{"logTime": "0722/025237", "correlationVector":"K5mebD9dk56EVy8xkYcJjE.1","action":"SyncServerConnectionManagerRequest", "result":"SYNC_SERVER_OK", "context":{"environment":"Prod_southeastasia_prod-s01-064-apac-southeastasia", "migrationStage":"NotStarted", "server":"akswtt00200000l"}}
{"logTime": "0722/025237", "correlationVector":"K5mebD9dk56EVy8xkYcJjE.2","action":"GetUpdates Response", "result":"Success", "context":Received 0 update(s). cV=K5mebD9dk56EVy8xkYcJjE.0;server=akswtt00200000l;cloudType=Consumer;environment=Prod_southeastasia_prod-s01-064-apac-southeastasia;migrationStage=NotStarted}
{"logTime": "0722/025237", "correlationVector":"ComxKNHY/o60Vo5ekcmR9/","action":"DoCompareDataConsistency requsted types: ", "result":"Bookmarks, Preferences, Passwords, Extensions, Extension settings, History Delete Directives, Send Tab To Self, Web Apps, History, Saved Tab Group, WebAuthn Credentials, Edge E Drop, Edge Workspace, Encryption Keys"}
{"logTime": "0722/025237", "correlationVector":"ComxKNHY/o60Vo5ekcmR9/.0","action":"CompareDataConsistency result: ", "result":"Compare result: Encryption Keys is consistent. local entities count is: 1 local entities hash is: VXDOKZJGqACCopgHLDsAkAU9Z00="}
{"logTime": "0722/025237", "correlationVector":"ComxKNHY/o60Vo5ekcmR9/.1","action":"CompareDataConsistency result: ", "result":"Compare result: Bookmarks is consistent. local entities count is: 0 local entities hash is: "}
{"logTime": "0722/025237", "correlationVector":"ComxKNHY/o60Vo5ekcmR9/.2","action":"CompareDataConsistency result: ", "result":"Compare result: Preferences is consistent. local entities count is: 57 local entities hash is: Z0YFkw5XLi9M1tKE4cd2khtiyN4="}
{"logTime": "0722/025237", "correlationVector":"ComxKNHY/o60Vo5ekcmR9/.3","action":"CompareDataConsistency result: ", "result":"Compare result: Passwords is consistent. local entities count is: 2 local entities hash is: EmA9A/DNqpR7E/JfWq+4qP4NXv4="}
{"logTime": "0722/025237", "correlationVector":"ComxKNHY/o60Vo5ekcmR9/.4","action":"CompareDataConsistency result: ", "result":"Compare result: Extensions is consistent. local entities count is: 0 local entities hash is: "}
{"logTime": "0722/025237", "correlationVector":"ComxKNHY/o60Vo5ekcmR9/.5","action":"CompareDataConsistency result: ", "result":"Compare result: Extension settings is consistent. local entities count is: 0 local entities hash is: "}
{"logTime": "0722/025237", "correlationVector":"ComxKNHY/o60Vo5ekcmR9/.6","action":"CompareDataConsistency result: ", "result":"Compare result: History Delete Directives is consistent. local entities count is: 0 local entities hash is: "}
{"logTime": "0722/025237", "correlationVector":"ComxKNHY/o60Vo5ekcmR9/.7","action":"CompareDataConsistency result: ", "result":"Server did not send this Send Tab To Self local entities count is: 0 local entities hash is: "}
{"logTime": "0722/025237", "correlationVector":"ComxKNHY/o60Vo5ekcmR9/.8","action":"CompareDataConsistency result: ", "result":"Compare result: Web Apps is consistent. local entities count is: 0 local entities hash is: "}
{"logTime": "0722/025237", "correlationVector":"ComxKNHY/o60Vo5ekcmR9/.9","action":"CompareDataConsistency result: ", "result":"Server did not send this History local entities count is: 0 local entities hash is: "}
{"logTime": "0722/025237", "correlationVector":"ComxKNHY/o60Vo5ekcmR9/.10","action":"CompareDataConsistency result: ", "result":"Compare result: Saved Tab Group is consistent. local entities count is: 0 local entities hash is: "}
{"logTime": "0722/025237", "correlationVector":"ComxKNHY/o60Vo5ekcmR9/.11","action":"CompareDataConsistency result: ", "result":"Server did not send this WebAuthn Credentials local entities count is: 0 local entities hash is: "}
{"logTime": "0722/025237", "correlationVector":"ComxKNHY/o60Vo5ekcmR9/.12","action":"CompareDataConsistency result: ", "result":"Compare result: Edge E Drop is consistent. local entities count is: 0 local entities hash is: "}
{"logTime": "0722/025237", "correlationVector":"ComxKNHY/o60Vo5ekcmR9/.13","action":"CompareDataConsistency result: ", "result":"Server did not send this Edge Workspace local entities count is: 0 local entities hash is: "}
{"logTime": "0722/025238", "correlationVector":"RaiSVu0VCny+z4qMwPE+5H","action":"Commit Request", "result":"", "context":Item count: 4
Contributing types: Sessions, Device Info, User Consents}
{"logTime": "0722/025239", "correlationVector":"RaiSVu0VCny+z4qMwPE+5H.1","action":"SyncServerConnectionManagerRequest", "result":"SYNC_SERVER_OK", "context":{"environment":"Prod_southeastasia_prod-s01-064-apac-southeastasia", "migrationStage":"NotStarted", "server":"akswtt00200000g"}}
{"logTime": "0722/025239", "correlationVector":"RaiSVu0VCny+z4qMwPE+5H.2","action":"Commit Response", "result":"Success", "context":Result: Success. cV=RaiSVu0VCny+z4qMwPE+5H.0;server=akswtt00200000g;cloudType=Consumer;environment=Prod_southeastasia_prod-s01-064-apac-southeastasia;migrationStage=NotStarted}
{"logTime": "0722/025239", "correlationVector":"","action":"DIAGNOSTIC_REQUEST|v1/diagnosticData/Diagnostic.SendCheckResult()|SUCCESS", "result":""}
{"logTime": "0722/025248", "correlationVector":"6sv+HjC9JZ9MhZMFV+NBmy","action":"Commit Request", "result":"", "context":Item count: 1
Contributing types: Edge Hub App Usage}
{"logTime": "0722/025248", "correlationVector":"6sv+HjC9JZ9MhZMFV+NBmy.1","action":"SyncServerConnectionManagerRequest", "result":"SYNC_SERVER_OK", "context":{"environment":"Prod_southeastasia_prod-s01-064-apac-southeastasia", "migrationStage":"NotStarted", "server":"akswtt00200001d"}}
{"logTime": "0722/025248", "correlationVector":"6sv+HjC9JZ9MhZMFV+NBmy.2","action":"Commit Response", "result":"Success", "context":Result: Success. cV=6sv+HjC9JZ9MhZMFV+NBmy.0;server=akswtt00200001d;cloudType=Consumer;environment=Prod_southeastasia_prod-s01-064-apac-southeastasia;migrationStage=NotStarted}
{"logTime": "0722/025327", "correlationVector":"fmDU7TFvg+UYPZjiRdZwZl","action":"Commit Request", "result":"", "context":Item count: 5
Contributing types: Passwords, Sessions, History}
{"logTime": "0722/025328", "correlationVector":"fmDU7TFvg+UYPZjiRdZwZl.1","action":"SyncServerConnectionManagerRequest", "result":"SYNC_SERVER_OK", "context":{"environment":"Prod_southeastasia_prod-s01-065-apac-southeastasia", "migrationStage":"NotStarted", "server":"akswtt00200000t"}}
{"logTime": "0722/025328", "correlationVector":"fmDU7TFvg+UYPZjiRdZwZl.2","action":"Commit Response", "result":"Success", "context":Result: Success. cV=fmDU7TFvg+UYPZjiRdZwZl.0;server=akswtt00200000t;cloudType=Consumer;environment=Prod_southeastasia_prod-s01-065-apac-southeastasia;migrationStage=NotStarted}
{"logTime": "0722/025629", "correlationVector":"2dZp7Zd8ySbXdJnXfthqKy","action":"Commit Request", "result":"", "context":Item count: 6
Contributing types: Sessions, History}
{"logTime": "0722/025630", "correlationVector":"2dZp7Zd8ySbXdJnXfthqKy.1","action":"SyncServerConnectionManagerRequest", "result":"SYNC_SERVER_OK", "context":{"environment":"Prod_southeastasia_prod-s01-064-apac-southeastasia", "migrationStage":"NotStarted", "server":"akswtt00200000t"}}
{"logTime": "0722/025630", "correlationVector":"2dZp7Zd8ySbXdJnXfthqKy.2","action":"Commit Response", "result":"Success", "context":Result: Success. cV=2dZp7Zd8ySbXdJnXfthqKy.0;server=akswtt00200000t;cloudType=Consumer;environment=Prod_southeastasia_prod-s01-064-apac-southeastasia;migrationStage=NotStarted}
