{"logTime": "0722/044458", "correlationVector":"7nDUhn+wLkPcwf4ADHYa34.1","action":"SyncServerConnectionManagerRequest", "result":"SYNC_SERVER_OK", "context":{"environment":"Prod_southeastasia_prod-s01-064-apac-southeastasia", "migrationStage":"NotStarted", "server":"akswtt002000007"}}
{"logTime": "0722/044458", "correlationVector":"7nDUhn+wLkPcwf4ADHYa34.2","action":"ProcessGetUpdates", "result":"Done", "context":{"dataType":"Encryption Keys", "deleted":"0", "process_failed_to_decrypt":"0", "process_pending_decryption":"0", "process_success":"1", "total":"1"}}
{"logTime": "0722/044500", "correlationVector":"lsE3TO2Mun+68RtB+ZzHnc","action":"SyncServerConnectionManagerRequest", "result":"SYNC_SERVER_ERROR", "context":{"environment":"", "error_type":"http_status_code", "error_value":"400", "migrationStage":"", "server":""}}
{"logTime": "0722/044500", "correlationVector":"7nDUhn+wLkPcwf4ADHYa34","action":"Initial GetUpdates", "result":"", "context":Reason: NEW_CLIENT. cV=7nDUhn+wLkPcwf4ADHYa34}
{"logTime": "0722/044500", "correlationVector":"7nDUhn+wLkPcwf4ADHYa34.3","action":"GetUpdates Response", "result":"Success", "context":Received 1 update(s). cV=7nDUhn+wLkPcwf4ADHYa34.0;server=akswtt002000007;cloudType=Consumer;environment=Prod_southeastasia_prod-s01-064-apac-southeastasia;migrationStage=NotStarted}
{"logTime": "0722/044500", "correlationVector":"8xRO7PqoCltYz5rufqhxyR","action":"Initial GetUpdates", "result":"", "context":Reason: NEW_CLIENT. cV=8xRO7PqoCltYz5rufqhxyR}
{"logTime": "0722/044500", "correlationVector":"8xRO7PqoCltYz5rufqhxyR.1","action":"SyncServerConnectionManagerRequest", "result":"SYNC_SERVER_OK", "context":{"environment":"Prod_southeastasia_prod-s01-064-apac-southeastasia", "migrationStage":"NotStarted", "server":"akswtt00200000r"}}
{"logTime": "0722/044500", "correlationVector":"8xRO7PqoCltYz5rufqhxyR.2","action":"ProcessGetUpdates", "result":"Done", "context":{"dataType":"Device Info", "deleted":"0", "process_failed_to_decrypt":"0", "process_pending_decryption":"0", "process_success":"20", "total":"20"}}
{"logTime": "0722/044500", "correlationVector":"8xRO7PqoCltYz5rufqhxyR.3","action":"GetUpdates Response", "result":"Success", "context":Received 20 update(s). cV=8xRO7PqoCltYz5rufqhxyR.0;server=akswtt00200000r;cloudType=Consumer;environment=Prod_southeastasia_prod-s01-064-apac-southeastasia;migrationStage=NotStarted}
{"logTime": "0722/044501", "correlationVector":"qy0o9sVjbCsXx6f/l+kOoT","action":"SyncServerConnectionManagerRequest", "result":"SYNC_SERVER_ERROR", "context":{"environment":"", "error_type":"http_status_code", "error_value":"400", "migrationStage":"", "server":""}}
{"logTime": "0722/044501", "correlationVector":"R+vyTewv8CHoWdBrZY1q/K","action":"Initial GetUpdates", "result":"", "context":Reason: NEW_CLIENT. cV=R+vyTewv8CHoWdBrZY1q/K}
{"logTime": "0722/044502", "correlationVector":"R+vyTewv8CHoWdBrZY1q/K.1","action":"SyncServerConnectionManagerRequest", "result":"SYNC_SERVER_OK", "context":{"environment":"Prod_southeastasia_prod-s01-064-apac-southeastasia", "migrationStage":"NotStarted", "server":"akswtt00200000b"}}
{"logTime": "0722/044502", "correlationVector":"R+vyTewv8CHoWdBrZY1q/K.2","action":"ProcessGetUpdates", "result":"Done", "context":{"dataType":"Bookmarks", "deleted":"0", "process_failed_to_decrypt":"0", "process_pending_decryption":"0", "process_success":"6", "total":"6"}}
{"logTime": "0722/044502", "correlationVector":"R+vyTewv8CHoWdBrZY1q/K.3","action":"ProcessGetUpdates", "result":"Done", "context":{"dataType":"Preferences", "deleted":"0", "process_failed_to_decrypt":"0", "process_pending_decryption":"0", "process_success":"57", "total":"57"}}
{"logTime": "0722/044502", "correlationVector":"R+vyTewv8CHoWdBrZY1q/K.4","action":"ProcessGetUpdates", "result":"Done", "context":{"dataType":"Sessions", "deleted":"0", "process_failed_to_decrypt":"0", "process_pending_decryption":"0", "process_success":"38", "total":"38"}}
{"logTime": "0722/044502", "correlationVector":"R+vyTewv8CHoWdBrZY1q/K.5","action":"ProcessGetUpdates", "result":"Done", "context":{"dataType":"Edge Hub App Usage", "deleted":"0", "process_failed_to_decrypt":"0", "process_pending_decryption":"0", "process_success":"18", "total":"18"}}
{"logTime": "0722/044502", "correlationVector":"R+vyTewv8CHoWdBrZY1q/K.6","action":"GetUpdates Response", "result":"Success", "context":Received 119 update(s). cV=R+vyTewv8CHoWdBrZY1q/K.0;server=akswtt00200000b;cloudType=Consumer;environment=Prod_southeastasia_prod-s01-064-apac-southeastasia;migrationStage=NotStarted}
{"logTime": "0722/044503", "correlationVector":"QKUMyrRoFNuCZBaf26lw+U","action":"SyncServerConnectionManagerRequest", "result":"SYNC_SERVER_ERROR", "context":{"environment":"", "error_type":"http_status_code", "error_value":"400", "migrationStage":"", "server":""}}
{"logTime": "0722/044503", "correlationVector":"nZ9FA2YDhvbBce3eMzlkB7","action":"Initial GetUpdates", "result":"", "context":Reason: NEW_CLIENT. cV=nZ9FA2YDhvbBce3eMzlkB7}
{"logTime": "0722/044504", "correlationVector":"nZ9FA2YDhvbBce3eMzlkB7.1","action":"SyncServerConnectionManagerRequest", "result":"SYNC_SERVER_OK", "context":{"environment":"Prod_southeastasia_prod-s01-064-apac-southeastasia", "migrationStage":"NotStarted", "server":"akswtt00200001m"}}
{"logTime": "0722/044504", "correlationVector":"nZ9FA2YDhvbBce3eMzlkB7.2","action":"ProcessGetUpdates", "result":"Done", "context":{"dataType":"History", "deleted":"0", "process_failed_to_decrypt":"0", "process_pending_decryption":"0", "process_success":"58", "total":"58"}}
{"logTime": "0722/044504", "correlationVector":"nZ9FA2YDhvbBce3eMzlkB7.3","action":"GetUpdates Response", "result":"Success", "context":Received 58 update(s). cV=nZ9FA2YDhvbBce3eMzlkB7.0;server=akswtt00200001m;cloudType=Consumer;environment=Prod_southeastasia_prod-s01-064-apac-southeastasia;migrationStage=NotStarted}
{"logTime": "0722/044504", "correlationVector":"lM78Gnn3xmve5c7jjYAHDA","action":"SyncServerConnectionManagerRequest", "result":"SYNC_SERVER_ERROR", "context":{"environment":"", "error_type":"http_status_code", "error_value":"400", "migrationStage":"", "server":""}}
{"logTime": "0722/044504", "correlationVector":"c5mDXXuH83R5XCJ7H7jnAY","action":"Normal GetUpdate request", "result":"", "context":cV=c5mDXXuH83R5XCJ7H7jnAY
Nudged types: Sessions, Device Info, User Consents
Refresh requested types: Bookmarks, Preferences, Extensions, Sessions, Extension settings, History Delete Directives, Device Info, User Consents, Send Tab To Self, Web Apps, History, Saved Tab Group, WebAuthn Credentials, Edge E Drop, Edge Hub App Usage, Edge Workspace, Encryption Keys}
{"logTime": "0722/044505", "correlationVector":"c5mDXXuH83R5XCJ7H7jnAY.1","action":"SyncServerConnectionManagerRequest", "result":"SYNC_SERVER_OK", "context":{"environment":"Prod_southeastasia_prod-s01-064-apac-southeastasia", "migrationStage":"NotStarted", "server":"akswtt002000006"}}
{"logTime": "0722/044505", "correlationVector":"c5mDXXuH83R5XCJ7H7jnAY.2","action":"GetUpdates Response", "result":"Success", "context":Received 0 update(s). cV=c5mDXXuH83R5XCJ7H7jnAY.0;server=akswtt002000006;cloudType=Consumer;environment=Prod_southeastasia_prod-s01-064-apac-southeastasia;migrationStage=NotStarted}
{"logTime": "0722/044505", "correlationVector":"fMBWBIh2/2e0b1zuIj/qZv","action":"DoCompareDataConsistency: ", "result":"has local changes and skip compare"}
{"logTime": "0722/044505", "correlationVector":"UplpEX9pyz+lU/Xy7Obj26","action":"Commit Request", "result":"", "context":Item count: 5
Contributing types: Sessions, Device Info, User Consents, History}
{"logTime": "0722/044506", "correlationVector":"UplpEX9pyz+lU/Xy7Obj26.1","action":"SyncServerConnectionManagerRequest", "result":"SYNC_SERVER_OK", "context":{"environment":"Prod_southeastasia_prod-s01-064-apac-southeastasia", "migrationStage":"NotStarted", "server":"akswtt00200000c"}}
{"logTime": "0722/044506", "correlationVector":"UplpEX9pyz+lU/Xy7Obj26.2","action":"Commit Response", "result":"Success", "context":Result: Success. cV=UplpEX9pyz+lU/Xy7Obj26.0;server=akswtt00200000c;cloudType=Consumer;environment=Prod_southeastasia_prod-s01-064-apac-southeastasia;migrationStage=NotStarted}
{"logTime": "0722/044506", "correlationVector":"A0qM2FCSvkHYZzxVx5qZqW","action":"SyncServerConnectionManagerRequest", "result":"SYNC_SERVER_ERROR", "context":{"environment":"", "error_type":"http_status_code", "error_value":"400", "migrationStage":"", "server":""}}
{"logTime": "0722/044506", "correlationVector":"xOveANm0MCQipEqWMWleyP","action":"Commit Request", "result":"", "context":Item count: 1
Contributing types: Sessions}
{"logTime": "0722/044506", "correlationVector":"xOveANm0MCQipEqWMWleyP.1","action":"SyncServerConnectionManagerRequest", "result":"SYNC_SERVER_OK", "context":{"environment":"Prod_southeastasia_prod-s01-064-apac-southeastasia", "migrationStage":"NotStarted", "server":"akswtt00200001q"}}
{"logTime": "0722/044506", "correlationVector":"xOveANm0MCQipEqWMWleyP.2","action":"Commit Response", "result":"Success", "context":Result: Success. cV=xOveANm0MCQipEqWMWleyP.0;server=akswtt00200001q;cloudType=Consumer;environment=Prod_southeastasia_prod-s01-064-apac-southeastasia;migrationStage=NotStarted}
{"logTime": "0722/044517", "correlationVector":"ely52RL3gmNDAALH3rTKwP","action":"Commit Request", "result":"", "context":Item count: 1
Contributing types: Edge Hub App Usage}
{"logTime": "0722/044517", "correlationVector":"ely52RL3gmNDAALH3rTKwP.1","action":"SyncServerConnectionManagerRequest", "result":"SYNC_SERVER_OK", "context":{"environment":"Prod_southeastasia_prod-s01-064-apac-southeastasia", "migrationStage":"NotStarted", "server":"akswtt00200000f"}}
{"logTime": "0722/044517", "correlationVector":"ely52RL3gmNDAALH3rTKwP.2","action":"Commit Response", "result":"Success", "context":Result: Success. cV=ely52RL3gmNDAALH3rTKwP.0;server=akswtt00200000f;cloudType=Consumer;environment=Prod_southeastasia_prod-s01-064-apac-southeastasia;migrationStage=NotStarted}
{"logTime": "0722/044627", "correlationVector":"nwOos02cs8SO6uBCrDmdDS","action":"Commit Request", "result":"", "context":Item count: 5
Contributing types: Sessions, History}
{"logTime": "0722/044628", "correlationVector":"nwOos02cs8SO6uBCrDmdDS.1","action":"SyncServerConnectionManagerRequest", "result":"SYNC_SERVER_OK", "context":{"environment":"Prod_southeastasia_prod-s01-064-apac-southeastasia", "migrationStage":"NotStarted", "server":"akswtt00200001i"}}
{"logTime": "0722/044628", "correlationVector":"nwOos02cs8SO6uBCrDmdDS.2","action":"Commit Response", "result":"Success", "context":Result: Success. cV=nwOos02cs8SO6uBCrDmdDS.0;server=akswtt00200001i;cloudType=Consumer;environment=Prod_southeastasia_prod-s01-064-apac-southeastasia;migrationStage=NotStarted}
