2026-07-22 04:44:55.464: [INFO][Sync] Reset engine, reason: 8
2026-07-22 04:44:55.464: [INFO][Sync] Stopped: Bookmarks
2026-07-22 04:44:55.464: [INFO][Sync] Stopped: Preferences
2026-07-22 04:44:55.464: [INFO][Sync] Stopped: Passwords
2026-07-22 04:44:55.464: [INFO][Sync] Stopped: Autofill Profiles
2026-07-22 04:44:55.464: [INFO][Sync] Stopped: Autofill
2026-07-22 04:44:55.464: [INFO][Sync] Stopped: Extensions
2026-07-22 04:44:55.464: [INFO][Sync] Stopped: Sessions
2026-07-22 04:44:55.464: [INFO][Sync] Stopped: Extension settings
2026-07-22 04:44:55.464: [INFO][Sync] Stopped: History Delete Directives
2026-07-22 04:44:55.464: [INFO][Sync] Stopped: Device Info
2026-07-22 04:44:55.464: [INFO][Sync] Stopped: User Consents
2026-07-22 04:44:55.464: [INFO][Sync] Stopped: Send Tab To Self
2026-07-22 04:44:55.464: [INFO][Sync] Stopped: Web Apps
2026-07-22 04:44:55.464: [INFO][Sync] Stopped: History
2026-07-22 04:44:55.464: [INFO][Sync] Stopped: Saved Tab Group
2026-07-22 04:44:55.464: [INFO][Sync] Stopped: WebAuthn Credentials
2026-07-22 04:44:55.464: [INFO][Sync] Stopped: Edge E Drop
2026-07-22 04:44:55.464: [INFO][Sync] Stopped: Edge Hub App Usage
2026-07-22 04:44:55.464: [INFO][Sync] Stopped: Edge Journey
2026-07-22 04:44:55.464: [INFO][Sync] Stopped: Edge Workspace
2026-07-22 04:44:55.464: [INFO][Sync] SyncState after authenticated was: NotSignedIn
2026-07-22 04:44:57.649: [INFO][Sync] Try to start sync engine
2026-07-22 04:44:57.650: [INFO][SyncManagerImpl::NudgeForInitialDownload] Initial download nudge for Encryption Keys
2026-07-22 04:44:57.650: [INFO][SyncEngineBackend::LoadAndConnectNigoriController] Load and connect Nigori controller
2026-07-22 04:44:57.650: [INFO][SyncEngineBackend::DoInitialize] Control Types added: Encryption Keys
2026-07-22 04:44:57.650: [INFO][SyncManagerImpl::ConfigureSyncer] Types to download: Encryption Keys with reason: 3
2026-07-22 04:44:57.650: [INFO][SyncSchedulerImpl::DoConfigurationSyncCycleJob] Configure job was blocked
2026-07-22 04:44:57.676: [INFO][SyncAuthManager::SetLastAuthError] Current auth error: None
2026-07-22 04:44:57.676: [INFO][SyncAuthManager::EdgeLogTokenErrorState] Token error with: None for account type: MSA
2026-07-22 04:44:57.676: [INFO][Sync] Credentials changed for: EdgeSyncScopeNew
2026-07-22 04:44:57.720: [INFO][SyncAuthManager::SetLastAuthError] Current auth error: None
2026-07-22 04:44:57.720: [INFO][SyncAuthManager::EdgeLogTokenErrorState] Token error with: None for account type: MSA
2026-07-22 04:44:57.720: [INFO][Sync] Credentials changed for: EdgeSyncKeyDataScope
2026-07-22 04:44:57.720: [INFO][SyncEngineBackend::DoUpdateKeyDataCredentials] Update key data credentials
2026-07-22 04:44:57.720: [INFO][SyncEngineBackend::DoUpdateCredentials] Update credentials
2026-07-22 04:44:57.720: [INFO][SyncSchedulerImpl::DoConfigurationSyncCycleJob] Blocked types:  and types to download: Encryption Keys
2026-07-22 04:44:59.500: [INFO][Sync] Started DataTypeManager configuration, reason: 4
2026-07-22 04:44:59.500: [INFO][Sync] Configuring for: Bookmarks, Preferences, Passwords, Autofill Profiles, Autofill, Extensions, Sessions, Extension settings, History Delete Directives, Device Info, User Consents, Send Tab To Self, Web Apps, History, Saved Tab Group, WebAuthn Credentials, Edge E Drop, Edge Hub App Usage, Edge Workspace, Encryption Keys, reason: 3, current state: 0
2026-07-22 04:44:59.500: [WARN][Sync] Crypto error data types: Passwords, Autofill Profiles, Autofill
2026-07-22 04:44:59.502: [INFO][Sync] Configure, desired: Bookmarks, Preferences, Extensions, Sessions, Extension settings, History Delete Directives, Device Info, User Consents, Send Tab To Self, Web Apps, History, Saved Tab Group, WebAuthn Credentials, Edge E Drop, Edge Hub App Usage, Edge Workspace, Encryption Keys; Allow fail: Passwords, Autofill Profiles, Autofill
2026-07-22 04:44:59.502: [INFO][Sync] Loading: Bookmarks
2026-07-22 04:44:59.502: [INFO][Sync] Loading: Preferences
2026-07-22 04:44:59.502: [INFO][Sync] Loading: Extensions
2026-07-22 04:44:59.502: [INFO][Sync] Loading: Sessions
2026-07-22 04:44:59.502: [INFO][Sync] Loading: Extension settings
2026-07-22 04:44:59.502: [INFO][Sync] Loading: History Delete Directives
2026-07-22 04:44:59.502: [INFO][Sync] Loading: Device Info
2026-07-22 04:44:59.502: [INFO][Sync] Loading: User Consents
2026-07-22 04:44:59.502: [INFO][Sync] Loading: Send Tab To Self
2026-07-22 04:44:59.502: [INFO][Sync] Loading: Web Apps
2026-07-22 04:44:59.502: [INFO][Sync] Loading: History
2026-07-22 04:44:59.502: [INFO][Sync] Loading: Saved Tab Group
2026-07-22 04:44:59.502: [INFO][Sync] Loading: WebAuthn Credentials
2026-07-22 04:44:59.502: [INFO][Sync] Loading: Edge E Drop
2026-07-22 04:44:59.502: [INFO][Sync] Loading: Edge Hub App Usage
2026-07-22 04:44:59.502: [INFO][Sync] Loading: Edge Workspace
2026-07-22 04:45:00.055: [INFO][Sync] All data types are ready for configure.
2026-07-22 04:45:00.228: [INFO][Sync] Connection status changed to: 2
2026-07-22 04:45:00.228: [INFO][SyncEngineBackend::DoStartConfiguration] Start configuration
2026-07-22 04:45:00.228: [INFO][SyncManagerImpl::NudgeForInitialDownload] Initial download nudge for Bookmarks
2026-07-22 04:45:00.228: [INFO][SyncManagerImpl::NudgeForInitialDownload] Initial download nudge for Preferences
2026-07-22 04:45:00.228: [INFO][SyncManagerImpl::NudgeForInitialDownload] Initial download nudge for Extensions
2026-07-22 04:45:00.228: [INFO][SyncManagerImpl::NudgeForInitialDownload] Initial download nudge for Sessions
2026-07-22 04:45:00.228: [INFO][SyncManagerImpl::NudgeForInitialDownload] Initial download nudge for Extension settings
2026-07-22 04:45:00.228: [INFO][SyncManagerImpl::NudgeForInitialDownload] Initial download nudge for History Delete Directives
2026-07-22 04:45:00.228: [INFO][SyncManagerImpl::NudgeForInitialDownload] Initial download nudge for Device Info
2026-07-22 04:45:00.228: [INFO][SyncManagerImpl::NudgeForInitialDownload] Initial download nudge for Send Tab To Self
2026-07-22 04:45:00.228: [INFO][SyncManagerImpl::NudgeForInitialDownload] Initial download nudge for Web Apps
2026-07-22 04:45:00.228: [INFO][SyncManagerImpl::NudgeForInitialDownload] Initial download nudge for History
2026-07-22 04:45:00.228: [INFO][SyncManagerImpl::NudgeForInitialDownload] Initial download nudge for Saved Tab Group
2026-07-22 04:45:00.228: [INFO][SyncManagerImpl::NudgeForInitialDownload] Initial download nudge for WebAuthn Credentials
2026-07-22 04:45:00.228: [INFO][SyncManagerImpl::NudgeForInitialDownload] Initial download nudge for Edge E Drop
2026-07-22 04:45:00.228: [INFO][SyncManagerImpl::NudgeForInitialDownload] Initial download nudge for Edge Hub App Usage
2026-07-22 04:45:00.228: [INFO][SyncManagerImpl::NudgeForInitialDownload] Initial download nudge for Edge Workspace
2026-07-22 04:45:00.228: [INFO][SyncManagerImpl::ConfigureSyncer] Types to download:  with reason: 3
2026-07-22 04:45:00.228: [INFO][SyncEngineBackend::DoFinishConfigureDataTypes] Failed to download types:  and succeeded types: 
2026-07-22 04:45:00.232: [INFO][Sync] ConfigurationDone, failed: , succeeded: , remaining count: 3
2026-07-22 04:45:00.233: [INFO][Sync] Prepare to configure types: Device Info, Edge E Drop, Encryption Keys
2026-07-22 04:45:00.233: [INFO][SyncManagerImpl::ConfigureSyncer] Types to download: Device Info, Edge E Drop, Encryption Keys with reason: 3
2026-07-22 04:45:00.233: [INFO][SyncSchedulerImpl::DoConfigurationSyncCycleJob] Blocked types:  and types to download: Device Info, Edge E Drop, Encryption Keys
2026-07-22 04:45:00.283: [INFO][SyncAuthManager::SetLastAuthError] Current auth error: None
2026-07-22 04:45:00.283: [INFO][SyncAuthManager::EdgeLogTokenErrorState] Token error with: None for account type: MSA
2026-07-22 04:45:00.283: [INFO][Sync] Credentials changed for: EdgeSyncKeyDataScope
2026-07-22 04:45:00.976: [INFO][SyncEngineBackend::DoFinishConfigureDataTypes] Failed to download types:  and succeeded types: Device Info, Edge E Drop, Encryption Keys
2026-07-22 04:45:00.980: [INFO][Sync] ConfigurationDone, failed: , succeeded: Device Info, Edge E Drop, Encryption Keys, remaining count: 2
2026-07-22 04:45:00.980: [INFO][Sync] Prepare to configure types: Bookmarks, Preferences, Extensions, Sessions, Extension settings, History Delete Directives, Send Tab To Self, Web Apps, Saved Tab Group, WebAuthn Credentials, Edge Hub App Usage, Edge Workspace, Encryption Keys
2026-07-22 04:45:01.517: [INFO][SyncAuthManager::SetLastAuthError] Current auth error: None
2026-07-22 04:45:01.517: [INFO][SyncAuthManager::EdgeLogTokenErrorState] Token error with: None for account type: MSA
2026-07-22 04:45:01.517: [INFO][Sync] Credentials changed for: EdgeSyncScopeNew
2026-07-22 04:45:01.819: [INFO][SyncEngineBackend::DoUpdateKeyDataCredentials] Update key data credentials
2026-07-22 04:45:01.819: [INFO][Sync] Connection status changed to: 2
2026-07-22 04:45:01.819: [INFO][SyncManagerImpl::ConfigureSyncer] Types to download: Bookmarks, Preferences, Extensions, Sessions, Extension settings, History Delete Directives, Send Tab To Self, Web Apps, Saved Tab Group, WebAuthn Credentials, Edge Hub App Usage, Edge Workspace, Encryption Keys with reason: 3
2026-07-22 04:45:01.819: [INFO][SyncEngineBackend::DoUpdateCredentials] Update credentials
2026-07-22 04:45:01.819: [INFO][SyncEngineBackend::DoUpdateKeyDataCredentials] Update key data credentials
2026-07-22 04:45:01.819: [INFO][SyncSchedulerImpl::DoConfigurationSyncCycleJob] Blocked types:  and types to download: Bookmarks, Preferences, Extensions, Sessions, Extension settings, History Delete Directives, Send Tab To Self, Web Apps, Saved Tab Group, WebAuthn Credentials, Edge Hub App Usage, Edge Workspace, Encryption Keys
2026-07-22 04:45:03.216: [INFO][SyncEngineBackend::DoFinishConfigureDataTypes] Failed to download types:  and succeeded types: Bookmarks, Preferences, Extensions, Sessions, Extension settings, History Delete Directives, Send Tab To Self, Web Apps, Saved Tab Group, WebAuthn Credentials, Edge Hub App Usage, Edge Workspace, Encryption Keys
2026-07-22 04:45:03.218: [INFO][Sync] ConfigurationDone, failed: , succeeded: Bookmarks, Preferences, Extensions, Sessions, Extension settings, History Delete Directives, Send Tab To Self, Web Apps, Saved Tab Group, WebAuthn Credentials, Edge Hub App Usage, Edge Workspace, Encryption Keys, remaining count: 1
2026-07-22 04:45:03.218: [INFO][Sync] Prepare to configure types: History, Encryption Keys
2026-07-22 04:45:03.607: [INFO][Sync] Connection status changed to: 2
2026-07-22 04:45:03.607: [INFO][SyncManagerImpl::ConfigureSyncer] Types to download: History, Encryption Keys with reason: 3
2026-07-22 04:45:03.607: [INFO][SyncSchedulerImpl::DoConfigurationSyncCycleJob] Blocked types:  and types to download: History, Encryption Keys
2026-07-22 04:45:03.610: [INFO][SyncAuthManager::SetLastAuthError] Current auth error: None
2026-07-22 04:45:03.610: [INFO][SyncAuthManager::EdgeLogTokenErrorState] Token error with: None for account type: MSA
2026-07-22 04:45:03.610: [INFO][Sync] Credentials changed for: EdgeSyncScopeNew
2026-07-22 04:45:03.819: [INFO][SyncAuthManager::SetLastAuthError] Current auth error: None
2026-07-22 04:45:03.819: [INFO][SyncAuthManager::EdgeLogTokenErrorState] Token error with: None for account type: MSA
2026-07-22 04:45:03.819: [INFO][Sync] Credentials changed for: EdgeSyncKeyDataScope
2026-07-22 04:45:04.303: [INFO][SyncEngineBackend::DoFinishConfigureDataTypes] Failed to download types:  and succeeded types: History, Encryption Keys
2026-07-22 04:45:04.307: [INFO][Sync] ConfigurationDone, failed: , succeeded: History, Encryption Keys, remaining count: 0
2026-07-22 04:45:04.307: [INFO][Sync]     Configuration completed, state: 3
2026-07-22 04:45:04.308: [INFO][Sync] Configured DataTypeManager: Ok
2026-07-22 04:45:04.667: [INFO][Sync] Connection status changed to: 2
2026-07-22 04:45:04.667: [INFO][SyncEngineBackend::DoUpdateKeyDataCredentials] Update key data credentials
2026-07-22 04:45:04.667: [INFO][SyncEngineBackend::DoUpdateCredentials] Update credentials
2026-07-22 04:45:04.667: [INFO][SyncEngineBackend::DoStartSyncing] Start syncing
2026-07-22 04:45:06.547: [INFO][Sync] Connection status changed to: 2
2026-07-22 04:45:08.243: [INFO][SyncAuthManager::SetLastAuthError] Current auth error: None
2026-07-22 04:45:08.243: [INFO][SyncAuthManager::EdgeLogTokenErrorState] Token error with: None for account type: MSA
2026-07-22 04:45:08.243: [INFO][Sync] Credentials changed for: EdgeSyncKeyDataScope
2026-07-22 04:45:08.243: [INFO][SyncEngineBackend::DoUpdateKeyDataCredentials] Update key data credentials
2026-07-22 04:45:08.510: [INFO][SyncAuthManager::SetLastAuthError] Current auth error: None
2026-07-22 04:45:08.510: [INFO][SyncAuthManager::EdgeLogTokenErrorState] Token error with: None for account type: MSA
2026-07-22 04:45:08.511: [INFO][Sync] Credentials changed for: EdgeSyncScopeNew
2026-07-22 04:45:08.511: [INFO][SyncEngineBackend::DoUpdateCredentials] Update credentials
2026-07-22 04:45:08.511: [INFO][SyncEngineBackend::DoUpdateKeyDataCredentials] Update key data credentials
