{"logTime": "0722/020651", "correlationVector":"B+HPsA5BcVulM/m/euIkfK.1","action":"SyncServerConnectionManagerRequest", "result":"SYNC_SERVER_OK", "context":{"environment":"Prod_southeastasia_prod-s01-065-apac-southeastasia", "migrationStage":"NotStarted", "server":"akswtt002000007"}}
{"logTime": "0722/020651", "correlationVector":"B+HPsA5BcVulM/m/euIkfK.2","action":"ProcessGetUpdates", "result":"Done", "context":{"dataType":"Encryption Keys", "deleted":"0", "process_failed_to_decrypt":"0", "process_pending_decryption":"0", "process_success":"1", "total":"1"}}
{"logTime": "0722/020652", "correlationVector":"rxOd9b0PtwHV3EW+2pQGH4","action":"SyncServerConnectionManagerRequest", "result":"SYNC_SERVER_OK", "context":{"environment":"", "migrationStage":"", "server":""}}
{"logTime": "0722/020652", "correlationVector":"rxOd9b0PtwHV3EW+2pQGH4.0","action":"EncryptionKeysFetcher.DownloadKeys:", "result":"Success", "context":Key count: 3, Last key timestamp: 2026-06-22T11:01:18Z}
{"logTime": "0722/020652", "correlationVector":"rxOd9b0PtwHV3EW+2pQGH4.1","action":"EncryptionKeysManager::SetEncryptionKeys:", "result":"Success", "context":Key names[3]:[TM+Hg4PDGv+oNfPxWCvkrG1rA24WB1N8dl+Yb2pGKMabM7LSrRoa/CVTNmEOL1LrxJar+7bHomYIUL3mlddMww==][y2aRuXw8yLQcpnyyN46ZiwdAcZGcqS5beBaQOEGDHfWapKHHK+mHfoXBLDmKTAOolo6muDkoDbggiELVdDExTA==][cR72BwmGc7ZtpIFrrorIdMGPTr6kSkm/wLSMI+5mZs65+WpbhgUqdi1DPn2YS7Rjz+BG4fFaTklEAxd8oQcyhg==]}
{"logTime": "0722/020652", "correlationVector":"rxOd9b0PtwHV3EW+2pQGH4.2","action":"EncryptionKeysManager::SetEncryptionKeysWithTimestamps:", "result":"Success", "context":Key timestamps[3]:[2025-10-03T08:25:23Z][2025-12-09T07:59:08Z][2026-06-22T11:01:18Z]}
{"logTime": "0722/020652", "correlationVector":"B+HPsA5BcVulM/m/euIkfK","action":"Initial GetUpdates", "result":"", "context":Reason: NEW_CLIENT. cV=B+HPsA5BcVulM/m/euIkfK}
{"logTime": "0722/020652", "correlationVector":"B+HPsA5BcVulM/m/euIkfK.3","action":"GetUpdates Response", "result":"Success", "context":Received 1 update(s). cV=B+HPsA5BcVulM/m/euIkfK.0;server=akswtt002000007;cloudType=Consumer;environment=Prod_southeastasia_prod-s01-065-apac-southeastasia;migrationStage=NotStarted}
{"logTime": "0722/020655", "correlationVector":"skeLmdkD0Aa9OIes9waS74","action":"Initial GetUpdates", "result":"", "context":Reason: NEWLY_SUPPORTED_DATATYPE. cV=skeLmdkD0Aa9OIes9waS74}
{"logTime": "0722/020655", "correlationVector":"skeLmdkD0Aa9OIes9waS74.1","action":"SyncServerConnectionManagerRequest", "result":"SYNC_SERVER_OK", "context":{"environment":"Prod_southeastasia_prod-s01-065-apac-southeastasia", "migrationStage":"NotStarted", "server":"akswtt00200000m"}}
{"logTime": "0722/020655", "correlationVector":"skeLmdkD0Aa9OIes9waS74.2","action":"ProcessGetUpdates", "result":"Done", "context":{"dataType":"Passwords", "deleted":"0", "process_failed_to_decrypt":"0", "process_pending_decryption":"0", "process_success":"2", "total":"2"}}
{"logTime": "0722/020655", "correlationVector":"skeLmdkD0Aa9OIes9waS74.3","action":"ProcessGetUpdates", "result":"Done", "context":{"dataType":"Device Info", "deleted":"0", "process_failed_to_decrypt":"0", "process_pending_decryption":"0", "process_success":"6", "total":"6"}}
{"logTime": "0722/020655", "correlationVector":"skeLmdkD0Aa9OIes9waS74.4","action":"GetUpdates Response", "result":"Success", "context":Received 8 update(s). cV=skeLmdkD0Aa9OIes9waS74.0;server=akswtt00200000m;cloudType=Consumer;environment=Prod_southeastasia_prod-s01-065-apac-southeastasia;migrationStage=NotStarted}
{"logTime": "0722/020655", "correlationVector":"bqdAUfUd4n9oT6SGpoOcua","action":"Initial GetUpdates", "result":"", "context":Reason: NEWLY_SUPPORTED_DATATYPE. cV=bqdAUfUd4n9oT6SGpoOcua}
{"logTime": "0722/020656", "correlationVector":"bqdAUfUd4n9oT6SGpoOcua.1","action":"SyncServerConnectionManagerRequest", "result":"SYNC_SERVER_OK", "context":{"environment":"Prod_southeastasia_prod-s01-065-apac-southeastasia", "migrationStage":"NotStarted", "server":"akswtt00200000u"}}
{"logTime": "0722/020656", "correlationVector":"bqdAUfUd4n9oT6SGpoOcua.2","action":"ProcessGetUpdates", "result":"Done", "context":{"dataType":"Bookmarks", "deleted":"0", "process_failed_to_decrypt":"0", "process_pending_decryption":"0", "process_success":"6", "total":"6"}}
{"logTime": "0722/020656", "correlationVector":"bqdAUfUd4n9oT6SGpoOcua.3","action":"ProcessGetUpdates", "result":"Done", "context":{"dataType":"Preferences", "deleted":"0", "process_failed_to_decrypt":"0", "process_pending_decryption":"0", "process_success":"42", "total":"42"}}
{"logTime": "0722/020656", "correlationVector":"bqdAUfUd4n9oT6SGpoOcua.4","action":"ProcessGetUpdates", "result":"Done", "context":{"dataType":"Autofill", "deleted":"0", "process_failed_to_decrypt":"0", "process_pending_decryption":"0", "process_success":"202", "total":"202"}}
{"logTime": "0722/020656", "correlationVector":"bqdAUfUd4n9oT6SGpoOcua.5","action":"GetUpdates Response", "result":"Success", "context":Received 250 update(s). cV=bqdAUfUd4n9oT6SGpoOcua.0;server=akswtt00200000u;cloudType=Consumer;environment=Prod_southeastasia_prod-s01-065-apac-southeastasia;migrationStage=NotStarted Some updates remain.}
{"logTime": "0722/020656", "correlationVector":"KnlPxJeinjao41xVP4I6qt","action":"Initial GetUpdates", "result":"", "context":Reason: NEWLY_SUPPORTED_DATATYPE. cV=KnlPxJeinjao41xVP4I6qt}
{"logTime": "0722/020657", "correlationVector":"KnlPxJeinjao41xVP4I6qt.1","action":"SyncServerConnectionManagerRequest", "result":"SYNC_SERVER_OK", "context":{"environment":"Prod_southeastasia_prod-s01-065-apac-southeastasia", "migrationStage":"NotStarted", "server":"akswtt00200000z"}}
{"logTime": "0722/020657", "correlationVector":"KnlPxJeinjao41xVP4I6qt.2","action":"ProcessGetUpdates", "result":"Done", "context":{"dataType":"Preferences", "deleted":"0", "process_failed_to_decrypt":"0", "process_pending_decryption":"0", "process_success":"15", "total":"15"}}
{"logTime": "0722/020657", "correlationVector":"KnlPxJeinjao41xVP4I6qt.3","action":"ProcessGetUpdates", "result":"Done", "context":{"dataType":"Autofill Profiles", "deleted":"0", "process_failed_to_decrypt":"0", "process_pending_decryption":"0", "process_success":"1", "total":"1"}}
{"logTime": "0722/020657", "correlationVector":"KnlPxJeinjao41xVP4I6qt.4","action":"ProcessGetUpdates", "result":"Done", "context":{"dataType":"Autofill", "deleted":"0", "process_failed_to_decrypt":"0", "process_pending_decryption":"0", "process_success":"116", "total":"116"}}
{"logTime": "0722/020657", "correlationVector":"KnlPxJeinjao41xVP4I6qt.5","action":"ProcessGetUpdates", "result":"Done", "context":{"dataType":"Sessions", "deleted":"15", "process_failed_to_decrypt":"0", "process_pending_decryption":"0", "process_success":"18", "total":"18"}}
{"logTime": "0722/020657", "correlationVector":"KnlPxJeinjao41xVP4I6qt.6","action":"ProcessGetUpdates", "result":"Done", "context":{"dataType":"Edge Hub App Usage", "deleted":"8", "process_failed_to_decrypt":"0", "process_pending_decryption":"0", "process_success":"12", "total":"12"}}
{"logTime": "0722/020657", "correlationVector":"KnlPxJeinjao41xVP4I6qt.7","action":"GetUpdates Response", "result":"Success", "context":Received 162 update(s). cV=KnlPxJeinjao41xVP4I6qt.0;server=akswtt00200000z;cloudType=Consumer;environment=Prod_southeastasia_prod-s01-065-apac-southeastasia;migrationStage=NotStarted}
{"logTime": "0722/020657", "correlationVector":"DCOnyRKltv/Fpq7z14aQRB","action":"Initial GetUpdates", "result":"", "context":Reason: NEWLY_SUPPORTED_DATATYPE. cV=DCOnyRKltv/Fpq7z14aQRB}
{"logTime": "0722/020658", "correlationVector":"DCOnyRKltv/Fpq7z14aQRB.1","action":"SyncServerConnectionManagerRequest", "result":"SYNC_SERVER_OK", "context":{"environment":"Prod_southeastasia_prod-s01-065-apac-southeastasia", "migrationStage":"NotStarted", "server":"akswtt002000017"}}
{"logTime": "0722/020658", "correlationVector":"DCOnyRKltv/Fpq7z14aQRB.2","action":"ProcessGetUpdates", "result":"Done", "context":{"dataType":"History", "deleted":"0", "process_failed_to_decrypt":"0", "process_pending_decryption":"0", "process_success":"7", "total":"7"}}
{"logTime": "0722/020658", "correlationVector":"DCOnyRKltv/Fpq7z14aQRB.3","action":"GetUpdates Response", "result":"Success", "context":Received 7 update(s). cV=DCOnyRKltv/Fpq7z14aQRB.0;server=akswtt002000017;cloudType=Consumer;environment=Prod_southeastasia_prod-s01-065-apac-southeastasia;migrationStage=NotStarted}
{"logTime": "0722/020658", "correlationVector":"yHx/662G6U1wgIGL3UxFF5","action":"Normal GetUpdate request", "result":"", "context":cV=yHx/662G6U1wgIGL3UxFF5
Nudged types: Sessions, Device Info, User Consents
Refresh requested types: Bookmarks, Preferences, Passwords, Autofill Profiles, Autofill, Extensions, Sessions, Extension settings, History Delete Directives, Device Info, User Consents, Send Tab To Self, Web Apps, History, Saved Tab Group, WebAuthn Credentials, Edge E Drop, Edge Hub App Usage, Edge Workspace, Encryption Keys}
{"logTime": "0722/020658", "correlationVector":"yHx/662G6U1wgIGL3UxFF5.1","action":"SyncServerConnectionManagerRequest", "result":"SYNC_SERVER_OK", "context":{"environment":"Prod_southeastasia_prod-s01-065-apac-southeastasia", "migrationStage":"NotStarted", "server":"akswtt00200001f"}}
{"logTime": "0722/020658", "correlationVector":"yHx/662G6U1wgIGL3UxFF5.2","action":"GetUpdates Response", "result":"Success", "context":Received 0 update(s). cV=yHx/662G6U1wgIGL3UxFF5.0;server=akswtt00200001f;cloudType=Consumer;environment=Prod_southeastasia_prod-s01-065-apac-southeastasia;migrationStage=NotStarted}
{"logTime": "0722/020659", "correlationVector":"UamJ8jA445jwBxmFoIaGFU","action":"DoCompareDataConsistency requsted types: ", "result":"Bookmarks, Preferences, Passwords, Extensions, Extension settings, History Delete Directives, Send Tab To Self, Web Apps, History, Saved Tab Group, WebAuthn Credentials, Edge E Drop, Edge Workspace, Encryption Keys"}
{"logTime": "0722/020659", "correlationVector":"UamJ8jA445jwBxmFoIaGFU.0","action":"CompareDataConsistency result: ", "result":"Compare result: Encryption Keys is consistent. local entities count is: 1 local entities hash is: VXDOKZJGqACCopgHLDsAkAU9Z00="}
{"logTime": "0722/020659", "correlationVector":"UamJ8jA445jwBxmFoIaGFU.1","action":"CompareDataConsistency result: ", "result":"Compare result: Bookmarks is consistent. local entities count is: 0 local entities hash is: "}
{"logTime": "0722/020659", "correlationVector":"UamJ8jA445jwBxmFoIaGFU.2","action":"CompareDataConsistency result: ", "result":"Compare result: Preferences is consistent. local entities count is: 57 local entities hash is: Z0YFkw5XLi9M1tKE4cd2khtiyN4="}
{"logTime": "0722/020659", "correlationVector":"UamJ8jA445jwBxmFoIaGFU.3","action":"CompareDataConsistency result: ", "result":"Compare result: Passwords is consistent. local entities count is: 2 local entities hash is: 3Xc4DSpfyoPMEf1aJKI5+5yL5SY="}
{"logTime": "0722/020659", "correlationVector":"UamJ8jA445jwBxmFoIaGFU.4","action":"CompareDataConsistency result: ", "result":"Compare result: Extensions is consistent. local entities count is: 0 local entities hash is: "}
{"logTime": "0722/020659", "correlationVector":"UamJ8jA445jwBxmFoIaGFU.5","action":"CompareDataConsistency result: ", "result":"Compare result: Extension settings is consistent. local entities count is: 0 local entities hash is: "}
{"logTime": "0722/020659", "correlationVector":"UamJ8jA445jwBxmFoIaGFU.6","action":"CompareDataConsistency result: ", "result":"Compare result: History Delete Directives is consistent. local entities count is: 0 local entities hash is: "}
{"logTime": "0722/020659", "correlationVector":"UamJ8jA445jwBxmFoIaGFU.7","action":"CompareDataConsistency result: ", "result":"Server did not send this Send Tab To Self local entities count is: 0 local entities hash is: "}
{"logTime": "0722/020659", "correlationVector":"UamJ8jA445jwBxmFoIaGFU.8","action":"CompareDataConsistency result: ", "result":"Compare result: Web Apps is consistent. local entities count is: 0 local entities hash is: "}
{"logTime": "0722/020659", "correlationVector":"UamJ8jA445jwBxmFoIaGFU.9","action":"CompareDataConsistency result: ", "result":"Server did not send this History local entities count is: 0 local entities hash is: "}
{"logTime": "0722/020659", "correlationVector":"UamJ8jA445jwBxmFoIaGFU.10","action":"CompareDataConsistency result: ", "result":"Compare result: Saved Tab Group is consistent. local entities count is: 0 local entities hash is: "}
{"logTime": "0722/020659", "correlationVector":"UamJ8jA445jwBxmFoIaGFU.11","action":"CompareDataConsistency result: ", "result":"Server did not send this WebAuthn Credentials local entities count is: 0 local entities hash is: "}
{"logTime": "0722/020659", "correlationVector":"UamJ8jA445jwBxmFoIaGFU.12","action":"CompareDataConsistency result: ", "result":"Compare result: Edge E Drop is consistent. local entities count is: 0 local entities hash is: "}
{"logTime": "0722/020659", "correlationVector":"UamJ8jA445jwBxmFoIaGFU.13","action":"CompareDataConsistency result: ", "result":"Server did not send this Edge Workspace local entities count is: 0 local entities hash is: "}
{"logTime": "0722/020659", "correlationVector":"ntkXcH1tII3jsCiVd3BqhB","action":"Commit Request", "result":"", "context":Item count: 4
Contributing types: Sessions, Device Info, User Consents}
{"logTime": "0722/020700", "correlationVector":"ntkXcH1tII3jsCiVd3BqhB.1","action":"SyncServerConnectionManagerRequest", "result":"SYNC_SERVER_OK", "context":{"environment":"Prod_southeastasia_prod-s01-065-apac-southeastasia", "migrationStage":"NotStarted", "server":"akswtt00200000g"}}
{"logTime": "0722/020700", "correlationVector":"ntkXcH1tII3jsCiVd3BqhB.2","action":"Commit Response", "result":"Success", "context":Result: Success. cV=ntkXcH1tII3jsCiVd3BqhB.0;server=akswtt00200000g;cloudType=Consumer;environment=Prod_southeastasia_prod-s01-065-apac-southeastasia;migrationStage=NotStarted}
{"logTime": "0722/020700", "correlationVector":"","action":"DIAGNOSTIC_REQUEST|v1/diagnosticData/Diagnostic.SendCheckResult()|SUCCESS", "result":""}
{"logTime": "0722/020710", "correlationVector":"q6y4deVYVHX2GJ0jp2onJ/","action":"Commit Request", "result":"", "context":Item count: 4
Contributing types: Sessions, History, Edge Hub App Usage}
{"logTime": "0722/020711", "correlationVector":"q6y4deVYVHX2GJ0jp2onJ/.1","action":"SyncServerConnectionManagerRequest", "result":"SYNC_SERVER_OK", "context":{"environment":"Prod_southeastasia_prod-s01-065-apac-southeastasia", "migrationStage":"NotStarted", "server":"akswtt002000021"}}
{"logTime": "0722/020711", "correlationVector":"q6y4deVYVHX2GJ0jp2onJ/.2","action":"Commit Response", "result":"Success", "context":Result: Success. cV=q6y4deVYVHX2GJ0jp2onJ/.0;server=akswtt002000021;cloudType=Consumer;environment=Prod_southeastasia_prod-s01-065-apac-southeastasia;migrationStage=NotStarted}
{"logTime": "0722/020746", "correlationVector":"EQgX7C+aqwoxBwwgKWBFsh","action":"Commit Request", "result":"", "context":Item count: 4
Contributing types: Passwords, Sessions, History}
{"logTime": "0722/020747", "correlationVector":"EQgX7C+aqwoxBwwgKWBFsh.1","action":"SyncServerConnectionManagerRequest", "result":"SYNC_SERVER_OK", "context":{"environment":"Prod_southeastasia_prod-s01-065-apac-southeastasia", "migrationStage":"NotStarted", "server":"akswtt00200001h"}}
{"logTime": "0722/020747", "correlationVector":"EQgX7C+aqwoxBwwgKWBFsh.2","action":"Commit Response", "result":"Success", "context":Result: Success. cV=EQgX7C+aqwoxBwwgKWBFsh.0;server=akswtt00200001h;cloudType=Consumer;environment=Prod_southeastasia_prod-s01-065-apac-southeastasia;migrationStage=NotStarted}
{"logTime": "0722/021148", "correlationVector":"tYS3WYaMgo9gs0yZFF8qHp","action":"Commit Request", "result":"", "context":Item count: 3
Contributing types: Sessions, History}
{"logTime": "0722/021149", "correlationVector":"tYS3WYaMgo9gs0yZFF8qHp.1","action":"SyncServerConnectionManagerRequest", "result":"SYNC_SERVER_OK", "context":{"environment":"Prod_southeastasia_prod-s01-065-apac-southeastasia", "migrationStage":"NotStarted", "server":"akswtt002000012"}}
{"logTime": "0722/021149", "correlationVector":"tYS3WYaMgo9gs0yZFF8qHp.2","action":"Commit Response", "result":"Success", "context":Result: Success. cV=tYS3WYaMgo9gs0yZFF8qHp.0;server=akswtt002000012;cloudType=Consumer;environment=Prod_southeastasia_prod-s01-065-apac-southeastasia;migrationStage=NotStarted}
