{"logTime": "0722/041718", "correlationVector":"LwAJI9xo4THZqH1hQ/dhKL.1","action":"SyncServerConnectionManagerRequest", "result":"SYNC_SERVER_OK", "context":{"environment":"Prod_southeastasia_prod-s01-064-apac-southeastasia", "migrationStage":"NotStarted", "server":"akswtt002000013"}}
{"logTime": "0722/041718", "correlationVector":"LwAJI9xo4THZqH1hQ/dhKL.2","action":"ProcessGetUpdates", "result":"Done", "context":{"dataType":"Encryption Keys", "deleted":"0", "process_failed_to_decrypt":"0", "process_pending_decryption":"0", "process_success":"1", "total":"1"}}
{"logTime": "0722/041719", "correlationVector":"AEG5TqDowevxl54n0p8EPe","action":"SyncServerConnectionManagerRequest", "result":"SYNC_SERVER_OK", "context":{"environment":"", "migrationStage":"", "server":""}}
{"logTime": "0722/041719", "correlationVector":"AEG5TqDowevxl54n0p8EPe.0","action":"EncryptionKeysFetcher.DownloadKeys:", "result":"Success", "context":Key count: 3, Last key timestamp: 2026-06-22T11:01:18Z}
{"logTime": "0722/041719", "correlationVector":"AEG5TqDowevxl54n0p8EPe.1","action":"EncryptionKeysManager::SetEncryptionKeys:", "result":"Success", "context":Key names[3]:[TM+Hg4PDGv+oNfPxWCvkrG1rA24WB1N8dl+Yb2pGKMabM7LSrRoa/CVTNmEOL1LrxJar+7bHomYIUL3mlddMww==][y2aRuXw8yLQcpnyyN46ZiwdAcZGcqS5beBaQOEGDHfWapKHHK+mHfoXBLDmKTAOolo6muDkoDbggiELVdDExTA==][cR72BwmGc7ZtpIFrrorIdMGPTr6kSkm/wLSMI+5mZs65+WpbhgUqdi1DPn2YS7Rjz+BG4fFaTklEAxd8oQcyhg==]}
{"logTime": "0722/041719", "correlationVector":"AEG5TqDowevxl54n0p8EPe.2","action":"EncryptionKeysManager::SetEncryptionKeysWithTimestamps:", "result":"Success", "context":Key timestamps[3]:[2025-10-03T08:25:23Z][2025-12-09T07:59:08Z][2026-06-22T11:01:18Z]}
{"logTime": "0722/041719", "correlationVector":"LwAJI9xo4THZqH1hQ/dhKL","action":"Initial GetUpdates", "result":"", "context":Reason: NEW_CLIENT. cV=LwAJI9xo4THZqH1hQ/dhKL}
{"logTime": "0722/041719", "correlationVector":"LwAJI9xo4THZqH1hQ/dhKL.3","action":"GetUpdates Response", "result":"Success", "context":Received 1 update(s). cV=LwAJI9xo4THZqH1hQ/dhKL.0;server=akswtt002000013;cloudType=Consumer;environment=Prod_southeastasia_prod-s01-064-apac-southeastasia;migrationStage=NotStarted}
{"logTime": "0722/041721", "correlationVector":"9R5HtL5d/iezw7vwPGipo0","action":"Initial GetUpdates", "result":"", "context":Reason: NEWLY_SUPPORTED_DATATYPE. cV=9R5HtL5d/iezw7vwPGipo0}
{"logTime": "0722/041721", "correlationVector":"9R5HtL5d/iezw7vwPGipo0.1","action":"SyncServerConnectionManagerRequest", "result":"SYNC_SERVER_OK", "context":{"environment":"Prod_southeastasia_prod-s01-064-apac-southeastasia", "migrationStage":"NotStarted", "server":"akswtt00200001p"}}
{"logTime": "0722/041721", "correlationVector":"9R5HtL5d/iezw7vwPGipo0.2","action":"ProcessGetUpdates", "result":"Done", "context":{"dataType":"Passwords", "deleted":"0", "process_failed_to_decrypt":"0", "process_pending_decryption":"0", "process_success":"2", "total":"2"}}
{"logTime": "0722/041721", "correlationVector":"9R5HtL5d/iezw7vwPGipo0.3","action":"ProcessGetUpdates", "result":"Done", "context":{"dataType":"Device Info", "deleted":"0", "process_failed_to_decrypt":"0", "process_pending_decryption":"0", "process_success":"17", "total":"17"}}
{"logTime": "0722/041721", "correlationVector":"9R5HtL5d/iezw7vwPGipo0.4","action":"GetUpdates Response", "result":"Success", "context":Received 19 update(s). cV=9R5HtL5d/iezw7vwPGipo0.0;server=akswtt00200001p;cloudType=Consumer;environment=Prod_southeastasia_prod-s01-064-apac-southeastasia;migrationStage=NotStarted}
{"logTime": "0722/041721", "correlationVector":"2S3Ob13eNxcVnzrp7yE5aO","action":"Initial GetUpdates", "result":"", "context":Reason: NEWLY_SUPPORTED_DATATYPE. cV=2S3Ob13eNxcVnzrp7yE5aO}
{"logTime": "0722/041722", "correlationVector":"2S3Ob13eNxcVnzrp7yE5aO.1","action":"SyncServerConnectionManagerRequest", "result":"SYNC_SERVER_OK", "context":{"environment":"Prod_southeastasia_prod-s01-064-apac-southeastasia", "migrationStage":"NotStarted", "server":"akswtt002000013"}}
{"logTime": "0722/041722", "correlationVector":"2S3Ob13eNxcVnzrp7yE5aO.2","action":"ProcessGetUpdates", "result":"Done", "context":{"dataType":"Bookmarks", "deleted":"0", "process_failed_to_decrypt":"0", "process_pending_decryption":"0", "process_success":"6", "total":"6"}}
{"logTime": "0722/041722", "correlationVector":"2S3Ob13eNxcVnzrp7yE5aO.3","action":"ProcessGetUpdates", "result":"Done", "context":{"dataType":"Preferences", "deleted":"0", "process_failed_to_decrypt":"0", "process_pending_decryption":"0", "process_success":"42", "total":"42"}}
{"logTime": "0722/041722", "correlationVector":"2S3Ob13eNxcVnzrp7yE5aO.4","action":"ProcessGetUpdates", "result":"Done", "context":{"dataType":"Autofill", "deleted":"0", "process_failed_to_decrypt":"0", "process_pending_decryption":"0", "process_success":"202", "total":"202"}}
{"logTime": "0722/041722", "correlationVector":"2S3Ob13eNxcVnzrp7yE5aO.5","action":"GetUpdates Response", "result":"Success", "context":Received 250 update(s). cV=2S3Ob13eNxcVnzrp7yE5aO.0;server=akswtt002000013;cloudType=Consumer;environment=Prod_southeastasia_prod-s01-064-apac-southeastasia;migrationStage=NotStarted Some updates remain.}
{"logTime": "0722/041722", "correlationVector":"eTd7Fw45Y1S+WppFpobfi6","action":"Initial GetUpdates", "result":"", "context":Reason: NEWLY_SUPPORTED_DATATYPE. cV=eTd7Fw45Y1S+WppFpobfi6}
{"logTime": "0722/041723", "correlationVector":"eTd7Fw45Y1S+WppFpobfi6.1","action":"SyncServerConnectionManagerRequest", "result":"SYNC_SERVER_OK", "context":{"environment":"Prod_southeastasia_prod-s01-064-apac-southeastasia", "migrationStage":"NotStarted", "server":"akswtt00200001i"}}
{"logTime": "0722/041723", "correlationVector":"eTd7Fw45Y1S+WppFpobfi6.2","action":"ProcessGetUpdates", "result":"Done", "context":{"dataType":"Preferences", "deleted":"0", "process_failed_to_decrypt":"0", "process_pending_decryption":"0", "process_success":"15", "total":"15"}}
{"logTime": "0722/041723", "correlationVector":"eTd7Fw45Y1S+WppFpobfi6.3","action":"ProcessGetUpdates", "result":"Done", "context":{"dataType":"Autofill Profiles", "deleted":"0", "process_failed_to_decrypt":"0", "process_pending_decryption":"0", "process_success":"1", "total":"1"}}
{"logTime": "0722/041723", "correlationVector":"eTd7Fw45Y1S+WppFpobfi6.4","action":"ProcessGetUpdates", "result":"Done", "context":{"dataType":"Autofill", "deleted":"0", "process_failed_to_decrypt":"0", "process_pending_decryption":"0", "process_success":"116", "total":"116"}}
{"logTime": "0722/041723", "correlationVector":"eTd7Fw45Y1S+WppFpobfi6.5","action":"ProcessGetUpdates", "result":"Done", "context":{"dataType":"Sessions", "deleted":"15", "process_failed_to_decrypt":"0", "process_pending_decryption":"0", "process_success":"47", "total":"47"}}
{"logTime": "0722/041723", "correlationVector":"eTd7Fw45Y1S+WppFpobfi6.6","action":"ProcessGetUpdates", "result":"Done", "context":{"dataType":"Edge Hub App Usage", "deleted":"8", "process_failed_to_decrypt":"0", "process_pending_decryption":"0", "process_success":"23", "total":"23"}}
{"logTime": "0722/041723", "correlationVector":"eTd7Fw45Y1S+WppFpobfi6.7","action":"GetUpdates Response", "result":"Success", "context":Received 202 update(s). cV=eTd7Fw45Y1S+WppFpobfi6.0;server=akswtt00200001i;cloudType=Consumer;environment=Prod_southeastasia_prod-s01-064-apac-southeastasia;migrationStage=NotStarted}
{"logTime": "0722/041724", "correlationVector":"U8EJmbLWuTlEg906fWP5jp","action":"Initial GetUpdates", "result":"", "context":Reason: NEWLY_SUPPORTED_DATATYPE. cV=U8EJmbLWuTlEg906fWP5jp}
{"logTime": "0722/041724", "correlationVector":"U8EJmbLWuTlEg906fWP5jp.1","action":"SyncServerConnectionManagerRequest", "result":"SYNC_SERVER_OK", "context":{"environment":"Prod_southeastasia_prod-s01-064-apac-southeastasia", "migrationStage":"NotStarted", "server":"akswtt00200000x"}}
{"logTime": "0722/041724", "correlationVector":"U8EJmbLWuTlEg906fWP5jp.2","action":"ProcessGetUpdates", "result":"Done", "context":{"dataType":"History", "deleted":"0", "process_failed_to_decrypt":"0", "process_pending_decryption":"0", "process_success":"40", "total":"40"}}
{"logTime": "0722/041724", "correlationVector":"U8EJmbLWuTlEg906fWP5jp.3","action":"GetUpdates Response", "result":"Success", "context":Received 40 update(s). cV=U8EJmbLWuTlEg906fWP5jp.0;server=akswtt00200000x;cloudType=Consumer;environment=Prod_southeastasia_prod-s01-064-apac-southeastasia;migrationStage=NotStarted}
{"logTime": "0722/041725", "correlationVector":"N3FoqNfgCWB7heSwfxwy0j","action":"Normal GetUpdate request", "result":"", "context":cV=N3FoqNfgCWB7heSwfxwy0j
Nudged types: Sessions, Device Info, User Consents
Refresh requested types: Bookmarks, Preferences, Passwords, Autofill Profiles, Autofill, Extensions, Sessions, Extension settings, History Delete Directives, Device Info, User Consents, Send Tab To Self, Web Apps, History, Saved Tab Group, WebAuthn Credentials, Edge E Drop, Edge Hub App Usage, Edge Workspace, Encryption Keys}
{"logTime": "0722/041725", "correlationVector":"N3FoqNfgCWB7heSwfxwy0j.1","action":"SyncServerConnectionManagerRequest", "result":"SYNC_SERVER_OK", "context":{"environment":"Prod_southeastasia_prod-s01-064-apac-southeastasia", "migrationStage":"NotStarted", "server":"akswtt00200000r"}}
{"logTime": "0722/041725", "correlationVector":"N3FoqNfgCWB7heSwfxwy0j.2","action":"GetUpdates Response", "result":"Success", "context":Received 0 update(s). cV=N3FoqNfgCWB7heSwfxwy0j.0;server=akswtt00200000r;cloudType=Consumer;environment=Prod_southeastasia_prod-s01-064-apac-southeastasia;migrationStage=NotStarted}
{"logTime": "0722/041726", "correlationVector":"bI+cIlrU21AwexbG5KAODD","action":"DoCompareDataConsistency requsted types: ", "result":"Bookmarks, Preferences, Passwords, Extensions, Extension settings, History Delete Directives, Send Tab To Self, Web Apps, History, Saved Tab Group, WebAuthn Credentials, Edge E Drop, Edge Workspace, Encryption Keys"}
{"logTime": "0722/041726", "correlationVector":"bI+cIlrU21AwexbG5KAODD.0","action":"CompareDataConsistency result: ", "result":"Compare result: Encryption Keys is consistent. local entities count is: 1 local entities hash is: VXDOKZJGqACCopgHLDsAkAU9Z00="}
{"logTime": "0722/041726", "correlationVector":"bI+cIlrU21AwexbG5KAODD.1","action":"CompareDataConsistency result: ", "result":"Compare result: Bookmarks is consistent. local entities count is: 0 local entities hash is: "}
{"logTime": "0722/041726", "correlationVector":"bI+cIlrU21AwexbG5KAODD.2","action":"CompareDataConsistency result: ", "result":"Compare result: Preferences is consistent. local entities count is: 57 local entities hash is: Z0YFkw5XLi9M1tKE4cd2khtiyN4="}
{"logTime": "0722/041726", "correlationVector":"bI+cIlrU21AwexbG5KAODD.3","action":"CompareDataConsistency result: ", "result":"Compare result: Passwords is consistent. local entities count is: 2 local entities hash is: MK39DhyrBPbnHaPoua2Ac9ephHI="}
{"logTime": "0722/041726", "correlationVector":"bI+cIlrU21AwexbG5KAODD.4","action":"CompareDataConsistency result: ", "result":"Compare result: Extensions is consistent. local entities count is: 0 local entities hash is: "}
{"logTime": "0722/041726", "correlationVector":"bI+cIlrU21AwexbG5KAODD.5","action":"CompareDataConsistency result: ", "result":"Compare result: Extension settings is consistent. local entities count is: 0 local entities hash is: "}
{"logTime": "0722/041726", "correlationVector":"bI+cIlrU21AwexbG5KAODD.6","action":"CompareDataConsistency result: ", "result":"Compare result: History Delete Directives is consistent. local entities count is: 0 local entities hash is: "}
{"logTime": "0722/041726", "correlationVector":"bI+cIlrU21AwexbG5KAODD.7","action":"CompareDataConsistency result: ", "result":"Server did not send this Send Tab To Self local entities count is: 0 local entities hash is: "}
{"logTime": "0722/041726", "correlationVector":"bI+cIlrU21AwexbG5KAODD.8","action":"CompareDataConsistency result: ", "result":"Compare result: Web Apps is consistent. local entities count is: 0 local entities hash is: "}
{"logTime": "0722/041726", "correlationVector":"bI+cIlrU21AwexbG5KAODD.9","action":"CompareDataConsistency result: ", "result":"Server did not send this History local entities count is: 0 local entities hash is: "}
{"logTime": "0722/041726", "correlationVector":"bI+cIlrU21AwexbG5KAODD.10","action":"CompareDataConsistency result: ", "result":"Compare result: Saved Tab Group is consistent. local entities count is: 0 local entities hash is: "}
{"logTime": "0722/041726", "correlationVector":"bI+cIlrU21AwexbG5KAODD.11","action":"CompareDataConsistency result: ", "result":"Server did not send this WebAuthn Credentials local entities count is: 0 local entities hash is: "}
{"logTime": "0722/041726", "correlationVector":"bI+cIlrU21AwexbG5KAODD.12","action":"CompareDataConsistency result: ", "result":"Compare result: Edge E Drop is consistent. local entities count is: 0 local entities hash is: "}
{"logTime": "0722/041726", "correlationVector":"bI+cIlrU21AwexbG5KAODD.13","action":"CompareDataConsistency result: ", "result":"Server did not send this Edge Workspace local entities count is: 0 local entities hash is: "}
{"logTime": "0722/041727", "correlationVector":"/U6gmT9l7aLcz9WSl51cqM","action":"Commit Request", "result":"", "context":Item count: 4
Contributing types: Sessions, Device Info, User Consents}
{"logTime": "0722/041727", "correlationVector":"/U6gmT9l7aLcz9WSl51cqM.1","action":"SyncServerConnectionManagerRequest", "result":"SYNC_SERVER_OK", "context":{"environment":"Prod_southeastasia_prod-s01-064-apac-southeastasia", "migrationStage":"NotStarted", "server":"akswtt00200000i"}}
{"logTime": "0722/041727", "correlationVector":"/U6gmT9l7aLcz9WSl51cqM.2","action":"Commit Response", "result":"Success", "context":Result: Success. cV=/U6gmT9l7aLcz9WSl51cqM.0;server=akswtt00200000i;cloudType=Consumer;environment=Prod_southeastasia_prod-s01-064-apac-southeastasia;migrationStage=NotStarted}
{"logTime": "0722/041727", "correlationVector":"","action":"DIAGNOSTIC_REQUEST|v1/diagnosticData/Diagnostic.SendCheckResult()|SUCCESS", "result":""}
{"logTime": "0722/041736", "correlationVector":"ThzN79MKZWK1RmvSixo4o6","action":"Commit Request", "result":"", "context":Item count: 1
Contributing types: Edge Hub App Usage}
{"logTime": "0722/041737", "correlationVector":"ThzN79MKZWK1RmvSixo4o6.1","action":"SyncServerConnectionManagerRequest", "result":"SYNC_SERVER_OK", "context":{"environment":"Prod_southeastasia_prod-s01-064-apac-southeastasia", "migrationStage":"NotStarted", "server":"akswtt00200001e"}}
{"logTime": "0722/041737", "correlationVector":"ThzN79MKZWK1RmvSixo4o6.2","action":"Commit Response", "result":"Success", "context":Result: Success. cV=ThzN79MKZWK1RmvSixo4o6.0;server=akswtt00200001e;cloudType=Consumer;environment=Prod_southeastasia_prod-s01-064-apac-southeastasia;migrationStage=NotStarted}
{"logTime": "0722/041815", "correlationVector":"HZZSAkkkvzOVwH38hJy8QT","action":"Commit Request", "result":"", "context":Item count: 4
Contributing types: Passwords, Sessions, History}
{"logTime": "0722/041816", "correlationVector":"HZZSAkkkvzOVwH38hJy8QT.1","action":"SyncServerConnectionManagerRequest", "result":"SYNC_SERVER_OK", "context":{"environment":"Prod_southeastasia_prod-s01-064-apac-southeastasia", "migrationStage":"NotStarted", "server":"akswtt00200001h"}}
{"logTime": "0722/041816", "correlationVector":"HZZSAkkkvzOVwH38hJy8QT.2","action":"Commit Response", "result":"Success", "context":Result: Success. cV=HZZSAkkkvzOVwH38hJy8QT.0;server=akswtt00200001h;cloudType=Consumer;environment=Prod_southeastasia_prod-s01-064-apac-southeastasia;migrationStage=NotStarted}
{"logTime": "0722/042128", "correlationVector":"Z5jzEj6fS4HUDmhPx4ZUDG","action":"Commit Request", "result":"", "context":Item count: 10
Contributing types: Sessions, History}
{"logTime": "0722/042129", "correlationVector":"Z5jzEj6fS4HUDmhPx4ZUDG.1","action":"SyncServerConnectionManagerRequest", "result":"SYNC_SERVER_OK", "context":{"environment":"Prod_southeastasia_prod-s01-064-apac-southeastasia", "migrationStage":"NotStarted", "server":"akswtt002000006"}}
{"logTime": "0722/042129", "correlationVector":"Z5jzEj6fS4HUDmhPx4ZUDG.2","action":"Commit Response", "result":"Success", "context":Result: Success. cV=Z5jzEj6fS4HUDmhPx4ZUDG.0;server=akswtt002000006;cloudType=Consumer;environment=Prod_southeastasia_prod-s01-064-apac-southeastasia;migrationStage=NotStarted}
{"logTime": "0722/042229", "correlationVector":"tYy//Ssza8X4DIDedrOB/B","action":"Commit Request", "result":"", "context":Item count: 3
Contributing types: Sessions, History}
{"logTime": "0722/042230", "correlationVector":"tYy//Ssza8X4DIDedrOB/B.1","action":"SyncServerConnectionManagerRequest", "result":"SYNC_SERVER_OK", "context":{"environment":"Prod_southeastasia_prod-s01-064-apac-southeastasia", "migrationStage":"NotStarted", "server":"akswtt00200000s"}}
{"logTime": "0722/042230", "correlationVector":"tYy//Ssza8X4DIDedrOB/B.2","action":"Commit Response", "result":"Success", "context":Result: Success. cV=tYy//Ssza8X4DIDedrOB/B.0;server=akswtt00200000s;cloudType=Consumer;environment=Prod_southeastasia_prod-s01-064-apac-southeastasia;migrationStage=NotStarted}
