{"logTime": "0722/024703", "correlationVector":"MPvdoi9C/ewMWYjSSzOg0f.1","action":"SyncServerConnectionManagerRequest", "result":"SYNC_SERVER_OK", "context":{"environment":"Prod_southeastasia_prod-s01-064-apac-southeastasia", "migrationStage":"NotStarted", "server":"akswtt00200000x"}}
{"logTime": "0722/024703", "correlationVector":"MPvdoi9C/ewMWYjSSzOg0f.2","action":"ProcessGetUpdates", "result":"Done", "context":{"dataType":"Encryption Keys", "deleted":"0", "process_failed_to_decrypt":"0", "process_pending_decryption":"0", "process_success":"1", "total":"1"}}
{"logTime": "0722/024704", "correlationVector":"XYRoEcBg4x7Oixh161CAaD","action":"SyncServerConnectionManagerRequest", "result":"SYNC_SERVER_ERROR", "context":{"environment":"", "error_type":"http_status_code", "error_value":"400", "migrationStage":"", "server":""}}
{"logTime": "0722/024704", "correlationVector":"MPvdoi9C/ewMWYjSSzOg0f","action":"Initial GetUpdates", "result":"", "context":Reason: NEW_CLIENT. cV=MPvdoi9C/ewMWYjSSzOg0f}
{"logTime": "0722/024704", "correlationVector":"MPvdoi9C/ewMWYjSSzOg0f.3","action":"GetUpdates Response", "result":"Success", "context":Received 1 update(s). cV=MPvdoi9C/ewMWYjSSzOg0f.0;server=akswtt00200000x;cloudType=Consumer;environment=Prod_southeastasia_prod-s01-064-apac-southeastasia;migrationStage=NotStarted}
{"logTime": "0722/024706", "correlationVector":"T1Y95qQclk5TtQ0tw+C8H7","action":"Initial GetUpdates", "result":"", "context":Reason: RECONFIGURATION. cV=T1Y95qQclk5TtQ0tw+C8H7}
{"logTime": "0722/024706", "correlationVector":"T1Y95qQclk5TtQ0tw+C8H7.1","action":"SyncServerConnectionManagerRequest", "result":"SYNC_SERVER_OK", "context":{"environment":"Prod_southeastasia_prod-s01-064-apac-southeastasia", "migrationStage":"NotStarted", "server":"akswtt00200000s"}}
{"logTime": "0722/024706", "correlationVector":"T1Y95qQclk5TtQ0tw+C8H7.2","action":"ProcessGetUpdates", "result":"Done", "context":{"dataType":"Device Info", "deleted":"0", "process_failed_to_decrypt":"0", "process_pending_decryption":"0", "process_success":"10", "total":"10"}}
{"logTime": "0722/024706", "correlationVector":"T1Y95qQclk5TtQ0tw+C8H7.3","action":"GetUpdates Response", "result":"Success", "context":Received 10 update(s). cV=T1Y95qQclk5TtQ0tw+C8H7.0;server=akswtt00200000s;cloudType=Consumer;environment=Prod_southeastasia_prod-s01-064-apac-southeastasia;migrationStage=NotStarted}
{"logTime": "0722/024707", "correlationVector":"IzW0e1FV6s5nfKGiL9Tqke","action":"SyncServerConnectionManagerRequest", "result":"SYNC_SERVER_ERROR", "context":{"environment":"", "error_type":"http_status_code", "error_value":"400", "migrationStage":"", "server":""}}
{"logTime": "0722/024707", "correlationVector":"VfajS0MMFsYiREwIRrYrCF","action":"Initial GetUpdates", "result":"", "context":Reason: RECONFIGURATION. cV=VfajS0MMFsYiREwIRrYrCF}
{"logTime": "0722/024708", "correlationVector":"VfajS0MMFsYiREwIRrYrCF.1","action":"SyncServerConnectionManagerRequest", "result":"SYNC_SERVER_OK", "context":{"environment":"Prod_southeastasia_prod-s01-064-apac-southeastasia", "migrationStage":"NotStarted", "server":"akswtt002000009"}}
{"logTime": "0722/024708", "correlationVector":"VfajS0MMFsYiREwIRrYrCF.2","action":"ProcessGetUpdates", "result":"Done", "context":{"dataType":"Bookmarks", "deleted":"0", "process_failed_to_decrypt":"0", "process_pending_decryption":"0", "process_success":"6", "total":"6"}}
{"logTime": "0722/024708", "correlationVector":"VfajS0MMFsYiREwIRrYrCF.3","action":"ProcessGetUpdates", "result":"Done", "context":{"dataType":"Preferences", "deleted":"0", "process_failed_to_decrypt":"0", "process_pending_decryption":"0", "process_success":"57", "total":"57"}}
{"logTime": "0722/024708", "correlationVector":"VfajS0MMFsYiREwIRrYrCF.4","action":"ProcessGetUpdates", "result":"Done", "context":{"dataType":"Sessions", "deleted":"15", "process_failed_to_decrypt":"0", "process_pending_decryption":"0", "process_success":"30", "total":"30"}}
{"logTime": "0722/024708", "correlationVector":"VfajS0MMFsYiREwIRrYrCF.5","action":"ProcessGetUpdates", "result":"Done", "context":{"dataType":"Edge Hub App Usage", "deleted":"8", "process_failed_to_decrypt":"0", "process_pending_decryption":"0", "process_success":"16", "total":"16"}}
{"logTime": "0722/024708", "correlationVector":"VfajS0MMFsYiREwIRrYrCF.6","action":"GetUpdates Response", "result":"Success", "context":Received 109 update(s). cV=VfajS0MMFsYiREwIRrYrCF.0;server=akswtt002000009;cloudType=Consumer;environment=Prod_southeastasia_prod-s01-064-apac-southeastasia;migrationStage=NotStarted}
{"logTime": "0722/024708", "correlationVector":"WSvnu9qdjkrUKHC5NVqTJ9","action":"SyncServerConnectionManagerRequest", "result":"SYNC_SERVER_ERROR", "context":{"environment":"", "error_type":"http_status_code", "error_value":"400", "migrationStage":"", "server":""}}
{"logTime": "0722/024708", "correlationVector":"aT6IQ0f28Fq450sdXlzDX0","action":"Initial GetUpdates", "result":"", "context":Reason: RECONFIGURATION. cV=aT6IQ0f28Fq450sdXlzDX0}
{"logTime": "0722/024709", "correlationVector":"aT6IQ0f28Fq450sdXlzDX0.1","action":"SyncServerConnectionManagerRequest", "result":"SYNC_SERVER_OK", "context":{"environment":"Prod_southeastasia_prod-s01-064-apac-southeastasia", "migrationStage":"NotStarted", "server":"akswtt002000010"}}
{"logTime": "0722/024709", "correlationVector":"aT6IQ0f28Fq450sdXlzDX0.2","action":"ProcessGetUpdates", "result":"Done", "context":{"dataType":"History", "deleted":"0", "process_failed_to_decrypt":"0", "process_pending_decryption":"0", "process_success":"19", "total":"19"}}
{"logTime": "0722/024709", "correlationVector":"aT6IQ0f28Fq450sdXlzDX0.3","action":"GetUpdates Response", "result":"Success", "context":Received 19 update(s). cV=aT6IQ0f28Fq450sdXlzDX0.0;server=akswtt002000010;cloudType=Consumer;environment=Prod_southeastasia_prod-s01-064-apac-southeastasia;migrationStage=NotStarted}
{"logTime": "0722/024709", "correlationVector":"iXSnWnP1ey/ghEkBZQUmSl","action":"SyncServerConnectionManagerRequest", "result":"SYNC_SERVER_ERROR", "context":{"environment":"", "error_type":"http_status_code", "error_value":"400", "migrationStage":"", "server":""}}
{"logTime": "0722/024709", "correlationVector":"TMMwGpKjatyv0+NVSYUNfw","action":"Normal GetUpdate request", "result":"", "context":cV=TMMwGpKjatyv0+NVSYUNfw
Nudged types: Sessions, Device Info, User Consents
Refresh requested types: Bookmarks, Preferences, Extensions, Sessions, Extension settings, History Delete Directives, Device Info, User Consents, Send Tab To Self, Web Apps, History, Saved Tab Group, WebAuthn Credentials, Edge E Drop, Edge Hub App Usage, Edge Workspace, Encryption Keys}
{"logTime": "0722/024710", "correlationVector":"TMMwGpKjatyv0+NVSYUNfw.1","action":"SyncServerConnectionManagerRequest", "result":"SYNC_SERVER_OK", "context":{"environment":"Prod_southeastasia_prod-s01-064-apac-southeastasia", "migrationStage":"NotStarted", "server":"akswtt002000009"}}
{"logTime": "0722/024710", "correlationVector":"TMMwGpKjatyv0+NVSYUNfw.2","action":"GetUpdates Response", "result":"Success", "context":Received 0 update(s). cV=TMMwGpKjatyv0+NVSYUNfw.0;server=akswtt002000009;cloudType=Consumer;environment=Prod_southeastasia_prod-s01-064-apac-southeastasia;migrationStage=NotStarted}
{"logTime": "0722/024710", "correlationVector":"3nbLq3h6TD4BuyU3hX4yuw","action":"DoCompareDataConsistency requsted types: ", "result":"Bookmarks, Preferences, Extensions, Extension settings, History Delete Directives, Send Tab To Self, Web Apps, History, Saved Tab Group, WebAuthn Credentials, Edge E Drop, Edge Workspace, Encryption Keys"}
{"logTime": "0722/024710", "correlationVector":"3nbLq3h6TD4BuyU3hX4yuw.0","action":"CompareDataConsistency result: ", "result":"Compare result: Encryption Keys is consistent. local entities count is: 1 local entities hash is: VXDOKZJGqACCopgHLDsAkAU9Z00="}
{"logTime": "0722/024710", "correlationVector":"3nbLq3h6TD4BuyU3hX4yuw.1","action":"CompareDataConsistency result: ", "result":"Compare result: Bookmarks is consistent. local entities count is: 0 local entities hash is: "}
{"logTime": "0722/024710", "correlationVector":"3nbLq3h6TD4BuyU3hX4yuw.2","action":"CompareDataConsistency result: ", "result":"Compare result: Preferences is consistent. local entities count is: 57 local entities hash is: Z0YFkw5XLi9M1tKE4cd2khtiyN4="}
{"logTime": "0722/024710", "correlationVector":"3nbLq3h6TD4BuyU3hX4yuw.3","action":"CompareDataConsistency result: ", "result":"Compare result: Extensions is consistent. local entities count is: 0 local entities hash is: "}
{"logTime": "0722/024710", "correlationVector":"3nbLq3h6TD4BuyU3hX4yuw.4","action":"CompareDataConsistency result: ", "result":"Compare result: Extension settings is consistent. local entities count is: 0 local entities hash is: "}
{"logTime": "0722/024710", "correlationVector":"3nbLq3h6TD4BuyU3hX4yuw.5","action":"CompareDataConsistency result: ", "result":"Compare result: History Delete Directives is consistent. local entities count is: 0 local entities hash is: "}
{"logTime": "0722/024710", "correlationVector":"3nbLq3h6TD4BuyU3hX4yuw.6","action":"CompareDataConsistency result: ", "result":"Server did not send this Send Tab To Self local entities count is: 0 local entities hash is: "}
{"logTime": "0722/024710", "correlationVector":"3nbLq3h6TD4BuyU3hX4yuw.7","action":"CompareDataConsistency result: ", "result":"Compare result: Web Apps is consistent. local entities count is: 0 local entities hash is: "}
{"logTime": "0722/024710", "correlationVector":"3nbLq3h6TD4BuyU3hX4yuw.8","action":"CompareDataConsistency result: ", "result":"Server did not send this History local entities count is: 0 local entities hash is: "}
{"logTime": "0722/024710", "correlationVector":"3nbLq3h6TD4BuyU3hX4yuw.9","action":"CompareDataConsistency result: ", "result":"Compare result: Saved Tab Group is consistent. local entities count is: 0 local entities hash is: "}
{"logTime": "0722/024710", "correlationVector":"3nbLq3h6TD4BuyU3hX4yuw.10","action":"CompareDataConsistency result: ", "result":"Server did not send this WebAuthn Credentials local entities count is: 0 local entities hash is: "}
{"logTime": "0722/024710", "correlationVector":"3nbLq3h6TD4BuyU3hX4yuw.11","action":"CompareDataConsistency result: ", "result":"Compare result: Edge E Drop is consistent. local entities count is: 0 local entities hash is: "}
{"logTime": "0722/024710", "correlationVector":"3nbLq3h6TD4BuyU3hX4yuw.12","action":"CompareDataConsistency result: ", "result":"Server did not send this Edge Workspace local entities count is: 0 local entities hash is: "}
{"logTime": "0722/024710", "correlationVector":"QwmAtBrC7JAjABVjQQWn7U","action":"Commit Request", "result":"", "context":Item count: 4
Contributing types: Sessions, Device Info, User Consents}
{"logTime": "0722/024711", "correlationVector":"QwmAtBrC7JAjABVjQQWn7U.1","action":"SyncServerConnectionManagerRequest", "result":"SYNC_SERVER_OK", "context":{"environment":"Prod_southeastasia_prod-s01-064-apac-southeastasia", "migrationStage":"NotStarted", "server":"akswtt00200000g"}}
{"logTime": "0722/024711", "correlationVector":"QwmAtBrC7JAjABVjQQWn7U.2","action":"Commit Response", "result":"Success", "context":Result: Success. cV=QwmAtBrC7JAjABVjQQWn7U.0;server=akswtt00200000g;cloudType=Consumer;environment=Prod_southeastasia_prod-s01-064-apac-southeastasia;migrationStage=NotStarted}
{"logTime": "0722/024711", "correlationVector":"eHaEXsTnkq2a/dQ7yJTA28","action":"SyncServerConnectionManagerRequest", "result":"SYNC_SERVER_ERROR", "context":{"environment":"", "error_type":"http_status_code", "error_value":"400", "migrationStage":"", "server":""}}
{"logTime": "0722/024711", "correlationVector":"","action":"DIAGNOSTIC_REQUEST|v1/diagnosticData/Diagnostic.SendCheckResult()|SUCCESS", "result":""}
{"logTime": "0722/024721", "correlationVector":"RAXacrojERr/RDPctSm2uK","action":"Commit Request", "result":"", "context":Item count: 1
Contributing types: Edge Hub App Usage}
{"logTime": "0722/024721", "correlationVector":"RAXacrojERr/RDPctSm2uK.1","action":"SyncServerConnectionManagerRequest", "result":"SYNC_SERVER_OK", "context":{"environment":"Prod_southeastasia_prod-s01-064-apac-southeastasia", "migrationStage":"NotStarted", "server":"akswtt00200000r"}}
{"logTime": "0722/024721", "correlationVector":"RAXacrojERr/RDPctSm2uK.2","action":"Commit Response", "result":"Success", "context":Result: Success. cV=RAXacrojERr/RDPctSm2uK.0;server=akswtt00200000r;cloudType=Consumer;environment=Prod_southeastasia_prod-s01-064-apac-southeastasia;migrationStage=NotStarted}
