{"logTime": "0722/030309", "correlationVector":"Y0S2a/t24Dr2Exb3RvvCeu.1","action":"SyncServerConnectionManagerRequest", "result":"SYNC_SERVER_OK", "context":{"environment":"Prod_southeastasia_prod-s01-064-apac-southeastasia", "migrationStage":"NotStarted", "server":"akswtt00200001i"}}
{"logTime": "0722/030309", "correlationVector":"Y0S2a/t24Dr2Exb3RvvCeu.2","action":"ProcessGetUpdates", "result":"Done", "context":{"dataType":"Encryption Keys", "deleted":"0", "process_failed_to_decrypt":"0", "process_pending_decryption":"0", "process_success":"1", "total":"1"}}
{"logTime": "0722/030310", "correlationVector":"enkPBQf9+9o0Hyz1Y8WUSt","action":"SyncServerConnectionManagerRequest", "result":"SYNC_SERVER_OK", "context":{"environment":"", "migrationStage":"", "server":""}}
{"logTime": "0722/030310", "correlationVector":"enkPBQf9+9o0Hyz1Y8WUSt.0","action":"EncryptionKeysFetcher.DownloadKeys:", "result":"Success", "context":Key count: 3, Last key timestamp: 2026-06-22T11:01:18Z}
{"logTime": "0722/030310", "correlationVector":"enkPBQf9+9o0Hyz1Y8WUSt.1","action":"EncryptionKeysManager::SetEncryptionKeys:", "result":"Success", "context":Key names[3]:[TM+Hg4PDGv+oNfPxWCvkrG1rA24WB1N8dl+Yb2pGKMabM7LSrRoa/CVTNmEOL1LrxJar+7bHomYIUL3mlddMww==][y2aRuXw8yLQcpnyyN46ZiwdAcZGcqS5beBaQOEGDHfWapKHHK+mHfoXBLDmKTAOolo6muDkoDbggiELVdDExTA==][cR72BwmGc7ZtpIFrrorIdMGPTr6kSkm/wLSMI+5mZs65+WpbhgUqdi1DPn2YS7Rjz+BG4fFaTklEAxd8oQcyhg==]}
{"logTime": "0722/030310", "correlationVector":"enkPBQf9+9o0Hyz1Y8WUSt.2","action":"EncryptionKeysManager::SetEncryptionKeysWithTimestamps:", "result":"Success", "context":Key timestamps[3]:[2025-10-03T08:25:23Z][2025-12-09T07:59:08Z][2026-06-22T11:01:18Z]}
{"logTime": "0722/030310", "correlationVector":"Y0S2a/t24Dr2Exb3RvvCeu","action":"Initial GetUpdates", "result":"", "context":Reason: NEW_CLIENT. cV=Y0S2a/t24Dr2Exb3RvvCeu}
{"logTime": "0722/030310", "correlationVector":"Y0S2a/t24Dr2Exb3RvvCeu.3","action":"GetUpdates Response", "result":"Success", "context":Received 1 update(s). cV=Y0S2a/t24Dr2Exb3RvvCeu.0;server=akswtt00200001i;cloudType=Consumer;environment=Prod_southeastasia_prod-s01-064-apac-southeastasia;migrationStage=NotStarted}
{"logTime": "0722/030310", "correlationVector":"tBxRwfaW1DtFbn6hXdds5i","action":"Initial GetUpdates", "result":"", "context":Reason: NEWLY_SUPPORTED_DATATYPE. cV=tBxRwfaW1DtFbn6hXdds5i}
{"logTime": "0722/030311", "correlationVector":"tBxRwfaW1DtFbn6hXdds5i.1","action":"SyncServerConnectionManagerRequest", "result":"SYNC_SERVER_OK", "context":{"environment":"Prod_southeastasia_prod-s01-064-apac-southeastasia", "migrationStage":"NotStarted", "server":"akswtt00200001j"}}
{"logTime": "0722/030311", "correlationVector":"tBxRwfaW1DtFbn6hXdds5i.2","action":"ProcessGetUpdates", "result":"Done", "context":{"dataType":"Passwords", "deleted":"0", "process_failed_to_decrypt":"0", "process_pending_decryption":"0", "process_success":"2", "total":"2"}}
{"logTime": "0722/030311", "correlationVector":"tBxRwfaW1DtFbn6hXdds5i.3","action":"ProcessGetUpdates", "result":"Done", "context":{"dataType":"Device Info", "deleted":"0", "process_failed_to_decrypt":"0", "process_pending_decryption":"0", "process_success":"13", "total":"13"}}
{"logTime": "0722/030311", "correlationVector":"tBxRwfaW1DtFbn6hXdds5i.4","action":"GetUpdates Response", "result":"Success", "context":Received 15 update(s). cV=tBxRwfaW1DtFbn6hXdds5i.0;server=akswtt00200001j;cloudType=Consumer;environment=Prod_southeastasia_prod-s01-064-apac-southeastasia;migrationStage=NotStarted}
{"logTime": "0722/030311", "correlationVector":"2ZdjllN6JxF2Ecy1a6IpKw","action":"Initial GetUpdates", "result":"", "context":Reason: NEWLY_SUPPORTED_DATATYPE. cV=2ZdjllN6JxF2Ecy1a6IpKw}
{"logTime": "0722/030312", "correlationVector":"2ZdjllN6JxF2Ecy1a6IpKw.1","action":"SyncServerConnectionManagerRequest", "result":"SYNC_SERVER_OK", "context":{"environment":"Prod_southeastasia_prod-s01-064-apac-southeastasia", "migrationStage":"NotStarted", "server":"akswtt002000010"}}
{"logTime": "0722/030312", "correlationVector":"2ZdjllN6JxF2Ecy1a6IpKw.2","action":"ProcessGetUpdates", "result":"Done", "context":{"dataType":"Bookmarks", "deleted":"0", "process_failed_to_decrypt":"0", "process_pending_decryption":"0", "process_success":"6", "total":"6"}}
{"logTime": "0722/030312", "correlationVector":"2ZdjllN6JxF2Ecy1a6IpKw.3","action":"ProcessGetUpdates", "result":"Done", "context":{"dataType":"Preferences", "deleted":"0", "process_failed_to_decrypt":"0", "process_pending_decryption":"0", "process_success":"42", "total":"42"}}
{"logTime": "0722/030312", "correlationVector":"2ZdjllN6JxF2Ecy1a6IpKw.4","action":"ProcessGetUpdates", "result":"Done", "context":{"dataType":"Autofill", "deleted":"0", "process_failed_to_decrypt":"0", "process_pending_decryption":"0", "process_success":"202", "total":"202"}}
{"logTime": "0722/030312", "correlationVector":"2ZdjllN6JxF2Ecy1a6IpKw.5","action":"GetUpdates Response", "result":"Success", "context":Received 250 update(s). cV=2ZdjllN6JxF2Ecy1a6IpKw.0;server=akswtt002000010;cloudType=Consumer;environment=Prod_southeastasia_prod-s01-064-apac-southeastasia;migrationStage=NotStarted Some updates remain.}
{"logTime": "0722/030312", "correlationVector":"J0Wr7h9pbB3rqJENsFdLfx","action":"Initial GetUpdates", "result":"", "context":Reason: NEWLY_SUPPORTED_DATATYPE. cV=J0Wr7h9pbB3rqJENsFdLfx}
{"logTime": "0722/030313", "correlationVector":"J0Wr7h9pbB3rqJENsFdLfx.1","action":"SyncServerConnectionManagerRequest", "result":"SYNC_SERVER_OK", "context":{"environment":"Prod_southeastasia_prod-s01-064-apac-southeastasia", "migrationStage":"NotStarted", "server":"akswtt00200001j"}}
{"logTime": "0722/030313", "correlationVector":"J0Wr7h9pbB3rqJENsFdLfx.2","action":"ProcessGetUpdates", "result":"Done", "context":{"dataType":"Preferences", "deleted":"0", "process_failed_to_decrypt":"0", "process_pending_decryption":"0", "process_success":"15", "total":"15"}}
{"logTime": "0722/030313", "correlationVector":"J0Wr7h9pbB3rqJENsFdLfx.3","action":"ProcessGetUpdates", "result":"Done", "context":{"dataType":"Autofill Profiles", "deleted":"0", "process_failed_to_decrypt":"0", "process_pending_decryption":"0", "process_success":"1", "total":"1"}}
{"logTime": "0722/030313", "correlationVector":"J0Wr7h9pbB3rqJENsFdLfx.4","action":"ProcessGetUpdates", "result":"Done", "context":{"dataType":"Autofill", "deleted":"0", "process_failed_to_decrypt":"0", "process_pending_decryption":"0", "process_success":"116", "total":"116"}}
{"logTime": "0722/030313", "correlationVector":"J0Wr7h9pbB3rqJENsFdLfx.5","action":"ProcessGetUpdates", "result":"Done", "context":{"dataType":"Sessions", "deleted":"15", "process_failed_to_decrypt":"0", "process_pending_decryption":"0", "process_success":"38", "total":"38"}}
{"logTime": "0722/030313", "correlationVector":"J0Wr7h9pbB3rqJENsFdLfx.6","action":"ProcessGetUpdates", "result":"Done", "context":{"dataType":"Edge Hub App Usage", "deleted":"8", "process_failed_to_decrypt":"0", "process_pending_decryption":"0", "process_success":"19", "total":"19"}}
{"logTime": "0722/030313", "correlationVector":"J0Wr7h9pbB3rqJENsFdLfx.7","action":"GetUpdates Response", "result":"Success", "context":Received 189 update(s). cV=J0Wr7h9pbB3rqJENsFdLfx.0;server=akswtt00200001j;cloudType=Consumer;environment=Prod_southeastasia_prod-s01-064-apac-southeastasia;migrationStage=NotStarted}
{"logTime": "0722/030313", "correlationVector":"2y/9T+L5zYse56nYzVDHR5","action":"Initial GetUpdates", "result":"", "context":Reason: NEWLY_SUPPORTED_DATATYPE. cV=2y/9T+L5zYse56nYzVDHR5}
{"logTime": "0722/030314", "correlationVector":"2y/9T+L5zYse56nYzVDHR5.1","action":"SyncServerConnectionManagerRequest", "result":"SYNC_SERVER_OK", "context":{"environment":"Prod_southeastasia_prod-s01-064-apac-southeastasia", "migrationStage":"NotStarted", "server":"akswtt00200000b"}}
{"logTime": "0722/030314", "correlationVector":"2y/9T+L5zYse56nYzVDHR5.2","action":"ProcessGetUpdates", "result":"Done", "context":{"dataType":"History", "deleted":"0", "process_failed_to_decrypt":"0", "process_pending_decryption":"0", "process_success":"25", "total":"25"}}
{"logTime": "0722/030314", "correlationVector":"2y/9T+L5zYse56nYzVDHR5.3","action":"GetUpdates Response", "result":"Success", "context":Received 25 update(s). cV=2y/9T+L5zYse56nYzVDHR5.0;server=akswtt00200000b;cloudType=Consumer;environment=Prod_southeastasia_prod-s01-064-apac-southeastasia;migrationStage=NotStarted}
{"logTime": "0722/030314", "correlationVector":"HAAZNBqkA2hQemSXo8CkJ7","action":"Normal GetUpdate request", "result":"", "context":cV=HAAZNBqkA2hQemSXo8CkJ7
Nudged types: Sessions, Device Info, User Consents
Refresh requested types: Bookmarks, Preferences, Passwords, Autofill Profiles, Autofill, Extensions, Sessions, Extension settings, History Delete Directives, Device Info, User Consents, Send Tab To Self, Web Apps, History, Saved Tab Group, WebAuthn Credentials, Edge E Drop, Edge Hub App Usage, Edge Workspace, Encryption Keys}
{"logTime": "0722/030314", "correlationVector":"HAAZNBqkA2hQemSXo8CkJ7.1","action":"SyncServerConnectionManagerRequest", "result":"SYNC_SERVER_OK", "context":{"environment":"Prod_southeastasia_prod-s01-064-apac-southeastasia", "migrationStage":"NotStarted", "server":"akswtt00200001p"}}
{"logTime": "0722/030314", "correlationVector":"HAAZNBqkA2hQemSXo8CkJ7.2","action":"GetUpdates Response", "result":"Success", "context":Received 0 update(s). cV=HAAZNBqkA2hQemSXo8CkJ7.0;server=akswtt00200001p;cloudType=Consumer;environment=Prod_southeastasia_prod-s01-064-apac-southeastasia;migrationStage=NotStarted}
{"logTime": "0722/030315", "correlationVector":"UMqYfOkhBLmATNIq3mQ3zr","action":"DoCompareDataConsistency requsted types: ", "result":"Bookmarks, Preferences, Passwords, Extensions, Extension settings, History Delete Directives, Send Tab To Self, Web Apps, History, Saved Tab Group, WebAuthn Credentials, Edge E Drop, Edge Workspace, Encryption Keys"}
{"logTime": "0722/030315", "correlationVector":"UMqYfOkhBLmATNIq3mQ3zr.0","action":"CompareDataConsistency result: ", "result":"Compare result: Encryption Keys is consistent. local entities count is: 1 local entities hash is: VXDOKZJGqACCopgHLDsAkAU9Z00="}
{"logTime": "0722/030315", "correlationVector":"UMqYfOkhBLmATNIq3mQ3zr.1","action":"CompareDataConsistency result: ", "result":"Compare result: Bookmarks is consistent. local entities count is: 0 local entities hash is: "}
{"logTime": "0722/030315", "correlationVector":"UMqYfOkhBLmATNIq3mQ3zr.2","action":"CompareDataConsistency result: ", "result":"Compare result: Preferences is consistent. local entities count is: 57 local entities hash is: Z0YFkw5XLi9M1tKE4cd2khtiyN4="}
{"logTime": "0722/030315", "correlationVector":"UMqYfOkhBLmATNIq3mQ3zr.3","action":"CompareDataConsistency result: ", "result":"Compare result: Passwords is consistent. local entities count is: 2 local entities hash is: uGYChJk16Yd2BnH0aKFFacM0NjM="}
{"logTime": "0722/030315", "correlationVector":"UMqYfOkhBLmATNIq3mQ3zr.4","action":"CompareDataConsistency result: ", "result":"Compare result: Extensions is consistent. local entities count is: 0 local entities hash is: "}
{"logTime": "0722/030315", "correlationVector":"UMqYfOkhBLmATNIq3mQ3zr.5","action":"CompareDataConsistency result: ", "result":"Compare result: Extension settings is consistent. local entities count is: 0 local entities hash is: "}
{"logTime": "0722/030315", "correlationVector":"UMqYfOkhBLmATNIq3mQ3zr.6","action":"CompareDataConsistency result: ", "result":"Compare result: History Delete Directives is consistent. local entities count is: 0 local entities hash is: "}
{"logTime": "0722/030315", "correlationVector":"UMqYfOkhBLmATNIq3mQ3zr.7","action":"CompareDataConsistency result: ", "result":"Server did not send this Send Tab To Self local entities count is: 0 local entities hash is: "}
{"logTime": "0722/030315", "correlationVector":"UMqYfOkhBLmATNIq3mQ3zr.8","action":"CompareDataConsistency result: ", "result":"Compare result: Web Apps is consistent. local entities count is: 0 local entities hash is: "}
{"logTime": "0722/030315", "correlationVector":"UMqYfOkhBLmATNIq3mQ3zr.9","action":"CompareDataConsistency result: ", "result":"Server did not send this History local entities count is: 0 local entities hash is: "}
{"logTime": "0722/030315", "correlationVector":"UMqYfOkhBLmATNIq3mQ3zr.10","action":"CompareDataConsistency result: ", "result":"Compare result: Saved Tab Group is consistent. local entities count is: 0 local entities hash is: "}
{"logTime": "0722/030315", "correlationVector":"UMqYfOkhBLmATNIq3mQ3zr.11","action":"CompareDataConsistency result: ", "result":"Server did not send this WebAuthn Credentials local entities count is: 0 local entities hash is: "}
{"logTime": "0722/030315", "correlationVector":"UMqYfOkhBLmATNIq3mQ3zr.12","action":"CompareDataConsistency result: ", "result":"Compare result: Edge E Drop is consistent. local entities count is: 0 local entities hash is: "}
{"logTime": "0722/030315", "correlationVector":"UMqYfOkhBLmATNIq3mQ3zr.13","action":"CompareDataConsistency result: ", "result":"Server did not send this Edge Workspace local entities count is: 0 local entities hash is: "}
{"logTime": "0722/030316", "correlationVector":"7EN6QE4AIES0dbvV8IeC9V","action":"Commit Request", "result":"", "context":Item count: 4
Contributing types: Sessions, Device Info, User Consents}
{"logTime": "0722/030316", "correlationVector":"7EN6QE4AIES0dbvV8IeC9V.1","action":"SyncServerConnectionManagerRequest", "result":"SYNC_SERVER_OK", "context":{"environment":"Prod_southeastasia_prod-s01-064-apac-southeastasia", "migrationStage":"NotStarted", "server":"akswtt00200001p"}}
{"logTime": "0722/030316", "correlationVector":"7EN6QE4AIES0dbvV8IeC9V.2","action":"Commit Response", "result":"Success", "context":Result: Success. cV=7EN6QE4AIES0dbvV8IeC9V.0;server=akswtt00200001p;cloudType=Consumer;environment=Prod_southeastasia_prod-s01-064-apac-southeastasia;migrationStage=NotStarted}
{"logTime": "0722/030316", "correlationVector":"","action":"DIAGNOSTIC_REQUEST|v1/diagnosticData/Diagnostic.SendCheckResult()|SUCCESS", "result":""}
{"logTime": "0722/030325", "correlationVector":"rw775ryDtxCZh+ME7r9KmS","action":"Commit Request", "result":"", "context":Item count: 1
Contributing types: Edge Hub App Usage}
{"logTime": "0722/030326", "correlationVector":"rw775ryDtxCZh+ME7r9KmS.1","action":"SyncServerConnectionManagerRequest", "result":"SYNC_SERVER_OK", "context":{"environment":"Prod_southeastasia_prod-s01-064-apac-southeastasia", "migrationStage":"NotStarted", "server":"akswtt00200001o"}}
{"logTime": "0722/030326", "correlationVector":"rw775ryDtxCZh+ME7r9KmS.2","action":"Commit Response", "result":"Success", "context":Result: Success. cV=rw775ryDtxCZh+ME7r9KmS.0;server=akswtt00200001o;cloudType=Consumer;environment=Prod_southeastasia_prod-s01-064-apac-southeastasia;migrationStage=NotStarted}
{"logTime": "0722/030404", "correlationVector":"C9ep1jkn9tt3PZ7nMrC/4Z","action":"Commit Request", "result":"", "context":Item count: 4
Contributing types: Passwords, Sessions, History}
{"logTime": "0722/030405", "correlationVector":"C9ep1jkn9tt3PZ7nMrC/4Z.1","action":"SyncServerConnectionManagerRequest", "result":"SYNC_SERVER_OK", "context":{"environment":"Prod_southeastasia_prod-s01-064-apac-southeastasia", "migrationStage":"NotStarted", "server":"akswtt00200000p"}}
{"logTime": "0722/030405", "correlationVector":"C9ep1jkn9tt3PZ7nMrC/4Z.2","action":"Commit Response", "result":"Success", "context":Result: Success. cV=C9ep1jkn9tt3PZ7nMrC/4Z.0;server=akswtt00200000p;cloudType=Consumer;environment=Prod_southeastasia_prod-s01-064-apac-southeastasia;migrationStage=NotStarted}
{"logTime": "0722/030629", "correlationVector":"0PWDPTVC0tolGKJTpfBkj8","action":"Commit Request", "result":"", "context":Item count: 3
Contributing types: Sessions, History}
{"logTime": "0722/030630", "correlationVector":"0PWDPTVC0tolGKJTpfBkj8.1","action":"SyncServerConnectionManagerRequest", "result":"SYNC_SERVER_OK", "context":{"environment":"Prod_southeastasia_prod-s01-064-apac-southeastasia", "migrationStage":"NotStarted", "server":"akswtt00200000b"}}
{"logTime": "0722/030630", "correlationVector":"0PWDPTVC0tolGKJTpfBkj8.2","action":"Commit Response", "result":"Success", "context":Result: Success. cV=0PWDPTVC0tolGKJTpfBkj8.0;server=akswtt00200000b;cloudType=Consumer;environment=Prod_southeastasia_prod-s01-064-apac-southeastasia;migrationStage=NotStarted}
{"logTime": "0722/030904", "correlationVector":"RphwE56Em5jsJyFS4REUk+","action":"Commit Request", "result":"", "context":Item count: 4
Contributing types: Sessions, History}
{"logTime": "0722/030905", "correlationVector":"RphwE56Em5jsJyFS4REUk+.1","action":"SyncServerConnectionManagerRequest", "result":"SYNC_SERVER_OK", "context":{"environment":"Prod_southeastasia_prod-s01-064-apac-southeastasia", "migrationStage":"NotStarted", "server":"akswtt00200001c"}}
{"logTime": "0722/030905", "correlationVector":"RphwE56Em5jsJyFS4REUk+.2","action":"Commit Response", "result":"Success", "context":Result: Success. cV=RphwE56Em5jsJyFS4REUk+.0;server=akswtt00200001c;cloudType=Consumer;environment=Prod_southeastasia_prod-s01-064-apac-southeastasia;migrationStage=NotStarted}
