2026-07-22 01:55:42.311: [INFO] VisibilityChanged: 0
2026-07-22 01:55:42.329: [INFO] RecordSyncInitDuration has_sync_been_enabled: 0 state: 0
2026-07-22 01:55:42.332: [INFO] RecordSyncInitDuration has_sync_been_enabled: 0 state: 0
2026-07-22 01:55:42.333: [INFO] RecordSyncInitDuration has_sync_been_enabled: 0 state: 0
2026-07-22 01:55:42.335: [INFO] RecordSyncInitDuration has_sync_been_enabled: 0 state: 0
2026-07-22 01:55:42.336: [INFO] RecordSyncInitDuration has_sync_been_enabled: 0 state: 0
2026-07-22 01:55:42.337: [INFO] RecordSyncInitDuration has_sync_been_enabled: 0 state: 0
2026-07-22 01:55:42.338: [INFO] RecordSyncInitDuration has_sync_been_enabled: 0 state: 0
2026-07-22 01:55:42.339: [INFO] RecordSyncInitDuration has_sync_been_enabled: 0 state: 0
2026-07-22 01:55:42.340: [INFO] RecordSyncInitDuration has_sync_been_enabled: 0 state: 0
2026-07-22 01:55:42.341: [INFO] RecordSyncInitDuration has_sync_been_enabled: 0 state: 0
2026-07-22 01:55:42.363: [INFO] BookmarkModelLoaded, ids_reassigned: 0
2026-07-22 01:55:42.363: [INFO] OnDoneLoading sync enabled: 0
2026-07-22 01:55:44.258: [INFO] RecordSyncInitDuration has_sync_been_enabled: 0 state: 0
2026-07-22 01:55:44.260: [INFO] RecordSyncInitDuration has_sync_been_enabled: 0 state: 3
2026-07-22 01:55:44.262: [INFO] Primary account changed.
2026-07-22 01:55:44.262: [INFO] OnPrimaryAccountChanged PrimaryAccountChangeEvent::Type::kSet
2026-07-22 01:55:44.268: [INFO] RecordSyncInitDuration has_sync_been_enabled: 0 state: 3
2026-07-22 01:55:44.278: [INFO] RecordSyncInitDuration has_sync_been_enabled: 0 state: 3
2026-07-22 01:55:50.164: [INFO] Sync initialization duration: 5826ms
