{"logTime": "0722/025024", "correlationVector":"4N4S9H6TlsxiBTSWJleJBu.1","action":"SyncServerConnectionManagerRequest", "result":"SYNC_SERVER_OK", "context":{"environment":"Prod_southeastasia_prod-s01-065-apac-southeastasia", "migrationStage":"NotStarted", "server":"akswtt00200000m"}}
{"logTime": "0722/025024", "correlationVector":"4N4S9H6TlsxiBTSWJleJBu.2","action":"ProcessGetUpdates", "result":"Done", "context":{"dataType":"Encryption Keys", "deleted":"0", "process_failed_to_decrypt":"0", "process_pending_decryption":"0", "process_success":"1", "total":"1"}}
{"logTime": "0722/025025", "correlationVector":"9SN0Neno2iZk9/xgsBkH4L","action":"SyncServerConnectionManagerRequest", "result":"SYNC_SERVER_OK", "context":{"environment":"", "migrationStage":"", "server":""}}
{"logTime": "0722/025025", "correlationVector":"9SN0Neno2iZk9/xgsBkH4L.0","action":"EncryptionKeysFetcher.DownloadKeys:", "result":"Success", "context":Key count: 3, Last key timestamp: 2026-06-22T11:01:18Z}
{"logTime": "0722/025025", "correlationVector":"9SN0Neno2iZk9/xgsBkH4L.1","action":"EncryptionKeysManager::SetEncryptionKeys:", "result":"Success", "context":Key names[3]:[TM+Hg4PDGv+oNfPxWCvkrG1rA24WB1N8dl+Yb2pGKMabM7LSrRoa/CVTNmEOL1LrxJar+7bHomYIUL3mlddMww==][y2aRuXw8yLQcpnyyN46ZiwdAcZGcqS5beBaQOEGDHfWapKHHK+mHfoXBLDmKTAOolo6muDkoDbggiELVdDExTA==][cR72BwmGc7ZtpIFrrorIdMGPTr6kSkm/wLSMI+5mZs65+WpbhgUqdi1DPn2YS7Rjz+BG4fFaTklEAxd8oQcyhg==]}
{"logTime": "0722/025025", "correlationVector":"9SN0Neno2iZk9/xgsBkH4L.2","action":"EncryptionKeysManager::SetEncryptionKeysWithTimestamps:", "result":"Success", "context":Key timestamps[3]:[2025-10-03T08:25:23Z][2025-12-09T07:59:08Z][2026-06-22T11:01:18Z]}
{"logTime": "0722/025025", "correlationVector":"4N4S9H6TlsxiBTSWJleJBu","action":"Initial GetUpdates", "result":"", "context":Reason: NEW_CLIENT. cV=4N4S9H6TlsxiBTSWJleJBu}
{"logTime": "0722/025025", "correlationVector":"4N4S9H6TlsxiBTSWJleJBu.3","action":"GetUpdates Response", "result":"Success", "context":Received 1 update(s). cV=4N4S9H6TlsxiBTSWJleJBu.0;server=akswtt00200000m;cloudType=Consumer;environment=Prod_southeastasia_prod-s01-065-apac-southeastasia;migrationStage=NotStarted}
{"logTime": "0722/025026", "correlationVector":"lgzZFZseVeUeuc5uwtRoPY","action":"Initial GetUpdates", "result":"", "context":Reason: NEWLY_SUPPORTED_DATATYPE. cV=lgzZFZseVeUeuc5uwtRoPY}
{"logTime": "0722/025027", "correlationVector":"lgzZFZseVeUeuc5uwtRoPY.1","action":"SyncServerConnectionManagerRequest", "result":"SYNC_SERVER_OK", "context":{"environment":"Prod_southeastasia_prod-s01-065-apac-southeastasia", "migrationStage":"NotStarted", "server":"akswtt00200000b"}}
{"logTime": "0722/025027", "correlationVector":"lgzZFZseVeUeuc5uwtRoPY.2","action":"ProcessGetUpdates", "result":"Done", "context":{"dataType":"Passwords", "deleted":"0", "process_failed_to_decrypt":"0", "process_pending_decryption":"0", "process_success":"2", "total":"2"}}
{"logTime": "0722/025027", "correlationVector":"lgzZFZseVeUeuc5uwtRoPY.3","action":"ProcessGetUpdates", "result":"Done", "context":{"dataType":"Device Info", "deleted":"0", "process_failed_to_decrypt":"0", "process_pending_decryption":"0", "process_success":"11", "total":"11"}}
{"logTime": "0722/025027", "correlationVector":"lgzZFZseVeUeuc5uwtRoPY.4","action":"GetUpdates Response", "result":"Success", "context":Received 13 update(s). cV=lgzZFZseVeUeuc5uwtRoPY.0;server=akswtt00200000b;cloudType=Consumer;environment=Prod_southeastasia_prod-s01-065-apac-southeastasia;migrationStage=NotStarted}
{"logTime": "0722/025028", "correlationVector":"/uPZFQryhCPfKieum7ns3V","action":"Initial GetUpdates", "result":"", "context":Reason: NEWLY_SUPPORTED_DATATYPE. cV=/uPZFQryhCPfKieum7ns3V}
{"logTime": "0722/025029", "correlationVector":"/uPZFQryhCPfKieum7ns3V.1","action":"SyncServerConnectionManagerRequest", "result":"SYNC_SERVER_OK", "context":{"environment":"Prod_southeastasia_prod-s01-065-apac-southeastasia", "migrationStage":"NotStarted", "server":"akswtt002000010"}}
{"logTime": "0722/025029", "correlationVector":"/uPZFQryhCPfKieum7ns3V.2","action":"ProcessGetUpdates", "result":"Done", "context":{"dataType":"Bookmarks", "deleted":"0", "process_failed_to_decrypt":"0", "process_pending_decryption":"0", "process_success":"6", "total":"6"}}
{"logTime": "0722/025029", "correlationVector":"/uPZFQryhCPfKieum7ns3V.3","action":"ProcessGetUpdates", "result":"Done", "context":{"dataType":"Preferences", "deleted":"0", "process_failed_to_decrypt":"0", "process_pending_decryption":"0", "process_success":"42", "total":"42"}}
{"logTime": "0722/025029", "correlationVector":"/uPZFQryhCPfKieum7ns3V.4","action":"ProcessGetUpdates", "result":"Done", "context":{"dataType":"Autofill", "deleted":"0", "process_failed_to_decrypt":"0", "process_pending_decryption":"0", "process_success":"202", "total":"202"}}
{"logTime": "0722/025029", "correlationVector":"/uPZFQryhCPfKieum7ns3V.5","action":"GetUpdates Response", "result":"Success", "context":Received 250 update(s). cV=/uPZFQryhCPfKieum7ns3V.0;server=akswtt002000010;cloudType=Consumer;environment=Prod_southeastasia_prod-s01-065-apac-southeastasia;migrationStage=NotStarted Some updates remain.}
{"logTime": "0722/025029", "correlationVector":"iOjn8ztQ7P5LQVt3QYs2kC","action":"Initial GetUpdates", "result":"", "context":Reason: NEWLY_SUPPORTED_DATATYPE. cV=iOjn8ztQ7P5LQVt3QYs2kC}
{"logTime": "0722/025029", "correlationVector":"iOjn8ztQ7P5LQVt3QYs2kC.1","action":"SyncServerConnectionManagerRequest", "result":"SYNC_SERVER_OK", "context":{"environment":"Prod_southeastasia_prod-s01-065-apac-southeastasia", "migrationStage":"NotStarted", "server":"akswtt002000005"}}
{"logTime": "0722/025029", "correlationVector":"iOjn8ztQ7P5LQVt3QYs2kC.2","action":"ProcessGetUpdates", "result":"Done", "context":{"dataType":"Preferences", "deleted":"0", "process_failed_to_decrypt":"0", "process_pending_decryption":"0", "process_success":"15", "total":"15"}}
{"logTime": "0722/025029", "correlationVector":"iOjn8ztQ7P5LQVt3QYs2kC.3","action":"ProcessGetUpdates", "result":"Done", "context":{"dataType":"Autofill Profiles", "deleted":"0", "process_failed_to_decrypt":"0", "process_pending_decryption":"0", "process_success":"1", "total":"1"}}
{"logTime": "0722/025029", "correlationVector":"iOjn8ztQ7P5LQVt3QYs2kC.4","action":"ProcessGetUpdates", "result":"Done", "context":{"dataType":"Autofill", "deleted":"0", "process_failed_to_decrypt":"0", "process_pending_decryption":"0", "process_success":"116", "total":"116"}}
{"logTime": "0722/025029", "correlationVector":"iOjn8ztQ7P5LQVt3QYs2kC.5","action":"ProcessGetUpdates", "result":"Done", "context":{"dataType":"Sessions", "deleted":"15", "process_failed_to_decrypt":"0", "process_pending_decryption":"0", "process_success":"32", "total":"32"}}
{"logTime": "0722/025029", "correlationVector":"iOjn8ztQ7P5LQVt3QYs2kC.6","action":"ProcessGetUpdates", "result":"Done", "context":{"dataType":"Edge Hub App Usage", "deleted":"8", "process_failed_to_decrypt":"0", "process_pending_decryption":"0", "process_success":"17", "total":"17"}}
{"logTime": "0722/025029", "correlationVector":"iOjn8ztQ7P5LQVt3QYs2kC.7","action":"GetUpdates Response", "result":"Success", "context":Received 181 update(s). cV=iOjn8ztQ7P5LQVt3QYs2kC.0;server=akswtt002000005;cloudType=Consumer;environment=Prod_southeastasia_prod-s01-065-apac-southeastasia;migrationStage=NotStarted}
{"logTime": "0722/025030", "correlationVector":"/hh/97SF7dsOcw8kmXwSMI","action":"Initial GetUpdates", "result":"", "context":Reason: NEWLY_SUPPORTED_DATATYPE. cV=/hh/97SF7dsOcw8kmXwSMI}
{"logTime": "0722/025030", "correlationVector":"/hh/97SF7dsOcw8kmXwSMI.1","action":"SyncServerConnectionManagerRequest", "result":"SYNC_SERVER_OK", "context":{"environment":"Prod_southeastasia_prod-s01-065-apac-southeastasia", "migrationStage":"NotStarted", "server":"akswtt00200001a"}}
{"logTime": "0722/025030", "correlationVector":"/hh/97SF7dsOcw8kmXwSMI.2","action":"ProcessGetUpdates", "result":"Done", "context":{"dataType":"History", "deleted":"0", "process_failed_to_decrypt":"0", "process_pending_decryption":"0", "process_success":"19", "total":"19"}}
{"logTime": "0722/025030", "correlationVector":"/hh/97SF7dsOcw8kmXwSMI.3","action":"GetUpdates Response", "result":"Success", "context":Received 19 update(s). cV=/hh/97SF7dsOcw8kmXwSMI.0;server=akswtt00200001a;cloudType=Consumer;environment=Prod_southeastasia_prod-s01-065-apac-southeastasia;migrationStage=NotStarted}
{"logTime": "0722/025030", "correlationVector":"ygR7bhH4Zc9tpPj5PFzpbH","action":"Normal GetUpdate request", "result":"", "context":cV=ygR7bhH4Zc9tpPj5PFzpbH
Nudged types: Sessions, Device Info, User Consents
Refresh requested types: Bookmarks, Preferences, Passwords, Autofill Profiles, Autofill, Extensions, Sessions, Extension settings, History Delete Directives, Device Info, User Consents, Send Tab To Self, Web Apps, History, Saved Tab Group, WebAuthn Credentials, Edge E Drop, Edge Hub App Usage, Edge Workspace, Encryption Keys}
{"logTime": "0722/025031", "correlationVector":"ygR7bhH4Zc9tpPj5PFzpbH.1","action":"SyncServerConnectionManagerRequest", "result":"SYNC_SERVER_OK", "context":{"environment":"Prod_southeastasia_prod-s01-065-apac-southeastasia", "migrationStage":"NotStarted", "server":"akswtt00200000l"}}
{"logTime": "0722/025031", "correlationVector":"ygR7bhH4Zc9tpPj5PFzpbH.2","action":"GetUpdates Response", "result":"Success", "context":Received 0 update(s). cV=ygR7bhH4Zc9tpPj5PFzpbH.0;server=akswtt00200000l;cloudType=Consumer;environment=Prod_southeastasia_prod-s01-065-apac-southeastasia;migrationStage=NotStarted}
{"logTime": "0722/025031", "correlationVector":"MWVFiXVg6dI4vm/JQSn/1Y","action":"DoCompareDataConsistency requsted types: ", "result":"Bookmarks, Preferences, Passwords, Extensions, Extension settings, History Delete Directives, Send Tab To Self, Web Apps, History, Saved Tab Group, WebAuthn Credentials, Edge E Drop, Edge Workspace, Encryption Keys"}
{"logTime": "0722/025031", "correlationVector":"MWVFiXVg6dI4vm/JQSn/1Y.0","action":"CompareDataConsistency result: ", "result":"Compare result: Encryption Keys is consistent. local entities count is: 1 local entities hash is: VXDOKZJGqACCopgHLDsAkAU9Z00="}
{"logTime": "0722/025031", "correlationVector":"MWVFiXVg6dI4vm/JQSn/1Y.1","action":"CompareDataConsistency result: ", "result":"Compare result: Bookmarks is consistent. local entities count is: 0 local entities hash is: "}
{"logTime": "0722/025031", "correlationVector":"MWVFiXVg6dI4vm/JQSn/1Y.2","action":"CompareDataConsistency result: ", "result":"Compare result: Preferences is consistent. local entities count is: 57 local entities hash is: Z0YFkw5XLi9M1tKE4cd2khtiyN4="}
{"logTime": "0722/025031", "correlationVector":"MWVFiXVg6dI4vm/JQSn/1Y.3","action":"CompareDataConsistency result: ", "result":"Compare result: Passwords is consistent. local entities count is: 2 local entities hash is: EmA9A/DNqpR7E/JfWq+4qP4NXv4="}
{"logTime": "0722/025031", "correlationVector":"MWVFiXVg6dI4vm/JQSn/1Y.4","action":"CompareDataConsistency result: ", "result":"Compare result: Extensions is consistent. local entities count is: 0 local entities hash is: "}
{"logTime": "0722/025031", "correlationVector":"MWVFiXVg6dI4vm/JQSn/1Y.5","action":"CompareDataConsistency result: ", "result":"Compare result: Extension settings is consistent. local entities count is: 0 local entities hash is: "}
{"logTime": "0722/025031", "correlationVector":"MWVFiXVg6dI4vm/JQSn/1Y.6","action":"CompareDataConsistency result: ", "result":"Compare result: History Delete Directives is consistent. local entities count is: 0 local entities hash is: "}
{"logTime": "0722/025031", "correlationVector":"MWVFiXVg6dI4vm/JQSn/1Y.7","action":"CompareDataConsistency result: ", "result":"Server did not send this Send Tab To Self local entities count is: 0 local entities hash is: "}
{"logTime": "0722/025031", "correlationVector":"MWVFiXVg6dI4vm/JQSn/1Y.8","action":"CompareDataConsistency result: ", "result":"Compare result: Web Apps is consistent. local entities count is: 0 local entities hash is: "}
{"logTime": "0722/025031", "correlationVector":"MWVFiXVg6dI4vm/JQSn/1Y.9","action":"CompareDataConsistency result: ", "result":"Server did not send this History local entities count is: 0 local entities hash is: "}
{"logTime": "0722/025031", "correlationVector":"MWVFiXVg6dI4vm/JQSn/1Y.10","action":"CompareDataConsistency result: ", "result":"Compare result: Saved Tab Group is consistent. local entities count is: 0 local entities hash is: "}
{"logTime": "0722/025031", "correlationVector":"MWVFiXVg6dI4vm/JQSn/1Y.11","action":"CompareDataConsistency result: ", "result":"Server did not send this WebAuthn Credentials local entities count is: 0 local entities hash is: "}
{"logTime": "0722/025031", "correlationVector":"MWVFiXVg6dI4vm/JQSn/1Y.12","action":"CompareDataConsistency result: ", "result":"Compare result: Edge E Drop is consistent. local entities count is: 0 local entities hash is: "}
{"logTime": "0722/025031", "correlationVector":"MWVFiXVg6dI4vm/JQSn/1Y.13","action":"CompareDataConsistency result: ", "result":"Server did not send this Edge Workspace local entities count is: 0 local entities hash is: "}
{"logTime": "0722/025032", "correlationVector":"iEpUrDINgglWxOo0QhafAW","action":"Commit Request", "result":"", "context":Item count: 4
Contributing types: Sessions, Device Info, User Consents}
{"logTime": "0722/025032", "correlationVector":"iEpUrDINgglWxOo0QhafAW.1","action":"SyncServerConnectionManagerRequest", "result":"SYNC_SERVER_OK", "context":{"environment":"Prod_southeastasia_prod-s01-065-apac-southeastasia", "migrationStage":"NotStarted", "server":"akswtt00200001a"}}
{"logTime": "0722/025032", "correlationVector":"iEpUrDINgglWxOo0QhafAW.2","action":"Commit Response", "result":"Success", "context":Result: Success. cV=iEpUrDINgglWxOo0QhafAW.0;server=akswtt00200001a;cloudType=Consumer;environment=Prod_southeastasia_prod-s01-065-apac-southeastasia;migrationStage=NotStarted}
{"logTime": "0722/025032", "correlationVector":"","action":"DIAGNOSTIC_REQUEST|v1/diagnosticData/Diagnostic.SendCheckResult()|SUCCESS", "result":""}
{"logTime": "0722/025043", "correlationVector":"sialmgf0PYdd0UmeR2kXL4","action":"Commit Request", "result":"", "context":Item count: 4
Contributing types: Sessions, History, Edge Hub App Usage}
{"logTime": "0722/025043", "correlationVector":"sialmgf0PYdd0UmeR2kXL4.1","action":"SyncServerConnectionManagerRequest", "result":"SYNC_SERVER_OK", "context":{"environment":"Prod_southeastasia_prod-s01-065-apac-southeastasia", "migrationStage":"NotStarted", "server":"akswtt00200001y"}}
{"logTime": "0722/025043", "correlationVector":"sialmgf0PYdd0UmeR2kXL4.2","action":"Commit Response", "result":"Success", "context":Result: Success. cV=sialmgf0PYdd0UmeR2kXL4.0;server=akswtt00200001y;cloudType=Consumer;environment=Prod_southeastasia_prod-s01-065-apac-southeastasia;migrationStage=NotStarted}
