2026-07-22 02:42:08.212: [INFO] VisibilityChanged: 0
2026-07-22 02:42:08.233: [INFO] RecordSyncInitDuration has_sync_been_enabled: 0 state: 0
2026-07-22 02:42:08.234: [INFO] RecordSyncInitDuration has_sync_been_enabled: 0 state: 0
2026-07-22 02:42:08.235: [INFO] RecordSyncInitDuration has_sync_been_enabled: 0 state: 0
2026-07-22 02:42:08.236: [INFO] RecordSyncInitDuration has_sync_been_enabled: 0 state: 0
2026-07-22 02:42:08.237: [INFO] RecordSyncInitDuration has_sync_been_enabled: 0 state: 0
2026-07-22 02:42:08.238: [INFO] RecordSyncInitDuration has_sync_been_enabled: 0 state: 0
2026-07-22 02:42:08.239: [INFO] RecordSyncInitDuration has_sync_been_enabled: 0 state: 0
2026-07-22 02:42:08.240: [INFO] RecordSyncInitDuration has_sync_been_enabled: 0 state: 0
2026-07-22 02:42:08.241: [INFO] RecordSyncInitDuration has_sync_been_enabled: 0 state: 0
2026-07-22 02:42:08.243: [INFO] RecordSyncInitDuration has_sync_been_enabled: 0 state: 0
2026-07-22 02:42:08.323: [INFO] BookmarkModelLoaded, ids_reassigned: 0
2026-07-22 02:42:08.323: [INFO] OnDoneLoading sync enabled: 0
2026-07-22 02:42:10.457: [INFO] RecordSyncInitDuration has_sync_been_enabled: 0 state: 0
2026-07-22 02:42:10.460: [INFO] RecordSyncInitDuration has_sync_been_enabled: 0 state: 3
2026-07-22 02:42:10.463: [INFO] Primary account changed.
2026-07-22 02:42:10.463: [INFO] OnPrimaryAccountChanged PrimaryAccountChangeEvent::Type::kSet
2026-07-22 02:42:10.469: [INFO] RecordSyncInitDuration has_sync_been_enabled: 0 state: 3
2026-07-22 02:42:10.482: [INFO] RecordSyncInitDuration has_sync_been_enabled: 0 state: 3
2026-07-22 02:42:16.606: [INFO] Sync initialization duration: 6043ms
