{"logTime": "0722/022605", "correlationVector":"ziGOqtTWVU2w9+nWlS53qu.1","action":"SyncServerConnectionManagerRequest", "result":"SYNC_SERVER_OK", "context":{"environment":"Prod_southeastasia_prod-s01-064-apac-southeastasia", "migrationStage":"NotStarted", "server":"akswtt00200001c"}}
{"logTime": "0722/022605", "correlationVector":"ziGOqtTWVU2w9+nWlS53qu.2","action":"ProcessGetUpdates", "result":"Done", "context":{"dataType":"Encryption Keys", "deleted":"0", "process_failed_to_decrypt":"0", "process_pending_decryption":"0", "process_success":"1", "total":"1"}}
{"logTime": "0722/022606", "correlationVector":"DQpsL4vWyQMfQDh3VFJhVQ","action":"SyncServerConnectionManagerRequest", "result":"SYNC_SERVER_OK", "context":{"environment":"", "migrationStage":"", "server":""}}
{"logTime": "0722/022606", "correlationVector":"DQpsL4vWyQMfQDh3VFJhVQ.0","action":"EncryptionKeysFetcher.DownloadKeys:", "result":"Success", "context":Key count: 3, Last key timestamp: 2026-06-22T11:01:18Z}
{"logTime": "0722/022606", "correlationVector":"DQpsL4vWyQMfQDh3VFJhVQ.1","action":"EncryptionKeysManager::SetEncryptionKeys:", "result":"Success", "context":Key names[3]:[TM+Hg4PDGv+oNfPxWCvkrG1rA24WB1N8dl+Yb2pGKMabM7LSrRoa/CVTNmEOL1LrxJar+7bHomYIUL3mlddMww==][y2aRuXw8yLQcpnyyN46ZiwdAcZGcqS5beBaQOEGDHfWapKHHK+mHfoXBLDmKTAOolo6muDkoDbggiELVdDExTA==][cR72BwmGc7ZtpIFrrorIdMGPTr6kSkm/wLSMI+5mZs65+WpbhgUqdi1DPn2YS7Rjz+BG4fFaTklEAxd8oQcyhg==]}
{"logTime": "0722/022606", "correlationVector":"DQpsL4vWyQMfQDh3VFJhVQ.2","action":"EncryptionKeysManager::SetEncryptionKeysWithTimestamps:", "result":"Success", "context":Key timestamps[3]:[2025-10-03T08:25:23Z][2025-12-09T07:59:08Z][2026-06-22T11:01:18Z]}
{"logTime": "0722/022606", "correlationVector":"ziGOqtTWVU2w9+nWlS53qu","action":"Initial GetUpdates", "result":"", "context":Reason: NEW_CLIENT. cV=ziGOqtTWVU2w9+nWlS53qu}
{"logTime": "0722/022606", "correlationVector":"ziGOqtTWVU2w9+nWlS53qu.3","action":"GetUpdates Response", "result":"Success", "context":Received 1 update(s). cV=ziGOqtTWVU2w9+nWlS53qu.0;server=akswtt00200001c;cloudType=Consumer;environment=Prod_southeastasia_prod-s01-064-apac-southeastasia;migrationStage=NotStarted}
{"logTime": "0722/022609", "correlationVector":"5AIilT4zxlFPOXsRpCu/3+","action":"Initial GetUpdates", "result":"", "context":Reason: NEWLY_SUPPORTED_DATATYPE. cV=5AIilT4zxlFPOXsRpCu/3+}
{"logTime": "0722/022609", "correlationVector":"5AIilT4zxlFPOXsRpCu/3+.1","action":"SyncServerConnectionManagerRequest", "result":"SYNC_SERVER_OK", "context":{"environment":"Prod_southeastasia_prod-s01-064-apac-southeastasia", "migrationStage":"NotStarted", "server":"akswtt00200001i"}}
{"logTime": "0722/022609", "correlationVector":"5AIilT4zxlFPOXsRpCu/3+.2","action":"ProcessGetUpdates", "result":"Done", "context":{"dataType":"Passwords", "deleted":"0", "process_failed_to_decrypt":"0", "process_pending_decryption":"0", "process_success":"2", "total":"2"}}
{"logTime": "0722/022609", "correlationVector":"5AIilT4zxlFPOXsRpCu/3+.3","action":"ProcessGetUpdates", "result":"Done", "context":{"dataType":"Device Info", "deleted":"0", "process_failed_to_decrypt":"0", "process_pending_decryption":"0", "process_success":"8", "total":"8"}}
{"logTime": "0722/022609", "correlationVector":"5AIilT4zxlFPOXsRpCu/3+.4","action":"GetUpdates Response", "result":"Success", "context":Received 10 update(s). cV=5AIilT4zxlFPOXsRpCu/3+.0;server=akswtt00200001i;cloudType=Consumer;environment=Prod_southeastasia_prod-s01-064-apac-southeastasia;migrationStage=NotStarted}
{"logTime": "0722/022609", "correlationVector":"cN8urqH2hd9z3+EFSE7+bE","action":"Initial GetUpdates", "result":"", "context":Reason: NEWLY_SUPPORTED_DATATYPE. cV=cN8urqH2hd9z3+EFSE7+bE}
{"logTime": "0722/022610", "correlationVector":"cN8urqH2hd9z3+EFSE7+bE.1","action":"SyncServerConnectionManagerRequest", "result":"SYNC_SERVER_OK", "context":{"environment":"Prod_southeastasia_prod-s01-064-apac-southeastasia", "migrationStage":"NotStarted", "server":"akswtt00200001m"}}
{"logTime": "0722/022610", "correlationVector":"cN8urqH2hd9z3+EFSE7+bE.2","action":"ProcessGetUpdates", "result":"Done", "context":{"dataType":"Bookmarks", "deleted":"0", "process_failed_to_decrypt":"0", "process_pending_decryption":"0", "process_success":"6", "total":"6"}}
{"logTime": "0722/022610", "correlationVector":"cN8urqH2hd9z3+EFSE7+bE.3","action":"ProcessGetUpdates", "result":"Done", "context":{"dataType":"Preferences", "deleted":"0", "process_failed_to_decrypt":"0", "process_pending_decryption":"0", "process_success":"42", "total":"42"}}
{"logTime": "0722/022610", "correlationVector":"cN8urqH2hd9z3+EFSE7+bE.4","action":"ProcessGetUpdates", "result":"Done", "context":{"dataType":"Autofill", "deleted":"0", "process_failed_to_decrypt":"0", "process_pending_decryption":"0", "process_success":"202", "total":"202"}}
{"logTime": "0722/022610", "correlationVector":"cN8urqH2hd9z3+EFSE7+bE.5","action":"GetUpdates Response", "result":"Success", "context":Received 250 update(s). cV=cN8urqH2hd9z3+EFSE7+bE.0;server=akswtt00200001m;cloudType=Consumer;environment=Prod_southeastasia_prod-s01-064-apac-southeastasia;migrationStage=NotStarted Some updates remain.}
{"logTime": "0722/022610", "correlationVector":"LyL6p9ry3k0F/a9mwV1xFZ","action":"Initial GetUpdates", "result":"", "context":Reason: NEWLY_SUPPORTED_DATATYPE. cV=LyL6p9ry3k0F/a9mwV1xFZ}
{"logTime": "0722/022611", "correlationVector":"LyL6p9ry3k0F/a9mwV1xFZ.1","action":"SyncServerConnectionManagerRequest", "result":"SYNC_SERVER_OK", "context":{"environment":"Prod_southeastasia_prod-s01-064-apac-southeastasia", "migrationStage":"NotStarted", "server":"akswtt00200000q"}}
{"logTime": "0722/022611", "correlationVector":"LyL6p9ry3k0F/a9mwV1xFZ.2","action":"ProcessGetUpdates", "result":"Done", "context":{"dataType":"Preferences", "deleted":"0", "process_failed_to_decrypt":"0", "process_pending_decryption":"0", "process_success":"15", "total":"15"}}
{"logTime": "0722/022611", "correlationVector":"LyL6p9ry3k0F/a9mwV1xFZ.3","action":"ProcessGetUpdates", "result":"Done", "context":{"dataType":"Autofill Profiles", "deleted":"0", "process_failed_to_decrypt":"0", "process_pending_decryption":"0", "process_success":"1", "total":"1"}}
{"logTime": "0722/022611", "correlationVector":"LyL6p9ry3k0F/a9mwV1xFZ.4","action":"ProcessGetUpdates", "result":"Done", "context":{"dataType":"Autofill", "deleted":"0", "process_failed_to_decrypt":"0", "process_pending_decryption":"0", "process_success":"116", "total":"116"}}
{"logTime": "0722/022611", "correlationVector":"LyL6p9ry3k0F/a9mwV1xFZ.5","action":"ProcessGetUpdates", "result":"Done", "context":{"dataType":"Sessions", "deleted":"15", "process_failed_to_decrypt":"0", "process_pending_decryption":"0", "process_success":"25", "total":"25"}}
{"logTime": "0722/022611", "correlationVector":"LyL6p9ry3k0F/a9mwV1xFZ.6","action":"ProcessGetUpdates", "result":"Done", "context":{"dataType":"Edge Hub App Usage", "deleted":"8", "process_failed_to_decrypt":"0", "process_pending_decryption":"0", "process_success":"14", "total":"14"}}
{"logTime": "0722/022611", "correlationVector":"LyL6p9ry3k0F/a9mwV1xFZ.7","action":"GetUpdates Response", "result":"Success", "context":Received 171 update(s). cV=LyL6p9ry3k0F/a9mwV1xFZ.0;server=akswtt00200000q;cloudType=Consumer;environment=Prod_southeastasia_prod-s01-064-apac-southeastasia;migrationStage=NotStarted}
{"logTime": "0722/022611", "correlationVector":"Vn/Bfye27Leu1YvLtfoQnF","action":"Initial GetUpdates", "result":"", "context":Reason: NEWLY_SUPPORTED_DATATYPE. cV=Vn/Bfye27Leu1YvLtfoQnF}
{"logTime": "0722/022612", "correlationVector":"Vn/Bfye27Leu1YvLtfoQnF.1","action":"SyncServerConnectionManagerRequest", "result":"SYNC_SERVER_OK", "context":{"environment":"Prod_southeastasia_prod-s01-064-apac-southeastasia", "migrationStage":"NotStarted", "server":"akswtt002000005"}}
{"logTime": "0722/022612", "correlationVector":"Vn/Bfye27Leu1YvLtfoQnF.2","action":"ProcessGetUpdates", "result":"Done", "context":{"dataType":"History", "deleted":"0", "process_failed_to_decrypt":"0", "process_pending_decryption":"0", "process_success":"13", "total":"13"}}
{"logTime": "0722/022612", "correlationVector":"Vn/Bfye27Leu1YvLtfoQnF.3","action":"GetUpdates Response", "result":"Success", "context":Received 13 update(s). cV=Vn/Bfye27Leu1YvLtfoQnF.0;server=akswtt002000005;cloudType=Consumer;environment=Prod_southeastasia_prod-s01-064-apac-southeastasia;migrationStage=NotStarted}
{"logTime": "0722/022612", "correlationVector":"Q8/LEN/XMxApIZk39Y66M5","action":"Normal GetUpdate request", "result":"", "context":cV=Q8/LEN/XMxApIZk39Y66M5
Nudged types: Sessions, Device Info, User Consents
Refresh requested types: Bookmarks, Preferences, Passwords, Autofill Profiles, Autofill, Extensions, Sessions, Extension settings, History Delete Directives, Device Info, User Consents, Send Tab To Self, Web Apps, History, Saved Tab Group, WebAuthn Credentials, Edge E Drop, Edge Hub App Usage, Edge Workspace, Encryption Keys}
{"logTime": "0722/022612", "correlationVector":"Q8/LEN/XMxApIZk39Y66M5.1","action":"SyncServerConnectionManagerRequest", "result":"SYNC_SERVER_OK", "context":{"environment":"Prod_southeastasia_prod-s01-064-apac-southeastasia", "migrationStage":"NotStarted", "server":"akswtt00200000c"}}
{"logTime": "0722/022612", "correlationVector":"Q8/LEN/XMxApIZk39Y66M5.2","action":"GetUpdates Response", "result":"Success", "context":Received 0 update(s). cV=Q8/LEN/XMxApIZk39Y66M5.0;server=akswtt00200000c;cloudType=Consumer;environment=Prod_southeastasia_prod-s01-064-apac-southeastasia;migrationStage=NotStarted}
{"logTime": "0722/022613", "correlationVector":"pxT0teyrl/crUbR0Sz5EVl","action":"DoCompareDataConsistency requsted types: ", "result":"Bookmarks, Preferences, Passwords, Extensions, Extension settings, History Delete Directives, Send Tab To Self, Web Apps, History, Saved Tab Group, WebAuthn Credentials, Edge E Drop, Edge Workspace, Encryption Keys"}
{"logTime": "0722/022613", "correlationVector":"pxT0teyrl/crUbR0Sz5EVl.0","action":"CompareDataConsistency result: ", "result":"Compare result: Encryption Keys is consistent. local entities count is: 1 local entities hash is: VXDOKZJGqACCopgHLDsAkAU9Z00="}
{"logTime": "0722/022613", "correlationVector":"pxT0teyrl/crUbR0Sz5EVl.1","action":"CompareDataConsistency result: ", "result":"Compare result: Bookmarks is consistent. local entities count is: 0 local entities hash is: "}
{"logTime": "0722/022613", "correlationVector":"pxT0teyrl/crUbR0Sz5EVl.2","action":"CompareDataConsistency result: ", "result":"Compare result: Preferences is consistent. local entities count is: 57 local entities hash is: Z0YFkw5XLi9M1tKE4cd2khtiyN4="}
{"logTime": "0722/022613", "correlationVector":"pxT0teyrl/crUbR0Sz5EVl.3","action":"CompareDataConsistency result: ", "result":"Compare result: Passwords is consistent. local entities count is: 2 local entities hash is: UH9Y9Sti8YRz7zfO2fzO/vhSrgw="}
{"logTime": "0722/022613", "correlationVector":"pxT0teyrl/crUbR0Sz5EVl.4","action":"CompareDataConsistency result: ", "result":"Compare result: Extensions is consistent. local entities count is: 0 local entities hash is: "}
{"logTime": "0722/022613", "correlationVector":"pxT0teyrl/crUbR0Sz5EVl.5","action":"CompareDataConsistency result: ", "result":"Compare result: Extension settings is consistent. local entities count is: 0 local entities hash is: "}
{"logTime": "0722/022613", "correlationVector":"pxT0teyrl/crUbR0Sz5EVl.6","action":"CompareDataConsistency result: ", "result":"Compare result: History Delete Directives is consistent. local entities count is: 0 local entities hash is: "}
{"logTime": "0722/022613", "correlationVector":"pxT0teyrl/crUbR0Sz5EVl.7","action":"CompareDataConsistency result: ", "result":"Server did not send this Send Tab To Self local entities count is: 0 local entities hash is: "}
{"logTime": "0722/022613", "correlationVector":"pxT0teyrl/crUbR0Sz5EVl.8","action":"CompareDataConsistency result: ", "result":"Compare result: Web Apps is consistent. local entities count is: 0 local entities hash is: "}
{"logTime": "0722/022613", "correlationVector":"pxT0teyrl/crUbR0Sz5EVl.9","action":"CompareDataConsistency result: ", "result":"Server did not send this History local entities count is: 0 local entities hash is: "}
{"logTime": "0722/022613", "correlationVector":"pxT0teyrl/crUbR0Sz5EVl.10","action":"CompareDataConsistency result: ", "result":"Compare result: Saved Tab Group is consistent. local entities count is: 0 local entities hash is: "}
{"logTime": "0722/022613", "correlationVector":"pxT0teyrl/crUbR0Sz5EVl.11","action":"CompareDataConsistency result: ", "result":"Server did not send this WebAuthn Credentials local entities count is: 0 local entities hash is: "}
{"logTime": "0722/022613", "correlationVector":"pxT0teyrl/crUbR0Sz5EVl.12","action":"CompareDataConsistency result: ", "result":"Compare result: Edge E Drop is consistent. local entities count is: 0 local entities hash is: "}
{"logTime": "0722/022613", "correlationVector":"pxT0teyrl/crUbR0Sz5EVl.13","action":"CompareDataConsistency result: ", "result":"Server did not send this Edge Workspace local entities count is: 0 local entities hash is: "}
{"logTime": "0722/022613", "correlationVector":"5UkYn08zx+eEtSD/jeuJKF","action":"Commit Request", "result":"", "context":Item count: 4
Contributing types: Sessions, Device Info, User Consents}
{"logTime": "0722/022614", "correlationVector":"5UkYn08zx+eEtSD/jeuJKF.1","action":"SyncServerConnectionManagerRequest", "result":"SYNC_SERVER_OK", "context":{"environment":"Prod_southeastasia_prod-s01-064-apac-southeastasia", "migrationStage":"NotStarted", "server":"akswtt00200000l"}}
{"logTime": "0722/022614", "correlationVector":"5UkYn08zx+eEtSD/jeuJKF.2","action":"Commit Response", "result":"Success", "context":Result: Success. cV=5UkYn08zx+eEtSD/jeuJKF.0;server=akswtt00200000l;cloudType=Consumer;environment=Prod_southeastasia_prod-s01-064-apac-southeastasia;migrationStage=NotStarted}
{"logTime": "0722/022614", "correlationVector":"","action":"DIAGNOSTIC_REQUEST|v1/diagnosticData/Diagnostic.SendCheckResult()|SUCCESS", "result":""}
{"logTime": "0722/022623", "correlationVector":"kr8xjN8REoggYGeu9Nm21k","action":"Commit Request", "result":"", "context":Item count: 1
Contributing types: Edge Hub App Usage}
{"logTime": "0722/022623", "correlationVector":"kr8xjN8REoggYGeu9Nm21k.1","action":"SyncServerConnectionManagerRequest", "result":"SYNC_SERVER_OK", "context":{"environment":"Prod_southeastasia_prod-s01-064-apac-southeastasia", "migrationStage":"NotStarted", "server":"akswtt002000008"}}
{"logTime": "0722/022623", "correlationVector":"kr8xjN8REoggYGeu9Nm21k.2","action":"Commit Response", "result":"Success", "context":Result: Success. cV=kr8xjN8REoggYGeu9Nm21k.0;server=akswtt002000008;cloudType=Consumer;environment=Prod_southeastasia_prod-s01-064-apac-southeastasia;migrationStage=NotStarted}
{"logTime": "0722/022702", "correlationVector":"3n5vWBTI+uYAlKwRJR2O4d","action":"Commit Request", "result":"", "context":Item count: 5
Contributing types: Passwords, Sessions, History}
{"logTime": "0722/022702", "correlationVector":"3n5vWBTI+uYAlKwRJR2O4d.1","action":"SyncServerConnectionManagerRequest", "result":"SYNC_SERVER_OK", "context":{"environment":"Prod_southeastasia_prod-s01-064-apac-southeastasia", "migrationStage":"NotStarted", "server":"akswtt00200001k"}}
{"logTime": "0722/022702", "correlationVector":"3n5vWBTI+uYAlKwRJR2O4d.2","action":"Commit Response", "result":"Success", "context":Result: Success. cV=3n5vWBTI+uYAlKwRJR2O4d.0;server=akswtt00200001k;cloudType=Consumer;environment=Prod_southeastasia_prod-s01-064-apac-southeastasia;migrationStage=NotStarted}
{"logTime": "0722/023006", "correlationVector":"SQJ+EGKxRgV5hq5/SEOS37","action":"Commit Request", "result":"", "context":Item count: 4
Contributing types: Sessions, History}
{"logTime": "0722/023008", "correlationVector":"SQJ+EGKxRgV5hq5/SEOS37.1","action":"SyncServerConnectionManagerRequest", "result":"SYNC_SERVER_OK", "context":{"environment":"Prod_southeastasia_prod-s01-065-apac-southeastasia", "migrationStage":"NotStarted", "server":"akswtt00200001x"}}
{"logTime": "0722/023008", "correlationVector":"SQJ+EGKxRgV5hq5/SEOS37.2","action":"Commit Response", "result":"Success", "context":Result: Success. cV=SQJ+EGKxRgV5hq5/SEOS37.0;server=akswtt00200001x;cloudType=Consumer;environment=Prod_southeastasia_prod-s01-065-apac-southeastasia;migrationStage=NotStarted}
{"logTime": "0722/023300", "correlationVector":"8qBGETajTqJBhyOnQulaVc","action":"Commit Request", "result":"", "context":Item count: 4
Contributing types: Sessions, History}
{"logTime": "0722/023301", "correlationVector":"8qBGETajTqJBhyOnQulaVc.1","action":"SyncServerConnectionManagerRequest", "result":"SYNC_SERVER_OK", "context":{"environment":"Prod_southeastasia_prod-s01-065-apac-southeastasia", "migrationStage":"NotStarted", "server":"akswtt002000011"}}
{"logTime": "0722/023301", "correlationVector":"8qBGETajTqJBhyOnQulaVc.2","action":"Commit Response", "result":"Success", "context":Result: Success. cV=8qBGETajTqJBhyOnQulaVc.0;server=akswtt002000011;cloudType=Consumer;environment=Prod_southeastasia_prod-s01-065-apac-southeastasia;migrationStage=NotStarted}
{"logTime": "0722/023506", "correlationVector":"aCpyDveAOYuTWE0htYUbq4","action":"Commit Request", "result":"", "context":Item count: 3
Contributing types: Sessions, History}
{"logTime": "0722/023507", "correlationVector":"aCpyDveAOYuTWE0htYUbq4.1","action":"SyncServerConnectionManagerRequest", "result":"SYNC_SERVER_OK", "context":{"environment":"Prod_southeastasia_prod-s01-065-apac-southeastasia", "migrationStage":"NotStarted", "server":"akswtt00200001a"}}
{"logTime": "0722/023507", "correlationVector":"aCpyDveAOYuTWE0htYUbq4.2","action":"Commit Response", "result":"Success", "context":Result: Success. cV=aCpyDveAOYuTWE0htYUbq4.0;server=akswtt00200001a;cloudType=Consumer;environment=Prod_southeastasia_prod-s01-065-apac-southeastasia;migrationStage=NotStarted}
