2026-07-22 04:40:44.920: [INFO] VisibilityChanged: 0
2026-07-22 04:40:44.946: [INFO] RecordSyncInitDuration has_sync_been_enabled: 0 state: 0
2026-07-22 04:40:44.948: [INFO] RecordSyncInitDuration has_sync_been_enabled: 0 state: 0
2026-07-22 04:40:44.950: [INFO] RecordSyncInitDuration has_sync_been_enabled: 0 state: 0
2026-07-22 04:40:44.951: [INFO] RecordSyncInitDuration has_sync_been_enabled: 0 state: 0
2026-07-22 04:40:44.953: [INFO] RecordSyncInitDuration has_sync_been_enabled: 0 state: 0
2026-07-22 04:40:44.954: [INFO] RecordSyncInitDuration has_sync_been_enabled: 0 state: 0
2026-07-22 04:40:44.956: [INFO] RecordSyncInitDuration has_sync_been_enabled: 0 state: 0
2026-07-22 04:40:44.957: [INFO] RecordSyncInitDuration has_sync_been_enabled: 0 state: 0
2026-07-22 04:40:44.959: [INFO] RecordSyncInitDuration has_sync_been_enabled: 0 state: 0
2026-07-22 04:40:44.960: [INFO] RecordSyncInitDuration has_sync_been_enabled: 0 state: 0
2026-07-22 04:40:44.987: [INFO] BookmarkModelLoaded, ids_reassigned: 0
2026-07-22 04:40:44.987: [INFO] OnDoneLoading sync enabled: 0
2026-07-22 04:40:46.293: [INFO] RecordSyncInitDuration has_sync_been_enabled: 0 state: 0
2026-07-22 04:40:46.299: [INFO] RecordSyncInitDuration has_sync_been_enabled: 0 state: 3
2026-07-22 04:40:46.303: [INFO] Primary account changed.
2026-07-22 04:40:46.303: [INFO] OnPrimaryAccountChanged PrimaryAccountChangeEvent::Type::kSet
2026-07-22 04:40:46.312: [INFO] RecordSyncInitDuration has_sync_been_enabled: 0 state: 3
2026-07-22 04:40:46.339: [INFO] RecordSyncInitDuration has_sync_been_enabled: 0 state: 3
2026-07-22 04:40:55.323: [INFO] Sync initialization duration: 8854ms
