{"logTime": "0722/021552", "correlationVector":"GnWnmS0MGZdP7od9Qq9Cd4.1","action":"SyncServerConnectionManagerRequest", "result":"SYNC_SERVER_OK", "context":{"environment":"Prod_southeastasia_prod-s01-065-apac-southeastasia", "migrationStage":"NotStarted", "server":"akswtt00200000w"}}
{"logTime": "0722/021552", "correlationVector":"GnWnmS0MGZdP7od9Qq9Cd4.2","action":"ProcessGetUpdates", "result":"Done", "context":{"dataType":"Encryption Keys", "deleted":"0", "process_failed_to_decrypt":"0", "process_pending_decryption":"0", "process_success":"1", "total":"1"}}
{"logTime": "0722/021554", "correlationVector":"XKWuBnFjlahvw7FYfoGSfv","action":"SyncServerConnectionManagerRequest", "result":"SYNC_SERVER_OK", "context":{"environment":"", "migrationStage":"", "server":""}}
{"logTime": "0722/021554", "correlationVector":"XKWuBnFjlahvw7FYfoGSfv.0","action":"EncryptionKeysFetcher.DownloadKeys:", "result":"Success", "context":Key count: 3, Last key timestamp: 2026-06-22T11:01:18Z}
{"logTime": "0722/021554", "correlationVector":"XKWuBnFjlahvw7FYfoGSfv.1","action":"EncryptionKeysManager::SetEncryptionKeys:", "result":"Success", "context":Key names[3]:[TM+Hg4PDGv+oNfPxWCvkrG1rA24WB1N8dl+Yb2pGKMabM7LSrRoa/CVTNmEOL1LrxJar+7bHomYIUL3mlddMww==][y2aRuXw8yLQcpnyyN46ZiwdAcZGcqS5beBaQOEGDHfWapKHHK+mHfoXBLDmKTAOolo6muDkoDbggiELVdDExTA==][cR72BwmGc7ZtpIFrrorIdMGPTr6kSkm/wLSMI+5mZs65+WpbhgUqdi1DPn2YS7Rjz+BG4fFaTklEAxd8oQcyhg==]}
{"logTime": "0722/021554", "correlationVector":"XKWuBnFjlahvw7FYfoGSfv.2","action":"EncryptionKeysManager::SetEncryptionKeysWithTimestamps:", "result":"Success", "context":Key timestamps[3]:[2025-10-03T08:25:23Z][2025-12-09T07:59:08Z][2026-06-22T11:01:18Z]}
{"logTime": "0722/021554", "correlationVector":"GnWnmS0MGZdP7od9Qq9Cd4","action":"Initial GetUpdates", "result":"", "context":Reason: NEW_CLIENT. cV=GnWnmS0MGZdP7od9Qq9Cd4}
{"logTime": "0722/021554", "correlationVector":"GnWnmS0MGZdP7od9Qq9Cd4.3","action":"GetUpdates Response", "result":"Success", "context":Received 1 update(s). cV=GnWnmS0MGZdP7od9Qq9Cd4.0;server=akswtt00200000w;cloudType=Consumer;environment=Prod_southeastasia_prod-s01-065-apac-southeastasia;migrationStage=NotStarted}
{"logTime": "0722/021555", "correlationVector":"7RFbTa3ZngBRAgzu/3WfD8","action":"Initial GetUpdates", "result":"", "context":Reason: NEWLY_SUPPORTED_DATATYPE. cV=7RFbTa3ZngBRAgzu/3WfD8}
{"logTime": "0722/021555", "correlationVector":"7RFbTa3ZngBRAgzu/3WfD8.1","action":"SyncServerConnectionManagerRequest", "result":"SYNC_SERVER_OK", "context":{"environment":"Prod_southeastasia_prod-s01-065-apac-southeastasia", "migrationStage":"NotStarted", "server":"akswtt00200000r"}}
{"logTime": "0722/021555", "correlationVector":"7RFbTa3ZngBRAgzu/3WfD8.2","action":"ProcessGetUpdates", "result":"Done", "context":{"dataType":"Passwords", "deleted":"0", "process_failed_to_decrypt":"0", "process_pending_decryption":"0", "process_success":"2", "total":"2"}}
{"logTime": "0722/021555", "correlationVector":"7RFbTa3ZngBRAgzu/3WfD8.3","action":"ProcessGetUpdates", "result":"Done", "context":{"dataType":"Device Info", "deleted":"0", "process_failed_to_decrypt":"0", "process_pending_decryption":"0", "process_success":"7", "total":"7"}}
{"logTime": "0722/021555", "correlationVector":"7RFbTa3ZngBRAgzu/3WfD8.4","action":"GetUpdates Response", "result":"Success", "context":Received 9 update(s). cV=7RFbTa3ZngBRAgzu/3WfD8.0;server=akswtt00200000r;cloudType=Consumer;environment=Prod_southeastasia_prod-s01-065-apac-southeastasia;migrationStage=NotStarted}
{"logTime": "0722/021556", "correlationVector":"qY+06wgOw468+RIw1zkU0Y","action":"Initial GetUpdates", "result":"", "context":Reason: NEWLY_SUPPORTED_DATATYPE. cV=qY+06wgOw468+RIw1zkU0Y}
{"logTime": "0722/021557", "correlationVector":"qY+06wgOw468+RIw1zkU0Y.1","action":"SyncServerConnectionManagerRequest", "result":"SYNC_SERVER_OK", "context":{"environment":"Prod_southeastasia_prod-s01-065-apac-southeastasia", "migrationStage":"NotStarted", "server":"akswtt002000012"}}
{"logTime": "0722/021557", "correlationVector":"qY+06wgOw468+RIw1zkU0Y.2","action":"ProcessGetUpdates", "result":"Done", "context":{"dataType":"Bookmarks", "deleted":"0", "process_failed_to_decrypt":"0", "process_pending_decryption":"0", "process_success":"6", "total":"6"}}
{"logTime": "0722/021557", "correlationVector":"qY+06wgOw468+RIw1zkU0Y.3","action":"ProcessGetUpdates", "result":"Done", "context":{"dataType":"Preferences", "deleted":"0", "process_failed_to_decrypt":"0", "process_pending_decryption":"0", "process_success":"42", "total":"42"}}
{"logTime": "0722/021557", "correlationVector":"qY+06wgOw468+RIw1zkU0Y.4","action":"ProcessGetUpdates", "result":"Done", "context":{"dataType":"Autofill", "deleted":"0", "process_failed_to_decrypt":"0", "process_pending_decryption":"0", "process_success":"202", "total":"202"}}
{"logTime": "0722/021557", "correlationVector":"qY+06wgOw468+RIw1zkU0Y.5","action":"GetUpdates Response", "result":"Success", "context":Received 250 update(s). cV=qY+06wgOw468+RIw1zkU0Y.0;server=akswtt002000012;cloudType=Consumer;environment=Prod_southeastasia_prod-s01-065-apac-southeastasia;migrationStage=NotStarted Some updates remain.}
{"logTime": "0722/021557", "correlationVector":"uUbImnT/s7QrlxpeQ2msUP","action":"Initial GetUpdates", "result":"", "context":Reason: NEWLY_SUPPORTED_DATATYPE. cV=uUbImnT/s7QrlxpeQ2msUP}
{"logTime": "0722/021558", "correlationVector":"uUbImnT/s7QrlxpeQ2msUP.1","action":"SyncServerConnectionManagerRequest", "result":"SYNC_SERVER_OK", "context":{"environment":"Prod_southeastasia_prod-s01-065-apac-southeastasia", "migrationStage":"NotStarted", "server":"akswtt00200001o"}}
{"logTime": "0722/021558", "correlationVector":"uUbImnT/s7QrlxpeQ2msUP.2","action":"ProcessGetUpdates", "result":"Done", "context":{"dataType":"Preferences", "deleted":"0", "process_failed_to_decrypt":"0", "process_pending_decryption":"0", "process_success":"15", "total":"15"}}
{"logTime": "0722/021558", "correlationVector":"uUbImnT/s7QrlxpeQ2msUP.3","action":"ProcessGetUpdates", "result":"Done", "context":{"dataType":"Autofill Profiles", "deleted":"0", "process_failed_to_decrypt":"0", "process_pending_decryption":"0", "process_success":"1", "total":"1"}}
{"logTime": "0722/021558", "correlationVector":"uUbImnT/s7QrlxpeQ2msUP.4","action":"ProcessGetUpdates", "result":"Done", "context":{"dataType":"Autofill", "deleted":"0", "process_failed_to_decrypt":"0", "process_pending_decryption":"0", "process_success":"116", "total":"116"}}
{"logTime": "0722/021558", "correlationVector":"uUbImnT/s7QrlxpeQ2msUP.5","action":"ProcessGetUpdates", "result":"Done", "context":{"dataType":"Sessions", "deleted":"15", "process_failed_to_decrypt":"0", "process_pending_decryption":"0", "process_success":"22", "total":"22"}}
{"logTime": "0722/021558", "correlationVector":"uUbImnT/s7QrlxpeQ2msUP.6","action":"ProcessGetUpdates", "result":"Done", "context":{"dataType":"Edge Hub App Usage", "deleted":"8", "process_failed_to_decrypt":"0", "process_pending_decryption":"0", "process_success":"13", "total":"13"}}
{"logTime": "0722/021558", "correlationVector":"uUbImnT/s7QrlxpeQ2msUP.7","action":"GetUpdates Response", "result":"Success", "context":Received 167 update(s). cV=uUbImnT/s7QrlxpeQ2msUP.0;server=akswtt00200001o;cloudType=Consumer;environment=Prod_southeastasia_prod-s01-065-apac-southeastasia;migrationStage=NotStarted}
{"logTime": "0722/021559", "correlationVector":"RujcKfNm3+iY8RdFQh+/r/","action":"Initial GetUpdates", "result":"", "context":Reason: NEWLY_SUPPORTED_DATATYPE. cV=RujcKfNm3+iY8RdFQh+/r/}
{"logTime": "0722/021559", "correlationVector":"RujcKfNm3+iY8RdFQh+/r/.1","action":"SyncServerConnectionManagerRequest", "result":"SYNC_SERVER_OK", "context":{"environment":"Prod_southeastasia_prod-s01-065-apac-southeastasia", "migrationStage":"NotStarted", "server":"akswtt00200000a"}}
{"logTime": "0722/021559", "correlationVector":"RujcKfNm3+iY8RdFQh+/r/.2","action":"ProcessGetUpdates", "result":"Done", "context":{"dataType":"History", "deleted":"0", "process_failed_to_decrypt":"0", "process_pending_decryption":"0", "process_success":"10", "total":"10"}}
{"logTime": "0722/021559", "correlationVector":"RujcKfNm3+iY8RdFQh+/r/.3","action":"GetUpdates Response", "result":"Success", "context":Received 10 update(s). cV=RujcKfNm3+iY8RdFQh+/r/.0;server=akswtt00200000a;cloudType=Consumer;environment=Prod_southeastasia_prod-s01-065-apac-southeastasia;migrationStage=NotStarted}
{"logTime": "0722/021559", "correlationVector":"3j9bB9afKU/n/iDgwbR/qy","action":"Normal GetUpdate request", "result":"", "context":cV=3j9bB9afKU/n/iDgwbR/qy
Nudged types: Sessions, Device Info, User Consents
Refresh requested types: Bookmarks, Preferences, Passwords, Autofill Profiles, Autofill, Extensions, Sessions, Extension settings, History Delete Directives, Device Info, User Consents, Send Tab To Self, Web Apps, History, Saved Tab Group, WebAuthn Credentials, Edge E Drop, Edge Hub App Usage, Edge Workspace, Encryption Keys}
{"logTime": "0722/021600", "correlationVector":"3j9bB9afKU/n/iDgwbR/qy.1","action":"SyncServerConnectionManagerRequest", "result":"SYNC_SERVER_OK", "context":{"environment":"Prod_southeastasia_prod-s01-065-apac-southeastasia", "migrationStage":"NotStarted", "server":"akswtt00200000z"}}
{"logTime": "0722/021600", "correlationVector":"3j9bB9afKU/n/iDgwbR/qy.2","action":"GetUpdates Response", "result":"Success", "context":Received 0 update(s). cV=3j9bB9afKU/n/iDgwbR/qy.0;server=akswtt00200000z;cloudType=Consumer;environment=Prod_southeastasia_prod-s01-065-apac-southeastasia;migrationStage=NotStarted}
{"logTime": "0722/021600", "correlationVector":"dAp0VCygvptQwQfKSsB1f7","action":"DoCompareDataConsistency requsted types: ", "result":"Bookmarks, Preferences, Passwords, Extensions, Extension settings, History Delete Directives, Send Tab To Self, Web Apps, History, Saved Tab Group, WebAuthn Credentials, Edge E Drop, Edge Workspace, Encryption Keys"}
{"logTime": "0722/021600", "correlationVector":"dAp0VCygvptQwQfKSsB1f7.0","action":"CompareDataConsistency result: ", "result":"Compare result: Encryption Keys is consistent. local entities count is: 1 local entities hash is: VXDOKZJGqACCopgHLDsAkAU9Z00="}
{"logTime": "0722/021600", "correlationVector":"dAp0VCygvptQwQfKSsB1f7.1","action":"CompareDataConsistency result: ", "result":"Compare result: Bookmarks is consistent. local entities count is: 0 local entities hash is: "}
{"logTime": "0722/021600", "correlationVector":"dAp0VCygvptQwQfKSsB1f7.2","action":"CompareDataConsistency result: ", "result":"Compare result: Preferences is consistent. local entities count is: 57 local entities hash is: Z0YFkw5XLi9M1tKE4cd2khtiyN4="}
{"logTime": "0722/021600", "correlationVector":"dAp0VCygvptQwQfKSsB1f7.3","action":"CompareDataConsistency result: ", "result":"Compare result: Extensions is consistent. local entities count is: 0 local entities hash is: "}
{"logTime": "0722/021600", "correlationVector":"dAp0VCygvptQwQfKSsB1f7.4","action":"CompareDataConsistency result: ", "result":"Compare result: Extension settings is consistent. local entities count is: 0 local entities hash is: "}
{"logTime": "0722/021600", "correlationVector":"dAp0VCygvptQwQfKSsB1f7.5","action":"CompareDataConsistency result: ", "result":"Compare result: History Delete Directives is consistent. local entities count is: 0 local entities hash is: "}
{"logTime": "0722/021600", "correlationVector":"dAp0VCygvptQwQfKSsB1f7.6","action":"CompareDataConsistency result: ", "result":"Server did not send this Send Tab To Self local entities count is: 0 local entities hash is: "}
{"logTime": "0722/021600", "correlationVector":"dAp0VCygvptQwQfKSsB1f7.7","action":"CompareDataConsistency result: ", "result":"Compare result: Web Apps is consistent. local entities count is: 0 local entities hash is: "}
{"logTime": "0722/021600", "correlationVector":"dAp0VCygvptQwQfKSsB1f7.8","action":"CompareDataConsistency result: ", "result":"Server did not send this History local entities count is: 0 local entities hash is: "}
{"logTime": "0722/021600", "correlationVector":"dAp0VCygvptQwQfKSsB1f7.9","action":"CompareDataConsistency result: ", "result":"Compare result: Saved Tab Group is consistent. local entities count is: 0 local entities hash is: "}
{"logTime": "0722/021600", "correlationVector":"dAp0VCygvptQwQfKSsB1f7.10","action":"CompareDataConsistency result: ", "result":"Server did not send this WebAuthn Credentials local entities count is: 0 local entities hash is: "}
{"logTime": "0722/021600", "correlationVector":"dAp0VCygvptQwQfKSsB1f7.11","action":"CompareDataConsistency result: ", "result":"Compare result: Edge E Drop is consistent. local entities count is: 0 local entities hash is: "}
{"logTime": "0722/021600", "correlationVector":"dAp0VCygvptQwQfKSsB1f7.12","action":"CompareDataConsistency result: ", "result":"Server did not send this Edge Workspace local entities count is: 0 local entities hash is: "}
{"logTime": "0722/021600", "correlationVector":"dAp0VCygvptQwQfKSsB1f7.13","action":"CompareDataConsistency result: ", "result":"Compare result: Passwords is consistent. local entities count is: 2 local entities hash is: gB5D7LQoqz8c2434dpWtojGLmVs="}
{"logTime": "0722/021601", "correlationVector":"9dSLjm5LnCQX+laC05k7zO","action":"Commit Request", "result":"", "context":Item count: 4
Contributing types: Sessions, Device Info, User Consents}
{"logTime": "0722/021602", "correlationVector":"9dSLjm5LnCQX+laC05k7zO.1","action":"SyncServerConnectionManagerRequest", "result":"SYNC_SERVER_OK", "context":{"environment":"Prod_southeastasia_prod-s01-065-apac-southeastasia", "migrationStage":"NotStarted", "server":"akswtt00200000s"}}
{"logTime": "0722/021602", "correlationVector":"9dSLjm5LnCQX+laC05k7zO.2","action":"Commit Response", "result":"Success", "context":Result: Success. cV=9dSLjm5LnCQX+laC05k7zO.0;server=akswtt00200000s;cloudType=Consumer;environment=Prod_southeastasia_prod-s01-065-apac-southeastasia;migrationStage=NotStarted}
{"logTime": "0722/021602", "correlationVector":"","action":"DIAGNOSTIC_REQUEST|v1/diagnosticData/Diagnostic.SendCheckResult()|SUCCESS", "result":""}
{"logTime": "0722/021614", "correlationVector":"pLCFB1R7zO56/nMmhShU7r","action":"Commit Request", "result":"", "context":Item count: 5
Contributing types: Sessions, History, Edge Hub App Usage}
{"logTime": "0722/021615", "correlationVector":"pLCFB1R7zO56/nMmhShU7r.1","action":"SyncServerConnectionManagerRequest", "result":"SYNC_SERVER_OK", "context":{"environment":"Prod_southeastasia_prod-s01-065-apac-southeastasia", "migrationStage":"NotStarted", "server":"akswtt00200000z"}}
{"logTime": "0722/021615", "correlationVector":"pLCFB1R7zO56/nMmhShU7r.2","action":"Commit Response", "result":"Success", "context":Result: Success. cV=pLCFB1R7zO56/nMmhShU7r.0;server=akswtt00200000z;cloudType=Consumer;environment=Prod_southeastasia_prod-s01-065-apac-southeastasia;migrationStage=NotStarted}
{"logTime": "0722/021649", "correlationVector":"Cu+TEMkSzTOAj8omhPDiZl","action":"Commit Request", "result":"", "context":Item count: 1
Contributing types: Passwords}
{"logTime": "0722/021650", "correlationVector":"Cu+TEMkSzTOAj8omhPDiZl.1","action":"SyncServerConnectionManagerRequest", "result":"SYNC_SERVER_OK", "context":{"environment":"Prod_southeastasia_prod-s01-064-apac-southeastasia", "migrationStage":"NotStarted", "server":"akswtt00200000o"}}
{"logTime": "0722/021650", "correlationVector":"Cu+TEMkSzTOAj8omhPDiZl.2","action":"Commit Response", "result":"Success", "context":Result: Success. cV=Cu+TEMkSzTOAj8omhPDiZl.0;server=akswtt00200000o;cloudType=Consumer;environment=Prod_southeastasia_prod-s01-064-apac-southeastasia;migrationStage=NotStarted}
{"logTime": "0722/022049", "correlationVector":"+NqmjHA4EKdtF6laEf/NGX","action":"Commit Request", "result":"", "context":Item count: 4
Contributing types: Sessions, History}
{"logTime": "0722/022050", "correlationVector":"+NqmjHA4EKdtF6laEf/NGX.1","action":"SyncServerConnectionManagerRequest", "result":"SYNC_SERVER_OK", "context":{"environment":"Prod_southeastasia_prod-s01-065-apac-southeastasia", "migrationStage":"NotStarted", "server":"akswtt002000009"}}
{"logTime": "0722/022050", "correlationVector":"+NqmjHA4EKdtF6laEf/NGX.2","action":"Commit Response", "result":"Success", "context":Result: Success. cV=+NqmjHA4EKdtF6laEf/NGX.0;server=akswtt002000009;cloudType=Consumer;environment=Prod_southeastasia_prod-s01-065-apac-southeastasia;migrationStage=NotStarted}
