2026-07-22 02:15:49.963: [INFO] VisibilityChanged: 0
2026-07-22 02:15:49.977: [INFO] RecordSyncInitDuration has_sync_been_enabled: 0 state: 0
2026-07-22 02:15:49.977: [INFO] RecordSyncInitDuration has_sync_been_enabled: 0 state: 0
2026-07-22 02:15:49.978: [INFO] RecordSyncInitDuration has_sync_been_enabled: 0 state: 0
2026-07-22 02:15:49.978: [INFO] RecordSyncInitDuration has_sync_been_enabled: 0 state: 0
2026-07-22 02:15:49.979: [INFO] RecordSyncInitDuration has_sync_been_enabled: 0 state: 0
2026-07-22 02:15:49.979: [INFO] RecordSyncInitDuration has_sync_been_enabled: 0 state: 0
2026-07-22 02:15:49.980: [INFO] RecordSyncInitDuration has_sync_been_enabled: 0 state: 0
2026-07-22 02:15:49.980: [INFO] RecordSyncInitDuration has_sync_been_enabled: 0 state: 0
2026-07-22 02:15:49.981: [INFO] RecordSyncInitDuration has_sync_been_enabled: 0 state: 0
2026-07-22 02:15:49.982: [INFO] RecordSyncInitDuration has_sync_been_enabled: 0 state: 0
2026-07-22 02:15:50.004: [INFO] BookmarkModelLoaded, ids_reassigned: 0
2026-07-22 02:15:50.004: [INFO] OnDoneLoading sync enabled: 0
2026-07-22 02:15:51.550: [INFO] RecordSyncInitDuration has_sync_been_enabled: 0 state: 0
2026-07-22 02:15:51.555: [INFO] RecordSyncInitDuration has_sync_been_enabled: 0 state: 3
2026-07-22 02:15:51.558: [INFO] Primary account changed.
2026-07-22 02:15:51.558: [INFO] OnPrimaryAccountChanged PrimaryAccountChangeEvent::Type::kSet
2026-07-22 02:15:51.565: [INFO] RecordSyncInitDuration has_sync_been_enabled: 0 state: 3
2026-07-22 02:15:51.593: [INFO] RecordSyncInitDuration has_sync_been_enabled: 0 state: 3
2026-07-22 02:15:59.869: [INFO] Sync initialization duration: 8185ms
